{"C:\\Projeto\\bound\\src\\App.tsx": {"path":"C:\\Projeto\\bound\\src\\App.tsx","statementMap":{"0":{"start":{"line":11,"column":8},"end":{"line":11,"column":null}},"1":{"start":{"line":11,"column":39},"end":{"line":11,"column":49}},"2":{"start":{"line":12,"column":8},"end":{"line":12,"column":null}},"3":{"start":{"line":12,"column":42},"end":{"line":12,"column":55}},"4":{"start":{"line":14,"column":2},"end":{"line":17,"column":null}},"5":{"start":{"line":15,"column":24},"end":{"line":15,"column":null}},"6":{"start":{"line":16,"column":4},"end":{"line":16,"column":null}},"7":{"start":{"line":19,"column":2},"end":{"line":42,"column":null}},"8":{"start":{"line":20,"column":4},"end":{"line":40,"column":null}},"9":{"start":{"line":44,"column":2},"end":{"line":44,"column":null}},"10":{"start":{"line":48,"column":2},"end":{"line":51,"column":null}}},"fnMap":{"0":{"name":"AuthGate","decl":{"start":{"line":10,"column":9},"end":{"line":10,"column":18}},"loc":{"start":{"line":10,"column":63},"end":{"line":45,"column":null}},"line":10},"1":{"name":"(anonymous_1)","decl":{"start":{"line":11,"column":32},"end":{"line":11,"column":33}},"loc":{"start":{"line":11,"column":39},"end":{"line":11,"column":49}},"line":11},"2":{"name":"(anonymous_2)","decl":{"start":{"line":12,"column":35},"end":{"line":12,"column":36}},"loc":{"start":{"line":12,"column":42},"end":{"line":12,"column":55}},"line":12},"3":{"name":"(anonymous_3)","decl":{"start":{"line":14,"column":12},"end":{"line":14,"column":18}},"loc":{"start":{"line":14,"column":18},"end":{"line":17,"column":5}},"line":14},"4":{"name":"App","decl":{"start":{"line":47,"column":24},"end":{"line":47,"column":30}},"loc":{"start":{"line":47,"column":30},"end":{"line":53,"column":null}},"line":47}},"branchMap":{"0":{"loc":{"start":{"line":19,"column":2},"end":{"line":42,"column":null}},"type":"if","locations":[{"start":{"line":19,"column":2},"end":{"line":42,"column":null}},{"start":{},"end":{}}],"line":19}},"s":{"0":8,"1":26,"2":8,"3":26,"4":8,"5":6,"6":6,"7":8,"8":6,"9":2,"10":6},"f":{"0":8,"1":26,"2":26,"3":6,"4":6},"b":{"0":[6,2]},"meta":{"lastBranch":1,"lastFunction":5,"lastStatement":11,"seen":{"f:10:9:10:18":0,"s:11:8:11:Infinity":0,"f:11:32:11:33":1,"s:11:39:11:49":1,"s:12:8:12:Infinity":2,"f:12:35:12:36":2,"s:12:42:12:55":3,"s:14:2:17:Infinity":4,"f:14:12:14:18":3,"s:15:24:15:Infinity":5,"s:16:4:16:Infinity":6,"b:19:2:42:Infinity:undefined:undefined:undefined:undefined":0,"s:19:2:42:Infinity":7,"s:20:4:40:Infinity":8,"s:44:2:44:Infinity":9,"f:47:24:47:30":4,"s:48:2:51:Infinity":10}}}
,"C:\\Projeto\\bound\\src\\firebase.ts": {"path":"C:\\Projeto\\bound\\src\\firebase.ts","statementMap":{"0":{"start":{"line":10,"column":23},"end":{"line":18,"column":null}},"1":{"start":{"line":20,"column":6},"end":{"line":20,"column":null}},"2":{"start":{"line":22,"column":13},"end":{"line":22,"column":null}},"3":{"start":{"line":23,"column":13},"end":{"line":23,"column":null}},"4":{"start":{"line":24,"column":13},"end":{"line":24,"column":null}}},"fnMap":{},"branchMap":{},"s":{"0":19,"1":19,"2":19,"3":19,"4":19},"f":{},"b":{},"meta":{"lastBranch":0,"lastFunction":0,"lastStatement":5,"seen":{"s:10:23:18:Infinity":0,"s:20:6:20:Infinity":1,"s:22:13:22:Infinity":2,"s:23:13:23:Infinity":3,"s:24:13:24:Infinity":4}}}
,"C:\\Projeto\\bound\\src\\components\\AuthButton.tsx": {"path":"C:\\Projeto\\bound\\src\\components\\AuthButton.tsx","statementMap":{"0":{"start":{"line":13,"column":55},"end":{"line":20,"column":null}},"1":{"start":{"line":14,"column":23},"end":{"line":19,"column":6}},"2":{"start":{"line":22,"column":2},"end":{"line":28,"column":null}},"3":{"start":{"line":23,"column":4},"end":{"line":26,"column":null}},"4":{"start":{"line":30,"column":2},"end":{"line":41,"column":null}},"5":{"start":{"line":31,"column":4},"end":{"line":39,"column":null}},"6":{"start":{"line":43,"column":2},"end":{"line":68,"column":null}},"7":{"start":{"line":72,"column":52},"end":{"line":154,"column":null}}},"fnMap":{"0":{"name":"AuthButton","decl":{"start":{"line":12,"column":24},"end":{"line":12,"column":35}},"loc":{"start":{"line":12,"column":73},"end":{"line":70,"column":null}},"line":12},"1":{"name":"(anonymous_1)","decl":{"start":{"line":14,"column":15},"end":{"line":14,"column":16}},"loc":{"start":{"line":14,"column":23},"end":{"line":19,"column":6}},"line":14}},"branchMap":{"0":{"loc":{"start":{"line":22,"column":2},"end":{"line":28,"column":null}},"type":"if","locations":[{"start":{"line":22,"column":2},"end":{"line":28,"column":null}},{"start":{},"end":{}}],"line":22},"1":{"loc":{"start":{"line":30,"column":2},"end":{"line":41,"column":null}},"type":"if","locations":[{"start":{"line":30,"column":2},"end":{"line":41,"column":null}},{"start":{},"end":{}}],"line":30},"2":{"loc":{"start":{"line":46,"column":9},"end":{"line":51,"column":null}},"type":"cond-expr","locations":[{"start":{"line":47,"column":10},"end":{"line":47,"column":null}},{"start":{"line":49,"column":10},"end":{"line":51,"column":null}}],"line":46},"3":{"loc":{"start":{"line":50,"column":14},"end":{"line":50,"column":53}},"type":"binary-expr","locations":[{"start":{"line":50,"column":14},"end":{"line":50,"column":34}},{"start":{"line":50,"column":34},"end":{"line":50,"column":48}},{"start":{"line":50,"column":48},"end":{"line":50,"column":53}}],"line":50},"4":{"loc":{"start":{"line":55,"column":13},"end":{"line":55,"column":null}},"type":"binary-expr","locations":[{"start":{"line":55,"column":13},"end":{"line":55,"column":33}},{"start":{"line":55,"column":33},"end":{"line":55,"column":47}},{"start":{"line":55,"column":47},"end":{"line":55,"column":null}}],"line":55},"5":{"loc":{"start":{"line":58,"column":13},"end":{"line":58,"column":null}},"type":"binary-expr","locations":[{"start":{"line":58,"column":13},"end":{"line":58,"column":46}},{"start":{"line":58,"column":46},"end":{"line":58,"column":null}}],"line":58},"6":{"loc":{"start":{"line":59,"column":13},"end":{"line":59,"column":null}},"type":"binary-expr","locations":[{"start":{"line":59,"column":13},"end":{"line":59,"column":45}},{"start":{"line":59,"column":45},"end":{"line":59,"column":null}}],"line":59},"7":{"loc":{"start":{"line":60,"column":13},"end":{"line":60,"column":null}},"type":"binary-expr","locations":[{"start":{"line":60,"column":13},"end":{"line":60,"column":46}},{"start":{"line":60,"column":46},"end":{"line":60,"column":null}}],"line":60},"8":{"loc":{"start":{"line":61,"column":13},"end":{"line":61,"column":null}},"type":"binary-expr","locations":[{"start":{"line":61,"column":13},"end":{"line":61,"column":47}},{"start":{"line":61,"column":47},"end":{"line":61,"column":null}}],"line":61}},"s":{"0":30,"1":90,"2":30,"3":17,"4":13,"5":2,"6":11,"7":2},"f":{"0":30,"1":90},"b":{"0":[17,13],"1":[2,11],"2":[1,10],"3":[10,2,1],"4":[30,2,1],"5":[30,1],"6":[30,1],"7":[30,1],"8":[30,8]},"meta":{"lastBranch":9,"lastFunction":2,"lastStatement":8,"seen":{"f:12:24:12:35":0,"s:13:55:20:Infinity":0,"f:14:15:14:16":1,"s:14:23:19:6":1,"b:22:2:28:Infinity:undefined:undefined:undefined:undefined":0,"s:22:2:28:Infinity":2,"s:23:4:26:Infinity":3,"b:30:2:41:Infinity:undefined:undefined:undefined:undefined":1,"s:30:2:41:Infinity":4,"s:31:4:39:Infinity":5,"s:43:2:68:Infinity":6,"b:47:10:47:Infinity:49:10:51:Infinity":2,"b:50:14:50:34:50:34:50:48:50:48:50:53":3,"b:55:13:55:33:55:33:55:47:55:47:55:Infinity":4,"b:58:13:58:46:58:46:58:Infinity":5,"b:59:13:59:45:59:45:59:Infinity":6,"b:60:13:60:46:60:46:60:Infinity":7,"b:61:13:61:47:61:47:61:Infinity":8,"s:72:52:154:Infinity":7}}}
,"C:\\Projeto\\bound\\src\\components\\CanvasEditor.tsx": {"path":"C:\\Projeto\\bound\\src\\components\\CanvasEditor.tsx","statementMap":{"0":{"start":{"line":20,"column":17},"end":{"line":20,"column":null}},"1":{"start":{"line":21,"column":17},"end":{"line":21,"column":null}},"2":{"start":{"line":22,"column":18},"end":{"line":22,"column":null}},"3":{"start":{"line":23,"column":28},"end":{"line":23,"column":null}},"4":{"start":{"line":29,"column":57},"end":{"line":657,"column":null}},"5":{"start":{"line":57,"column":2},"end":{"line":57,"column":null}},"6":{"start":{"line":59,"column":8},"end":{"line":59,"column":null}},"7":{"start":{"line":60,"column":8},"end":{"line":60,"column":null}},"8":{"start":{"line":61,"column":32},"end":{"line":61,"column":null}},"9":{"start":{"line":62,"column":24},"end":{"line":62,"column":null}},"10":{"start":{"line":63,"column":30},"end":{"line":63,"column":null}},"11":{"start":{"line":64,"column":38},"end":{"line":64,"column":null}},"12":{"start":{"line":65,"column":42},"end":{"line":65,"column":null}},"13":{"start":{"line":66,"column":46},"end":{"line":66,"column":null}},"14":{"start":{"line":67,"column":38},"end":{"line":67,"column":null}},"15":{"start":{"line":68,"column":42},"end":{"line":68,"column":null}},"16":{"start":{"line":69,"column":8},"end":{"line":69,"column":null}},"17":{"start":{"line":70,"column":8},"end":{"line":70,"column":null}},"18":{"start":{"line":72,"column":42},"end":{"line":72,"column":null}},"19":{"start":{"line":73,"column":46},"end":{"line":73,"column":null}},"20":{"start":{"line":76,"column":2},"end":{"line":92,"column":null}},"21":{"start":{"line":77,"column":22},"end":{"line":77,"column":null}},"22":{"start":{"line":78,"column":4},"end":{"line":78,"column":null}},"23":{"start":{"line":78,"column":20},"end":{"line":78,"column":null}},"24":{"start":{"line":79,"column":15},"end":{"line":84,"column":null}},"25":{"start":{"line":80,"column":32},"end":{"line":80,"column":null}},"26":{"start":{"line":81,"column":6},"end":{"line":83,"column":null}},"27":{"start":{"line":82,"column":8},"end":{"line":82,"column":null}},"28":{"start":{"line":85,"column":4},"end":{"line":85,"column":null}},"29":{"start":{"line":87,"column":4},"end":{"line":90,"column":null}},"30":{"start":{"line":91,"column":4},"end":{"line":91,"column":null}},"31":{"start":{"line":91,"column":17},"end":{"line":91,"column":null}},"32":{"start":{"line":95,"column":2},"end":{"line":106,"column":null}},"33":{"start":{"line":96,"column":4},"end":{"line":105,"column":null}},"34":{"start":{"line":97,"column":6},"end":{"line":97,"column":null}},"35":{"start":{"line":98,"column":20},"end":{"line":103,"column":null}},"36":{"start":{"line":99,"column":8},"end":{"line":99,"column":null}},"37":{"start":{"line":100,"column":8},"end":{"line":102,"column":null}},"38":{"start":{"line":101,"column":10},"end":{"line":101,"column":null}},"39":{"start":{"line":104,"column":6},"end":{"line":104,"column":null}},"40":{"start":{"line":104,"column":19},"end":{"line":104,"column":null}},"41":{"start":{"line":109,"column":2},"end":{"line":138,"column":null}},"42":{"start":{"line":110,"column":26},"end":{"line":135,"column":null}},"43":{"start":{"line":111,"column":6},"end":{"line":114,"column":null}},"44":{"start":{"line":112,"column":8},"end":{"line":112,"column":null}},"45":{"start":{"line":113,"column":8},"end":{"line":113,"column":null}},"46":{"start":{"line":115,"column":6},"end":{"line":118,"column":null}},"47":{"start":{"line":116,"column":8},"end":{"line":116,"column":null}},"48":{"start":{"line":117,"column":8},"end":{"line":117,"column":null}},"49":{"start":{"line":119,"column":6},"end":{"line":126,"column":null}},"50":{"start":{"line":120,"column":8},"end":{"line":125,"column":null}},"51":{"start":{"line":121,"column":10},"end":{"line":121,"column":null}},"52":{"start":{"line":122,"column":10},"end":{"line":124,"column":null}},"53":{"start":{"line":123,"column":12},"end":{"line":123,"column":null}},"54":{"start":{"line":127,"column":6},"end":{"line":134,"column":null}},"55":{"start":{"line":128,"column":8},"end":{"line":128,"column":null}},"56":{"start":{"line":129,"column":8},"end":{"line":129,"column":null}},"57":{"start":{"line":130,"column":8},"end":{"line":130,"column":null}},"58":{"start":{"line":131,"column":8},"end":{"line":131,"column":null}},"59":{"start":{"line":132,"column":8},"end":{"line":132,"column":null}},"60":{"start":{"line":133,"column":8},"end":{"line":133,"column":null}},"61":{"start":{"line":136,"column":4},"end":{"line":136,"column":null}},"62":{"start":{"line":137,"column":4},"end":{"line":137,"column":null}},"63":{"start":{"line":137,"column":17},"end":{"line":137,"column":null}},"64":{"start":{"line":141,"column":2},"end":{"line":177,"column":null}},"65":{"start":{"line":142,"column":22},"end":{"line":142,"column":null}},"66":{"start":{"line":143,"column":4},"end":{"line":143,"column":null}},"67":{"start":{"line":143,"column":20},"end":{"line":143,"column":null}},"68":{"start":{"line":145,"column":24},"end":{"line":173,"column":null}},"69":{"start":{"line":146,"column":6},"end":{"line":146,"column":null}},"70":{"start":{"line":146,"column":36},"end":{"line":146,"column":null}},"71":{"start":{"line":147,"column":6},"end":{"line":147,"column":null}},"72":{"start":{"line":149,"column":20},"end":{"line":149,"column":null}},"73":{"start":{"line":150,"column":6},"end":{"line":150,"column":null}},"74":{"start":{"line":150,"column":18},"end":{"line":150,"column":null}},"75":{"start":{"line":152,"column":23},"end":{"line":152,"column":null}},"76":{"start":{"line":153,"column":22},"end":{"line":153,"column":null}},"77":{"start":{"line":154,"column":6},"end":{"line":154,"column":null}},"78":{"start":{"line":154,"column":20},"end":{"line":154,"column":null}},"79":{"start":{"line":156,"column":24},"end":{"line":156,"column":null}},"80":{"start":{"line":157,"column":23},"end":{"line":159,"column":null}},"81":{"start":{"line":162,"column":27},"end":{"line":165,"column":null}},"82":{"start":{"line":166,"column":21},"end":{"line":169,"column":null}},"83":{"start":{"line":171,"column":6},"end":{"line":171,"column":null}},"84":{"start":{"line":172,"column":6},"end":{"line":172,"column":null}},"85":{"start":{"line":175,"column":4},"end":{"line":175,"column":null}},"86":{"start":{"line":176,"column":4},"end":{"line":176,"column":null}},"87":{"start":{"line":176,"column":17},"end":{"line":176,"column":null}},"88":{"start":{"line":180,"column":8},"end":{"line":189,"column":null}},"89":{"start":{"line":181,"column":18},"end":{"line":181,"column":null}},"90":{"start":{"line":182,"column":4},"end":{"line":182,"column":null}},"91":{"start":{"line":182,"column":16},"end":{"line":182,"column":null}},"92":{"start":{"line":183,"column":16},"end":{"line":183,"column":null}},"93":{"start":{"line":184,"column":4},"end":{"line":184,"column":null}},"94":{"start":{"line":184,"column":14},"end":{"line":184,"column":null}},"95":{"start":{"line":185,"column":4},"end":{"line":188,"column":null}},"96":{"start":{"line":192,"column":8},"end":{"line":260,"column":null}},"97":{"start":{"line":194,"column":6},"end":{"line":194,"column":null}},"98":{"start":{"line":194,"column":28},"end":{"line":194,"column":null}},"99":{"start":{"line":195,"column":18},"end":{"line":195,"column":null}},"100":{"start":{"line":196,"column":6},"end":{"line":196,"column":null}},"101":{"start":{"line":196,"column":16},"end":{"line":196,"column":null}},"102":{"start":{"line":198,"column":29},"end":{"line":199,"column":null}},"103":{"start":{"line":201,"column":6},"end":{"line":231,"column":null}},"104":{"start":{"line":202,"column":8},"end":{"line":229,"column":null}},"105":{"start":{"line":203,"column":10},"end":{"line":205,"column":null}},"106":{"start":{"line":204,"column":12},"end":{"line":204,"column":null}},"107":{"start":{"line":207,"column":10},"end":{"line":207,"column":null}},"108":{"start":{"line":208,"column":10},"end":{"line":208,"column":null}},"109":{"start":{"line":211,"column":40},"end":{"line":211,"column":null}},"110":{"start":{"line":213,"column":10},"end":{"line":220,"column":null}},"111":{"start":{"line":214,"column":27},"end":{"line":214,"column":null}},"112":{"start":{"line":215,"column":12},"end":{"line":218,"column":null}},"113":{"start":{"line":215,"column":45},"end":{"line":215,"column":60}},"114":{"start":{"line":216,"column":14},"end":{"line":216,"column":null}},"115":{"start":{"line":217,"column":14},"end":{"line":217,"column":null}},"116":{"start":{"line":219,"column":12},"end":{"line":219,"column":null}},"117":{"start":{"line":221,"column":10},"end":{"line":228,"column":null}},"118":{"start":{"line":222,"column":32},"end":{"line":222,"column":null}},"119":{"start":{"line":223,"column":12},"end":{"line":227,"column":null}},"120":{"start":{"line":224,"column":14},"end":{"line":224,"column":null}},"121":{"start":{"line":226,"column":14},"end":{"line":226,"column":null}},"122":{"start":{"line":230,"column":8},"end":{"line":230,"column":null}},"123":{"start":{"line":233,"column":6},"end":{"line":235,"column":null}},"124":{"start":{"line":234,"column":8},"end":{"line":234,"column":null}},"125":{"start":{"line":237,"column":6},"end":{"line":246,"column":null}},"126":{"start":{"line":238,"column":8},"end":{"line":245,"column":null}},"127":{"start":{"line":239,"column":10},"end":{"line":239,"column":null}},"128":{"start":{"line":240,"column":10},"end":{"line":240,"column":null}},"129":{"start":{"line":241,"column":10},"end":{"line":241,"column":null}},"130":{"start":{"line":243,"column":10},"end":{"line":243,"column":null}},"131":{"start":{"line":244,"column":10},"end":{"line":244,"column":null}},"132":{"start":{"line":248,"column":6},"end":{"line":257,"column":null}},"133":{"start":{"line":249,"column":29},"end":{"line":253,"column":null}},"134":{"start":{"line":250,"column":22},"end":{"line":250,"column":null}},"135":{"start":{"line":251,"column":22},"end":{"line":251,"column":null}},"136":{"start":{"line":252,"column":10},"end":{"line":252,"column":null}},"137":{"start":{"line":254,"column":8},"end":{"line":256,"column":null}},"138":{"start":{"line":255,"column":10},"end":{"line":255,"column":null}},"139":{"start":{"line":262,"column":8},"end":{"line":274,"column":null}},"140":{"start":{"line":263,"column":16},"end":{"line":263,"column":null}},"141":{"start":{"line":264,"column":4},"end":{"line":264,"column":null}},"142":{"start":{"line":264,"column":14},"end":{"line":264,"column":null}},"143":{"start":{"line":267,"column":4},"end":{"line":270,"column":null}},"144":{"start":{"line":268,"column":6},"end":{"line":268,"column":null}},"145":{"start":{"line":269,"column":6},"end":{"line":269,"column":null}},"146":{"start":{"line":272,"column":4},"end":{"line":272,"column":null}},"147":{"start":{"line":272,"column":23},"end":{"line":272,"column":null}},"148":{"start":{"line":273,"column":4},"end":{"line":273,"column":null}},"149":{"start":{"line":276,"column":8},"end":{"line":343,"column":null}},"150":{"start":{"line":278,"column":4},"end":{"line":313,"column":null}},"151":{"start":{"line":279,"column":17},"end":{"line":279,"column":null}},"152":{"start":{"line":280,"column":17},"end":{"line":280,"column":null}},"153":{"start":{"line":281,"column":17},"end":{"line":281,"column":null}},"154":{"start":{"line":282,"column":17},"end":{"line":282,"column":null}},"155":{"start":{"line":284,"column":16},"end":{"line":284,"column":null}},"156":{"start":{"line":285,"column":16},"end":{"line":285,"column":null}},"157":{"start":{"line":287,"column":6},"end":{"line":308,"column":null}},"158":{"start":{"line":289,"column":25},"end":{"line":295,"column":null}},"159":{"start":{"line":290,"column":21},"end":{"line":290,"column":null}},"160":{"start":{"line":291,"column":21},"end":{"line":291,"column":null}},"161":{"start":{"line":292,"column":21},"end":{"line":292,"column":null}},"162":{"start":{"line":293,"column":21},"end":{"line":293,"column":null}},"163":{"start":{"line":294,"column":10},"end":{"line":294,"column":null}},"164":{"start":{"line":297,"column":23},"end":{"line":297,"column":null}},"165":{"start":{"line":297,"column":43},"end":{"line":297,"column":47}},"166":{"start":{"line":298,"column":28},"end":{"line":298,"column":null}},"167":{"start":{"line":299,"column":8},"end":{"line":307,"column":null}},"168":{"start":{"line":301,"column":10},"end":{"line":304,"column":null}},"169":{"start":{"line":302,"column":29},"end":{"line":302,"column":null}},"170":{"start":{"line":303,"column":12},"end":{"line":303,"column":null}},"171":{"start":{"line":306,"column":10},"end":{"line":306,"column":null}},"172":{"start":{"line":310,"column":6},"end":{"line":310,"column":null}},"173":{"start":{"line":311,"column":6},"end":{"line":311,"column":null}},"174":{"start":{"line":312,"column":6},"end":{"line":312,"column":null}},"175":{"start":{"line":315,"column":4},"end":{"line":315,"column":null}},"176":{"start":{"line":315,"column":26},"end":{"line":315,"column":null}},"177":{"start":{"line":316,"column":4},"end":{"line":316,"column":null}},"178":{"start":{"line":316,"column":42},"end":{"line":316,"column":null}},"179":{"start":{"line":318,"column":21},"end":{"line":318,"column":null}},"180":{"start":{"line":319,"column":22},"end":{"line":319,"column":null}},"181":{"start":{"line":321,"column":4},"end":{"line":339,"column":null}},"182":{"start":{"line":322,"column":57},"end":{"line":327,"column":null}},"183":{"start":{"line":329,"column":24},"end":{"line":329,"column":null}},"184":{"start":{"line":330,"column":6},"end":{"line":338,"column":null}},"185":{"start":{"line":331,"column":22},"end":{"line":336,"column":null}},"186":{"start":{"line":337,"column":8},"end":{"line":337,"column":null}},"187":{"start":{"line":341,"column":4},"end":{"line":341,"column":null}},"188":{"start":{"line":342,"column":4},"end":{"line":342,"column":null}},"189":{"start":{"line":345,"column":8},"end":{"line":363,"column":null}},"190":{"start":{"line":347,"column":6},"end":{"line":356,"column":null}},"191":{"start":{"line":348,"column":8},"end":{"line":348,"column":null}},"192":{"start":{"line":349,"column":21},"end":{"line":349,"column":null}},"193":{"start":{"line":350,"column":8},"end":{"line":353,"column":null}},"194":{"start":{"line":351,"column":24},"end":{"line":351,"column":null}},"195":{"start":{"line":352,"column":10},"end":{"line":352,"column":null}},"196":{"start":{"line":354,"column":8},"end":{"line":354,"column":null}},"197":{"start":{"line":355,"column":8},"end":{"line":355,"column":null}},"198":{"start":{"line":357,"column":6},"end":{"line":360,"column":null}},"199":{"start":{"line":358,"column":8},"end":{"line":358,"column":null}},"200":{"start":{"line":359,"column":8},"end":{"line":359,"column":null}},"201":{"start":{"line":365,"column":8},"end":{"line":392,"column":null}},"202":{"start":{"line":366,"column":4},"end":{"line":369,"column":null}},"203":{"start":{"line":367,"column":6},"end":{"line":367,"column":null}},"204":{"start":{"line":367,"column":23},"end":{"line":367,"column":54}},"205":{"start":{"line":368,"column":6},"end":{"line":368,"column":null}},"206":{"start":{"line":371,"column":26},"end":{"line":371,"column":null}},"207":{"start":{"line":372,"column":4},"end":{"line":383,"column":null}},"208":{"start":{"line":373,"column":6},"end":{"line":381,"column":null}},"209":{"start":{"line":374,"column":21},"end":{"line":374,"column":null}},"210":{"start":{"line":375,"column":8},"end":{"line":378,"column":null}},"211":{"start":{"line":376,"column":24},"end":{"line":376,"column":null}},"212":{"start":{"line":377,"column":10},"end":{"line":377,"column":null}},"213":{"start":{"line":379,"column":8},"end":{"line":379,"column":null}},"214":{"start":{"line":380,"column":8},"end":{"line":380,"column":null}},"215":{"start":{"line":382,"column":6},"end":{"line":382,"column":null}},"216":{"start":{"line":385,"column":17},"end":{"line":385,"column":null}},"217":{"start":{"line":386,"column":4},"end":{"line":389,"column":null}},"218":{"start":{"line":387,"column":20},"end":{"line":387,"column":null}},"219":{"start":{"line":388,"column":6},"end":{"line":388,"column":null}},"220":{"start":{"line":390,"column":4},"end":{"line":390,"column":null}},"221":{"start":{"line":391,"column":4},"end":{"line":391,"column":null}},"222":{"start":{"line":394,"column":8},"end":{"line":406,"column":null}},"223":{"start":{"line":396,"column":6},"end":{"line":403,"column":null}},"224":{"start":{"line":397,"column":28},"end":{"line":397,"column":null}},"225":{"start":{"line":398,"column":8},"end":{"line":402,"column":null}},"226":{"start":{"line":399,"column":10},"end":{"line":399,"column":null}},"227":{"start":{"line":401,"column":10},"end":{"line":401,"column":null}},"228":{"start":{"line":408,"column":8},"end":{"line":413,"column":null}},"229":{"start":{"line":410,"column":6},"end":{"line":410,"column":null}},"230":{"start":{"line":415,"column":8},"end":{"line":421,"column":null}},"231":{"start":{"line":417,"column":6},"end":{"line":417,"column":null}},"232":{"start":{"line":418,"column":6},"end":{"line":418,"column":null}},"233":{"start":{"line":424,"column":8},"end":{"line":432,"column":null}},"234":{"start":{"line":426,"column":6},"end":{"line":426,"column":null}},"235":{"start":{"line":427,"column":6},"end":{"line":429,"column":null}},"236":{"start":{"line":428,"column":8},"end":{"line":428,"column":null}},"237":{"start":{"line":434,"column":8},"end":{"line":442,"column":null}},"238":{"start":{"line":436,"column":6},"end":{"line":436,"column":null}},"239":{"start":{"line":437,"column":6},"end":{"line":439,"column":null}},"240":{"start":{"line":438,"column":8},"end":{"line":438,"column":null}},"241":{"start":{"line":444,"column":8},"end":{"line":452,"column":null}},"242":{"start":{"line":446,"column":6},"end":{"line":446,"column":null}},"243":{"start":{"line":447,"column":6},"end":{"line":449,"column":null}},"244":{"start":{"line":448,"column":8},"end":{"line":448,"column":null}},"245":{"start":{"line":454,"column":8},"end":{"line":462,"column":null}},"246":{"start":{"line":456,"column":6},"end":{"line":456,"column":null}},"247":{"start":{"line":457,"column":6},"end":{"line":459,"column":null}},"248":{"start":{"line":458,"column":8},"end":{"line":458,"column":null}},"249":{"start":{"line":464,"column":24},"end":{"line":491,"column":null}},"250":{"start":{"line":465,"column":4},"end":{"line":465,"column":null}},"251":{"start":{"line":465,"column":42},"end":{"line":465,"column":null}},"252":{"start":{"line":466,"column":14},"end":{"line":466,"column":null}},"253":{"start":{"line":467,"column":14},"end":{"line":467,"column":null}},"254":{"start":{"line":468,"column":14},"end":{"line":468,"column":null}},"255":{"start":{"line":469,"column":14},"end":{"line":469,"column":null}},"256":{"start":{"line":470,"column":25},"end":{"line":476,"column":null}},"257":{"start":{"line":477,"column":4},"end":{"line":490,"column":null}},"258":{"start":{"line":479,"column":8},"end":{"line":479,"column":null}},"259":{"start":{"line":481,"column":8},"end":{"line":481,"column":null}},"260":{"start":{"line":483,"column":8},"end":{"line":483,"column":null}},"261":{"start":{"line":485,"column":8},"end":{"line":485,"column":null}},"262":{"start":{"line":487,"column":8},"end":{"line":487,"column":null}},"263":{"start":{"line":489,"column":8},"end":{"line":489,"column":null}},"264":{"start":{"line":494,"column":30},"end":{"line":513,"column":null}},"265":{"start":{"line":495,"column":4},"end":{"line":495,"column":null}},"266":{"start":{"line":495,"column":46},"end":{"line":495,"column":null}},"267":{"start":{"line":496,"column":14},"end":{"line":496,"column":null}},"268":{"start":{"line":497,"column":14},"end":{"line":497,"column":null}},"269":{"start":{"line":498,"column":14},"end":{"line":498,"column":null}},"270":{"start":{"line":499,"column":14},"end":{"line":499,"column":null}},"271":{"start":{"line":500,"column":4},"end":{"line":511,"column":null}},"272":{"start":{"line":515,"column":20},"end":{"line":522,"column":null}},"273":{"start":{"line":516,"column":4},"end":{"line":521,"column":null}},"274":{"start":{"line":517,"column":28},"end":{"line":517,"column":null}},"275":{"start":{"line":518,"column":28},"end":{"line":518,"column":null}},"276":{"start":{"line":519,"column":26},"end":{"line":519,"column":null}},"277":{"start":{"line":520,"column":15},"end":{"line":520,"column":null}},"278":{"start":{"line":525,"column":24},"end":{"line":528,"column":null}},"279":{"start":{"line":530,"column":22},"end":{"line":530,"column":null}},"280":{"start":{"line":532,"column":2},"end":{"line":655,"column":null}},"281":{"start":{"line":563,"column":14},"end":{"line":571,"column":null}},"282":{"start":{"line":568,"column":33},"end":{"line":568,"column":null}},"283":{"start":{"line":569,"column":39},"end":{"line":569,"column":null}},"284":{"start":{"line":570,"column":36},"end":{"line":570,"column":null}},"285":{"start":{"line":584,"column":29},"end":{"line":584,"column":null}},"286":{"start":{"line":587,"column":32},"end":{"line":587,"column":null}},"287":{"start":{"line":588,"column":30},"end":{"line":588,"column":null}},"288":{"start":{"line":589,"column":28},"end":{"line":589,"column":null}},"289":{"start":{"line":629,"column":29},"end":{"line":629,"column":null}},"290":{"start":{"line":629,"column":45},"end":{"line":629,"column":78}},"291":{"start":{"line":637,"column":29},"end":{"line":637,"column":null}},"292":{"start":{"line":637,"column":45},"end":{"line":637,"column":78}},"293":{"start":{"line":644,"column":31},"end":{"line":644,"column":44}},"294":{"start":{"line":644,"column":44},"end":{"line":644,"column":73}},"295":{"start":{"line":659,"column":52},"end":{"line":712,"column":null}}},"fnMap":{"0":{"name":"(anonymous_0)","decl":{"start":{"line":29,"column":57},"end":{"line":29,"column":58}},"loc":{"start":{"line":31,"column":6},"end":{"line":657,"column":null}},"line":31},"1":{"name":"(anonymous_1)","decl":{"start":{"line":76,"column":12},"end":{"line":76,"column":18}},"loc":{"start":{"line":76,"column":18},"end":{"line":92,"column":5}},"line":76},"2":{"name":"(anonymous_2)","decl":{"start":{"line":79,"column":34},"end":{"line":79,"column":35}},"loc":{"start":{"line":79,"column":47},"end":{"line":84,"column":5}},"line":79},"3":{"name":"(anonymous_3)","decl":{"start":{"line":91,"column":11},"end":{"line":91,"column":17}},"loc":{"start":{"line":91,"column":17},"end":{"line":91,"column":null}},"line":91},"4":{"name":"(anonymous_4)","decl":{"start":{"line":95,"column":12},"end":{"line":95,"column":18}},"loc":{"start":{"line":95,"column":18},"end":{"line":106,"column":5}},"line":95},"5":{"name":"(anonymous_5)","decl":{"start":{"line":98,"column":31},"end":{"line":98,"column":37}},"loc":{"start":{"line":98,"column":37},"end":{"line":103,"column":9}},"line":98},"6":{"name":"(anonymous_6)","decl":{"start":{"line":100,"column":19},"end":{"line":100,"column":25}},"loc":{"start":{"line":100,"column":25},"end":{"line":102,"column":11}},"line":100},"7":{"name":"(anonymous_7)","decl":{"start":{"line":104,"column":13},"end":{"line":104,"column":19}},"loc":{"start":{"line":104,"column":19},"end":{"line":104,"column":null}},"line":104},"8":{"name":"(anonymous_8)","decl":{"start":{"line":109,"column":12},"end":{"line":109,"column":18}},"loc":{"start":{"line":109,"column":18},"end":{"line":138,"column":5}},"line":109},"9":{"name":"(anonymous_9)","decl":{"start":{"line":110,"column":26},"end":{"line":110,"column":27}},"loc":{"start":{"line":110,"column":48},"end":{"line":135,"column":null}},"line":110},"10":{"name":"(anonymous_10)","decl":{"start":{"line":137,"column":11},"end":{"line":137,"column":17}},"loc":{"start":{"line":137,"column":17},"end":{"line":137,"column":null}},"line":137},"11":{"name":"(anonymous_11)","decl":{"start":{"line":141,"column":12},"end":{"line":141,"column":18}},"loc":{"start":{"line":141,"column":18},"end":{"line":177,"column":5}},"line":141},"12":{"name":"(anonymous_12)","decl":{"start":{"line":145,"column":24},"end":{"line":145,"column":25}},"loc":{"start":{"line":145,"column":43},"end":{"line":173,"column":null}},"line":145},"13":{"name":"(anonymous_13)","decl":{"start":{"line":176,"column":11},"end":{"line":176,"column":17}},"loc":{"start":{"line":176,"column":17},"end":{"line":176,"column":null}},"line":176},"14":{"name":"(anonymous_14)","decl":{"start":{"line":180,"column":41},"end":{"line":180,"column":64}},"loc":{"start":{"line":180,"column":64},"end":{"line":189,"column":5}},"line":180},"15":{"name":"(anonymous_15)","decl":{"start":{"line":193,"column":4},"end":{"line":193,"column":5}},"loc":{"start":{"line":193,"column":47},"end":{"line":258,"column":null}},"line":193},"16":{"name":"(anonymous_16)","decl":{"start":{"line":215,"column":38},"end":{"line":215,"column":39}},"loc":{"start":{"line":215,"column":45},"end":{"line":215,"column":60}},"line":215},"17":{"name":"(anonymous_17)","decl":{"start":{"line":249,"column":41},"end":{"line":249,"column":42}},"loc":{"start":{"line":249,"column":48},"end":{"line":253,"column":9}},"line":249},"18":{"name":"(anonymous_18)","decl":{"start":{"line":262,"column":38},"end":{"line":262,"column":44}},"loc":{"start":{"line":262,"column":44},"end":{"line":274,"column":5}},"line":262},"19":{"name":"(anonymous_19)","decl":{"start":{"line":276,"column":36},"end":{"line":276,"column":37}},"loc":{"start":{"line":276,"column":80},"end":{"line":343,"column":5}},"line":276},"20":{"name":"(anonymous_20)","decl":{"start":{"line":289,"column":39},"end":{"line":289,"column":40}},"loc":{"start":{"line":289,"column":46},"end":{"line":295,"column":9}},"line":289},"21":{"name":"(anonymous_21)","decl":{"start":{"line":297,"column":36},"end":{"line":297,"column":37}},"loc":{"start":{"line":297,"column":43},"end":{"line":297,"column":47}},"line":297},"22":{"name":"(anonymous_22)","decl":{"start":{"line":301,"column":30},"end":{"line":301,"column":31}},"loc":{"start":{"line":301,"column":40},"end":{"line":304,"column":11}},"line":301},"23":{"name":"(anonymous_23)","decl":{"start":{"line":346,"column":4},"end":{"line":346,"column":5}},"loc":{"start":{"line":346,"column":53},"end":{"line":361,"column":null}},"line":346},"24":{"name":"(anonymous_24)","decl":{"start":{"line":365,"column":42},"end":{"line":365,"column":43}},"loc":{"start":{"line":365,"column":88},"end":{"line":392,"column":5}},"line":365},"25":{"name":"(anonymous_25)","decl":{"start":{"line":367,"column":17},"end":{"line":367,"column":23}},"loc":{"start":{"line":367,"column":23},"end":{"line":367,"column":54}},"line":367},"26":{"name":"(anonymous_26)","decl":{"start":{"line":373,"column":17},"end":{"line":373,"column":23}},"loc":{"start":{"line":373,"column":23},"end":{"line":381,"column":9}},"line":373},"27":{"name":"(anonymous_27)","decl":{"start":{"line":395,"column":4},"end":{"line":395,"column":5}},"loc":{"start":{"line":395,"column":84},"end":{"line":404,"column":null}},"line":395},"28":{"name":"(anonymous_28)","decl":{"start":{"line":409,"column":4},"end":{"line":409,"column":5}},"loc":{"start":{"line":409,"column":61},"end":{"line":411,"column":null}},"line":409},"29":{"name":"(anonymous_29)","decl":{"start":{"line":416,"column":4},"end":{"line":416,"column":5}},"loc":{"start":{"line":416,"column":45},"end":{"line":419,"column":null}},"line":416},"30":{"name":"(anonymous_30)","decl":{"start":{"line":425,"column":4},"end":{"line":425,"column":5}},"loc":{"start":{"line":425,"column":23},"end":{"line":430,"column":null}},"line":425},"31":{"name":"(anonymous_31)","decl":{"start":{"line":435,"column":4},"end":{"line":435,"column":5}},"loc":{"start":{"line":435,"column":23},"end":{"line":440,"column":null}},"line":435},"32":{"name":"(anonymous_32)","decl":{"start":{"line":445,"column":4},"end":{"line":445,"column":5}},"loc":{"start":{"line":445,"column":23},"end":{"line":450,"column":null}},"line":445},"33":{"name":"(anonymous_33)","decl":{"start":{"line":455,"column":4},"end":{"line":455,"column":5}},"loc":{"start":{"line":455,"column":25},"end":{"line":460,"column":null}},"line":455},"34":{"name":"(anonymous_34)","decl":{"start":{"line":464,"column":24},"end":{"line":464,"column":30}},"loc":{"start":{"line":464,"column":30},"end":{"line":491,"column":null}},"line":464},"35":{"name":"(anonymous_35)","decl":{"start":{"line":494,"column":30},"end":{"line":494,"column":36}},"loc":{"start":{"line":494,"column":36},"end":{"line":513,"column":null}},"line":494},"36":{"name":"(anonymous_36)","decl":{"start":{"line":515,"column":20},"end":{"line":515,"column":26}},"loc":{"start":{"line":515,"column":26},"end":{"line":522,"column":null}},"line":515},"37":{"name":"(anonymous_37)","decl":{"start":{"line":562,"column":24},"end":{"line":562,"column":25}},"loc":{"start":{"line":563,"column":14},"end":{"line":571,"column":null}},"line":563},"38":{"name":"(anonymous_38)","decl":{"start":{"line":568,"column":26},"end":{"line":568,"column":27}},"loc":{"start":{"line":568,"column":33},"end":{"line":568,"column":null}},"line":568},"39":{"name":"(anonymous_39)","decl":{"start":{"line":569,"column":26},"end":{"line":569,"column":27}},"loc":{"start":{"line":569,"column":39},"end":{"line":569,"column":null}},"line":569},"40":{"name":"(anonymous_40)","decl":{"start":{"line":570,"column":27},"end":{"line":570,"column":28}},"loc":{"start":{"line":570,"column":36},"end":{"line":570,"column":null}},"line":570},"41":{"name":"(anonymous_41)","decl":{"start":{"line":584,"column":22},"end":{"line":584,"column":23}},"loc":{"start":{"line":584,"column":29},"end":{"line":584,"column":null}},"line":584},"42":{"name":"(anonymous_42)","decl":{"start":{"line":587,"column":25},"end":{"line":587,"column":26}},"loc":{"start":{"line":587,"column":32},"end":{"line":587,"column":null}},"line":587},"43":{"name":"(anonymous_43)","decl":{"start":{"line":588,"column":23},"end":{"line":588,"column":24}},"loc":{"start":{"line":588,"column":30},"end":{"line":588,"column":null}},"line":588},"44":{"name":"(anonymous_44)","decl":{"start":{"line":589,"column":21},"end":{"line":589,"column":22}},"loc":{"start":{"line":589,"column":28},"end":{"line":589,"column":null}},"line":589},"45":{"name":"(anonymous_45)","decl":{"start":{"line":629,"column":23},"end":{"line":629,"column":29}},"loc":{"start":{"line":629,"column":29},"end":{"line":629,"column":null}},"line":629},"46":{"name":"(anonymous_46)","decl":{"start":{"line":629,"column":38},"end":{"line":629,"column":39}},"loc":{"start":{"line":629,"column":45},"end":{"line":629,"column":78}},"line":629},"47":{"name":"(anonymous_47)","decl":{"start":{"line":637,"column":23},"end":{"line":637,"column":29}},"loc":{"start":{"line":637,"column":29},"end":{"line":637,"column":null}},"line":637},"48":{"name":"(anonymous_48)","decl":{"start":{"line":637,"column":38},"end":{"line":637,"column":39}},"loc":{"start":{"line":637,"column":45},"end":{"line":637,"column":78}},"line":637},"49":{"name":"(anonymous_49)","decl":{"start":{"line":644,"column":23},"end":{"line":644,"column":29}},"loc":{"start":{"line":644,"column":29},"end":{"line":644,"column":null}},"line":644}},"branchMap":{"0":{"loc":{"start":{"line":78,"column":4},"end":{"line":78,"column":null}},"type":"if","locations":[{"start":{"line":78,"column":4},"end":{"line":78,"column":null}},{"start":{},"end":{}}],"line":78},"1":{"loc":{"start":{"line":81,"column":6},"end":{"line":83,"column":null}},"type":"if","locations":[{"start":{"line":81,"column":6},"end":{"line":83,"column":null}},{"start":{},"end":{}}],"line":81},"2":{"loc":{"start":{"line":81,"column":10},"end":{"line":81,"column":35}},"type":"binary-expr","locations":[{"start":{"line":81,"column":10},"end":{"line":81,"column":23}},{"start":{"line":81,"column":23},"end":{"line":81,"column":35}}],"line":81},"3":{"loc":{"start":{"line":96,"column":4},"end":{"line":105,"column":null}},"type":"if","locations":[{"start":{"line":96,"column":4},"end":{"line":105,"column":null}},{"start":{},"end":{}}],"line":96},"4":{"loc":{"start":{"line":96,"column":8},"end":{"line":96,"column":50}},"type":"binary-expr","locations":[{"start":{"line":96,"column":8},"end":{"line":96,"column":28}},{"start":{"line":96,"column":28},"end":{"line":96,"column":50}}],"line":96},"5":{"loc":{"start":{"line":111,"column":6},"end":{"line":114,"column":null}},"type":"if","locations":[{"start":{"line":111,"column":6},"end":{"line":114,"column":null}},{"start":{},"end":{}}],"line":111},"6":{"loc":{"start":{"line":111,"column":6},"end":{"line":111,"column":68}},"type":"binary-expr","locations":[{"start":{"line":111,"column":11},"end":{"line":111,"column":24}},{"start":{"line":111,"column":24},"end":{"line":111,"column":38}},{"start":{"line":111,"column":38},"end":{"line":111,"column":55}},{"start":{"line":111,"column":55},"end":{"line":111,"column":68}}],"line":111},"7":{"loc":{"start":{"line":115,"column":6},"end":{"line":118,"column":null}},"type":"if","locations":[{"start":{"line":115,"column":6},"end":{"line":118,"column":null}},{"start":{},"end":{}}],"line":115},"8":{"loc":{"start":{"line":115,"column":6},"end":{"line":115,"column":88}},"type":"binary-expr","locations":[{"start":{"line":115,"column":11},"end":{"line":115,"column":24}},{"start":{"line":115,"column":24},"end":{"line":115,"column":39}},{"start":{"line":115,"column":39},"end":{"line":115,"column":57}},{"start":{"line":115,"column":57},"end":{"line":115,"column":74}},{"start":{"line":115,"column":74},"end":{"line":115,"column":88}}],"line":115},"9":{"loc":{"start":{"line":119,"column":6},"end":{"line":126,"column":null}},"type":"if","locations":[{"start":{"line":119,"column":6},"end":{"line":126,"column":null}},{"start":{},"end":{}}],"line":119},"10":{"loc":{"start":{"line":119,"column":10},"end":{"line":119,"column":55}},"type":"binary-expr","locations":[{"start":{"line":119,"column":10},"end":{"line":119,"column":32}},{"start":{"line":119,"column":32},"end":{"line":119,"column":55}}],"line":119},"11":{"loc":{"start":{"line":120,"column":8},"end":{"line":125,"column":null}},"type":"if","locations":[{"start":{"line":120,"column":8},"end":{"line":125,"column":null}},{"start":{},"end":{}}],"line":120},"12":{"loc":{"start":{"line":120,"column":12},"end":{"line":120,"column":85}},"type":"binary-expr","locations":[{"start":{"line":120,"column":12},"end":{"line":120,"column":43}},{"start":{"line":120,"column":43},"end":{"line":120,"column":85}}],"line":120},"13":{"loc":{"start":{"line":127,"column":6},"end":{"line":134,"column":null}},"type":"if","locations":[{"start":{"line":127,"column":6},"end":{"line":134,"column":null}},{"start":{},"end":{}}],"line":127},"14":{"loc":{"start":{"line":143,"column":4},"end":{"line":143,"column":null}},"type":"if","locations":[{"start":{"line":143,"column":4},"end":{"line":143,"column":null}},{"start":{},"end":{}}],"line":143},"15":{"loc":{"start":{"line":146,"column":6},"end":{"line":146,"column":null}},"type":"if","locations":[{"start":{"line":146,"column":6},"end":{"line":146,"column":null}},{"start":{},"end":{}}],"line":146},"16":{"loc":{"start":{"line":146,"column":10},"end":{"line":146,"column":36}},"type":"binary-expr","locations":[{"start":{"line":146,"column":10},"end":{"line":146,"column":24}},{"start":{"line":146,"column":24},"end":{"line":146,"column":36}}],"line":146},"17":{"loc":{"start":{"line":150,"column":6},"end":{"line":150,"column":null}},"type":"if","locations":[{"start":{"line":150,"column":6},"end":{"line":150,"column":null}},{"start":{},"end":{}}],"line":150},"18":{"loc":{"start":{"line":154,"column":6},"end":{"line":154,"column":null}},"type":"if","locations":[{"start":{"line":154,"column":6},"end":{"line":154,"column":null}},{"start":{},"end":{}}],"line":154},"19":{"loc":{"start":{"line":156,"column":24},"end":{"line":156,"column":null}},"type":"cond-expr","locations":[{"start":{"line":156,"column":39},"end":{"line":156,"column":43}},{"start":{"line":156,"column":43},"end":{"line":156,"column":null}}],"line":156},"20":{"loc":{"start":{"line":157,"column":23},"end":{"line":159,"column":null}},"type":"cond-expr","locations":[{"start":{"line":158,"column":10},"end":{"line":158,"column":null}},{"start":{"line":159,"column":10},"end":{"line":159,"column":null}}],"line":157},"21":{"loc":{"start":{"line":182,"column":4},"end":{"line":182,"column":null}},"type":"if","locations":[{"start":{"line":182,"column":4},"end":{"line":182,"column":null}},{"start":{},"end":{}}],"line":182},"22":{"loc":{"start":{"line":184,"column":4},"end":{"line":184,"column":null}},"type":"if","locations":[{"start":{"line":184,"column":4},"end":{"line":184,"column":null}},{"start":{},"end":{}}],"line":184},"23":{"loc":{"start":{"line":194,"column":6},"end":{"line":194,"column":null}},"type":"if","locations":[{"start":{"line":194,"column":6},"end":{"line":194,"column":null}},{"start":{},"end":{}}],"line":194},"24":{"loc":{"start":{"line":196,"column":6},"end":{"line":196,"column":null}},"type":"if","locations":[{"start":{"line":196,"column":6},"end":{"line":196,"column":null}},{"start":{},"end":{}}],"line":196},"25":{"loc":{"start":{"line":198,"column":29},"end":{"line":199,"column":null}},"type":"binary-expr","locations":[{"start":{"line":198,"column":29},"end":{"line":198,"column":null}},{"start":{"line":199,"column":8},"end":{"line":199,"column":null}}],"line":198},"26":{"loc":{"start":{"line":201,"column":6},"end":{"line":231,"column":null}},"type":"if","locations":[{"start":{"line":201,"column":6},"end":{"line":231,"column":null}},{"start":{},"end":{}}],"line":201},"27":{"loc":{"start":{"line":202,"column":8},"end":{"line":229,"column":null}},"type":"if","locations":[{"start":{"line":202,"column":8},"end":{"line":229,"column":null}},{"start":{"line":209,"column":15},"end":{"line":229,"column":null}}],"line":202},"28":{"loc":{"start":{"line":203,"column":10},"end":{"line":205,"column":null}},"type":"if","locations":[{"start":{"line":203,"column":10},"end":{"line":205,"column":null}},{"start":{},"end":{}}],"line":203},"29":{"loc":{"start":{"line":213,"column":17},"end":{"line":213,"column":55}},"type":"binary-expr","locations":[{"start":{"line":213,"column":17},"end":{"line":213,"column":25}},{"start":{"line":213,"column":25},"end":{"line":213,"column":55}}],"line":213},"30":{"loc":{"start":{"line":215,"column":12},"end":{"line":218,"column":null}},"type":"if","locations":[{"start":{"line":215,"column":12},"end":{"line":218,"column":null}},{"start":{},"end":{}}],"line":215},"31":{"loc":{"start":{"line":215,"column":16},"end":{"line":215,"column":63}},"type":"binary-expr","locations":[{"start":{"line":215,"column":16},"end":{"line":215,"column":26}},{"start":{"line":215,"column":26},"end":{"line":215,"column":63}}],"line":215},"32":{"loc":{"start":{"line":221,"column":10},"end":{"line":228,"column":null}},"type":"if","locations":[{"start":{"line":221,"column":10},"end":{"line":228,"column":null}},{"start":{},"end":{}}],"line":221},"33":{"loc":{"start":{"line":223,"column":12},"end":{"line":227,"column":null}},"type":"if","locations":[{"start":{"line":223,"column":12},"end":{"line":227,"column":null}},{"start":{"line":225,"column":19},"end":{"line":227,"column":null}}],"line":223},"34":{"loc":{"start":{"line":233,"column":6},"end":{"line":235,"column":null}},"type":"if","locations":[{"start":{"line":233,"column":6},"end":{"line":235,"column":null}},{"start":{},"end":{}}],"line":233},"35":{"loc":{"start":{"line":237,"column":6},"end":{"line":246,"column":null}},"type":"if","locations":[{"start":{"line":237,"column":6},"end":{"line":246,"column":null}},{"start":{},"end":{}}],"line":237},"36":{"loc":{"start":{"line":238,"column":8},"end":{"line":245,"column":null}},"type":"if","locations":[{"start":{"line":238,"column":8},"end":{"line":245,"column":null}},{"start":{"line":242,"column":15},"end":{"line":245,"column":null}}],"line":238},"37":{"loc":{"start":{"line":248,"column":6},"end":{"line":257,"column":null}},"type":"if","locations":[{"start":{"line":248,"column":6},"end":{"line":257,"column":null}},{"start":{},"end":{}}],"line":248},"38":{"loc":{"start":{"line":250,"column":22},"end":{"line":250,"column":null}},"type":"binary-expr","locations":[{"start":{"line":250,"column":22},"end":{"line":250,"column":47}},{"start":{"line":250,"column":47},"end":{"line":250,"column":null}}],"line":250},"39":{"loc":{"start":{"line":251,"column":22},"end":{"line":251,"column":null}},"type":"binary-expr","locations":[{"start":{"line":251,"column":22},"end":{"line":251,"column":47}},{"start":{"line":251,"column":47},"end":{"line":251,"column":null}}],"line":251},"40":{"loc":{"start":{"line":252,"column":17},"end":{"line":252,"column":null}},"type":"binary-expr","locations":[{"start":{"line":252,"column":17},"end":{"line":252,"column":24}},{"start":{"line":252,"column":24},"end":{"line":252,"column":null}}],"line":252},"41":{"loc":{"start":{"line":254,"column":8},"end":{"line":256,"column":null}},"type":"if","locations":[{"start":{"line":254,"column":8},"end":{"line":256,"column":null}},{"start":{},"end":{}}],"line":254},"42":{"loc":{"start":{"line":264,"column":4},"end":{"line":264,"column":null}},"type":"if","locations":[{"start":{"line":264,"column":4},"end":{"line":264,"column":null}},{"start":{},"end":{}}],"line":264},"43":{"loc":{"start":{"line":267,"column":4},"end":{"line":270,"column":null}},"type":"if","locations":[{"start":{"line":267,"column":4},"end":{"line":270,"column":null}},{"start":{},"end":{}}],"line":267},"44":{"loc":{"start":{"line":272,"column":4},"end":{"line":272,"column":null}},"type":"if","locations":[{"start":{"line":272,"column":4},"end":{"line":272,"column":null}},{"start":{},"end":{}}],"line":272},"45":{"loc":{"start":{"line":278,"column":4},"end":{"line":313,"column":null}},"type":"if","locations":[{"start":{"line":278,"column":4},"end":{"line":313,"column":null}},{"start":{},"end":{}}],"line":278},"46":{"loc":{"start":{"line":278,"column":8},"end":{"line":278,"column":44}},"type":"binary-expr","locations":[{"start":{"line":278,"column":8},"end":{"line":278,"column":26}},{"start":{"line":278,"column":26},"end":{"line":278,"column":44}}],"line":278},"47":{"loc":{"start":{"line":287,"column":6},"end":{"line":308,"column":null}},"type":"if","locations":[{"start":{"line":287,"column":6},"end":{"line":308,"column":null}},{"start":{},"end":{}}],"line":287},"48":{"loc":{"start":{"line":287,"column":10},"end":{"line":287,"column":26}},"type":"binary-expr","locations":[{"start":{"line":287,"column":10},"end":{"line":287,"column":19}},{"start":{"line":287,"column":19},"end":{"line":287,"column":26}}],"line":287},"49":{"loc":{"start":{"line":294,"column":17},"end":{"line":294,"column":null}},"type":"binary-expr","locations":[{"start":{"line":294,"column":17},"end":{"line":294,"column":33}},{"start":{"line":294,"column":33},"end":{"line":294,"column":44}},{"start":{"line":294,"column":44},"end":{"line":294,"column":60}},{"start":{"line":294,"column":60},"end":{"line":294,"column":null}}],"line":294},"50":{"loc":{"start":{"line":299,"column":8},"end":{"line":307,"column":null}},"type":"if","locations":[{"start":{"line":299,"column":8},"end":{"line":307,"column":null}},{"start":{"line":305,"column":15},"end":{"line":307,"column":null}}],"line":299},"51":{"loc":{"start":{"line":315,"column":4},"end":{"line":315,"column":null}},"type":"if","locations":[{"start":{"line":315,"column":4},"end":{"line":315,"column":null}},{"start":{},"end":{}}],"line":315},"52":{"loc":{"start":{"line":316,"column":4},"end":{"line":316,"column":null}},"type":"if","locations":[{"start":{"line":316,"column":4},"end":{"line":316,"column":null}},{"start":{},"end":{}}],"line":316},"53":{"loc":{"start":{"line":316,"column":8},"end":{"line":316,"column":42}},"type":"binary-expr","locations":[{"start":{"line":316,"column":8},"end":{"line":316,"column":25}},{"start":{"line":316,"column":25},"end":{"line":316,"column":42}}],"line":316},"54":{"loc":{"start":{"line":321,"column":4},"end":{"line":339,"column":null}},"type":"if","locations":[{"start":{"line":321,"column":4},"end":{"line":339,"column":null}},{"start":{},"end":{}}],"line":321},"55":{"loc":{"start":{"line":321,"column":8},"end":{"line":321,"column":39}},"type":"binary-expr","locations":[{"start":{"line":321,"column":8},"end":{"line":321,"column":24}},{"start":{"line":321,"column":24},"end":{"line":321,"column":39}}],"line":321},"56":{"loc":{"start":{"line":330,"column":6},"end":{"line":338,"column":null}},"type":"if","locations":[{"start":{"line":330,"column":6},"end":{"line":338,"column":null}},{"start":{},"end":{}}],"line":330},"57":{"loc":{"start":{"line":347,"column":6},"end":{"line":356,"column":null}},"type":"if","locations":[{"start":{"line":347,"column":6},"end":{"line":356,"column":null}},{"start":{},"end":{}}],"line":347},"58":{"loc":{"start":{"line":347,"column":10},"end":{"line":347,"column":44}},"type":"binary-expr","locations":[{"start":{"line":347,"column":10},"end":{"line":347,"column":31}},{"start":{"line":347,"column":31},"end":{"line":347,"column":44}}],"line":347},"59":{"loc":{"start":{"line":350,"column":8},"end":{"line":353,"column":null}},"type":"if","locations":[{"start":{"line":350,"column":8},"end":{"line":353,"column":null}},{"start":{},"end":{}}],"line":350},"60":{"loc":{"start":{"line":357,"column":6},"end":{"line":360,"column":null}},"type":"if","locations":[{"start":{"line":357,"column":6},"end":{"line":360,"column":null}},{"start":{},"end":{}}],"line":357},"61":{"loc":{"start":{"line":366,"column":4},"end":{"line":369,"column":null}},"type":"if","locations":[{"start":{"line":366,"column":4},"end":{"line":369,"column":null}},{"start":{},"end":{}}],"line":366},"62":{"loc":{"start":{"line":372,"column":4},"end":{"line":383,"column":null}},"type":"if","locations":[{"start":{"line":372,"column":4},"end":{"line":383,"column":null}},{"start":{},"end":{}}],"line":372},"63":{"loc":{"start":{"line":372,"column":8},"end":{"line":372,"column":67}},"type":"binary-expr","locations":[{"start":{"line":372,"column":8},"end":{"line":372,"column":25}},{"start":{"line":372,"column":25},"end":{"line":372,"column":67}}],"line":372},"64":{"loc":{"start":{"line":375,"column":8},"end":{"line":378,"column":null}},"type":"if","locations":[{"start":{"line":375,"column":8},"end":{"line":378,"column":null}},{"start":{},"end":{}}],"line":375},"65":{"loc":{"start":{"line":386,"column":4},"end":{"line":389,"column":null}},"type":"if","locations":[{"start":{"line":386,"column":4},"end":{"line":389,"column":null}},{"start":{},"end":{}}],"line":386},"66":{"loc":{"start":{"line":396,"column":6},"end":{"line":403,"column":null}},"type":"if","locations":[{"start":{"line":396,"column":6},"end":{"line":403,"column":null}},{"start":{},"end":{}}],"line":396},"67":{"loc":{"start":{"line":397,"column":28},"end":{"line":397,"column":null}},"type":"cond-expr","locations":[{"start":{"line":397,"column":46},"end":{"line":397,"column":54}},{"start":{"line":397,"column":54},"end":{"line":397,"column":null}}],"line":397},"68":{"loc":{"start":{"line":397,"column":28},"end":{"line":397,"column":46}},"type":"binary-expr","locations":[{"start":{"line":397,"column":28},"end":{"line":397,"column":33}},{"start":{"line":397,"column":33},"end":{"line":397,"column":46}}],"line":397},"69":{"loc":{"start":{"line":398,"column":8},"end":{"line":402,"column":null}},"type":"if","locations":[{"start":{"line":398,"column":8},"end":{"line":402,"column":null}},{"start":{"line":400,"column":15},"end":{"line":402,"column":null}}],"line":398},"70":{"loc":{"start":{"line":398,"column":12},"end":{"line":398,"column":65}},"type":"binary-expr","locations":[{"start":{"line":398,"column":12},"end":{"line":398,"column":28}},{"start":{"line":398,"column":28},"end":{"line":398,"column":65}}],"line":398},"71":{"loc":{"start":{"line":465,"column":4},"end":{"line":465,"column":null}},"type":"if","locations":[{"start":{"line":465,"column":4},"end":{"line":465,"column":null}},{"start":{},"end":{}}],"line":465},"72":{"loc":{"start":{"line":465,"column":8},"end":{"line":465,"column":42}},"type":"binary-expr","locations":[{"start":{"line":465,"column":8},"end":{"line":465,"column":25}},{"start":{"line":465,"column":25},"end":{"line":465,"column":42}}],"line":465},"73":{"loc":{"start":{"line":477,"column":4},"end":{"line":490,"column":null}},"type":"switch","locations":[{"start":{"line":478,"column":6},"end":{"line":479,"column":null}},{"start":{"line":480,"column":6},"end":{"line":481,"column":null}},{"start":{"line":482,"column":6},"end":{"line":483,"column":null}},{"start":{"line":484,"column":6},"end":{"line":485,"column":null}},{"start":{"line":486,"column":6},"end":{"line":487,"column":null}},{"start":{"line":488,"column":6},"end":{"line":489,"column":null}}],"line":477},"74":{"loc":{"start":{"line":495,"column":4},"end":{"line":495,"column":null}},"type":"if","locations":[{"start":{"line":495,"column":4},"end":{"line":495,"column":null}},{"start":{},"end":{}}],"line":495},"75":{"loc":{"start":{"line":495,"column":8},"end":{"line":495,"column":46}},"type":"binary-expr","locations":[{"start":{"line":495,"column":8},"end":{"line":495,"column":27}},{"start":{"line":495,"column":27},"end":{"line":495,"column":46}}],"line":495},"76":{"loc":{"start":{"line":516,"column":4},"end":{"line":521,"column":null}},"type":"switch","locations":[{"start":{"line":517,"column":6},"end":{"line":517,"column":null}},{"start":{"line":518,"column":6},"end":{"line":518,"column":null}},{"start":{"line":519,"column":6},"end":{"line":519,"column":null}},{"start":{"line":520,"column":6},"end":{"line":520,"column":null}}],"line":516},"77":{"loc":{"start":{"line":579,"column":9},"end":{"line":603,"column":null}},"type":"binary-expr","locations":[{"start":{"line":579,"column":9},"end":{"line":579,"column":null}},{"start":{"line":580,"column":10},"end":{"line":603,"column":null}}],"line":579},"78":{"loc":{"start":{"line":597,"column":18},"end":{"line":599,"column":null}},"type":"cond-expr","locations":[{"start":{"line":598,"column":18},"end":{"line":598,"column":null}},{"start":{"line":599,"column":18},"end":{"line":599,"column":null}}],"line":597}},"s":{"0":2,"1":2,"2":2,"3":2,"4":2,"5":34,"6":34,"7":34,"8":34,"9":34,"10":34,"11":34,"12":34,"13":34,"14":34,"15":34,"16":34,"17":34,"18":34,"19":34,"20":34,"21":7,"22":7,"23":0,"24":7,"25":7,"26":7,"27":7,"28":7,"29":7,"30":7,"31":7,"32":34,"33":16,"34":5,"35":5,"36":0,"37":0,"38":0,"39":5,"40":5,"41":34,"42":28,"43":4,"44":0,"45":0,"46":4,"47":0,"48":0,"49":4,"50":0,"51":0,"52":0,"53":0,"54":4,"55":1,"56":1,"57":1,"58":1,"59":1,"60":1,"61":28,"62":28,"63":28,"64":34,"65":7,"66":7,"67":0,"68":7,"69":0,"70":0,"71":0,"72":0,"73":0,"74":0,"75":0,"76":0,"77":0,"78":0,"79":0,"80":0,"81":0,"82":0,"83":0,"84":0,"85":7,"86":7,"87":7,"88":34,"89":5,"90":5,"91":0,"92":5,"93":5,"94":0,"95":5,"96":34,"97":5,"98":0,"99":5,"100":5,"101":0,"102":5,"103":5,"104":0,"105":0,"106":0,"107":0,"108":0,"109":0,"110":0,"111":0,"112":0,"113":0,"114":0,"115":0,"116":0,"117":0,"118":0,"119":0,"120":0,"121":0,"122":0,"123":5,"124":5,"125":5,"126":5,"127":5,"128":5,"129":5,"130":0,"131":0,"132":5,"133":0,"134":0,"135":0,"136":0,"137":0,"138":0,"139":34,"140":0,"141":0,"142":0,"143":0,"144":0,"145":0,"146":0,"147":0,"148":0,"149":34,"150":0,"151":0,"152":0,"153":0,"154":0,"155":0,"156":0,"157":0,"158":0,"159":0,"160":0,"161":0,"162":0,"163":0,"164":0,"165":0,"166":0,"167":0,"168":0,"169":0,"170":0,"171":0,"172":0,"173":0,"174":0,"175":0,"176":0,"177":0,"178":0,"179":0,"180":0,"181":0,"182":0,"183":0,"184":0,"185":0,"186":0,"187":0,"188":0,"189":34,"190":4,"191":3,"192":3,"193":3,"194":2,"195":2,"196":3,"197":3,"198":4,"199":1,"200":1,"201":34,"202":0,"203":0,"204":0,"205":0,"206":0,"207":0,"208":0,"209":0,"210":0,"211":0,"212":0,"213":0,"214":0,"215":0,"216":0,"217":0,"218":0,"219":0,"220":0,"221":0,"222":34,"223":0,"224":0,"225":0,"226":0,"227":0,"228":34,"229":0,"230":34,"231":0,"232":0,"233":34,"234":0,"235":0,"236":0,"237":34,"238":0,"239":0,"240":0,"241":34,"242":0,"243":0,"244":0,"245":34,"246":0,"247":0,"248":0,"249":34,"250":34,"251":34,"252":0,"253":0,"254":0,"255":0,"256":0,"257":0,"258":0,"259":0,"260":0,"261":0,"262":0,"263":0,"264":34,"265":34,"266":34,"267":0,"268":0,"269":0,"270":0,"271":0,"272":34,"273":34,"274":14,"275":0,"276":20,"277":0,"278":34,"279":34,"280":34,"281":4,"282":0,"283":0,"284":0,"285":3,"286":0,"287":0,"288":0,"289":0,"290":0,"291":0,"292":0,"293":0,"294":0,"295":2},"f":{"0":34,"1":7,"2":7,"3":7,"4":16,"5":0,"6":0,"7":5,"8":28,"9":4,"10":28,"11":7,"12":0,"13":7,"14":5,"15":5,"16":0,"17":0,"18":0,"19":0,"20":0,"21":0,"22":0,"23":4,"24":0,"25":0,"26":0,"27":0,"28":0,"29":0,"30":0,"31":0,"32":0,"33":0,"34":34,"35":34,"36":34,"37":4,"38":0,"39":0,"40":0,"41":3,"42":0,"43":0,"44":0,"45":0,"46":0,"47":0,"48":0,"49":0},"b":{"0":[0,7],"1":[7,0],"2":[7,7],"3":[5,11],"4":[16,5],"5":[0,4],"6":[4,4,0,0],"7":[0,4],"8":[4,4,0,0,0],"9":[0,4],"10":[4,4],"11":[0,0],"12":[0,0],"13":[1,3],"14":[0,7],"15":[0,0],"16":[0,0],"17":[0,0],"18":[0,0],"19":[0,0],"20":[0,0],"21":[0,5],"22":[0,5],"23":[0,5],"24":[0,5],"25":[5,0],"26":[0,5],"27":[0,0],"28":[0,0],"29":[0,0],"30":[0,0],"31":[0,0],"32":[0,0],"33":[0,0],"34":[5,0],"35":[5,0],"36":[5,0],"37":[0,5],"38":[0,0],"39":[0,0],"40":[0,0],"41":[0,0],"42":[0,0],"43":[0,0],"44":[0,0],"45":[0,0],"46":[0,0],"47":[0,0],"48":[0,0],"49":[0,0,0,0],"50":[0,0],"51":[0,0],"52":[0,0],"53":[0,0],"54":[0,0],"55":[0,0],"56":[0,0],"57":[3,1],"58":[4,3],"59":[2,1],"60":[1,3],"61":[0,0],"62":[0,0],"63":[0,0],"64":[0,0],"65":[0,0],"66":[0,0],"67":[0,0],"68":[0,0],"69":[0,0],"70":[0,0],"71":[34,0],"72":[34,0],"73":[0,0,0,0,0,0],"74":[34,0],"75":[34,0],"76":[14,0,20,0],"77":[34,8],"78":[0,8]},"meta":{"lastBranch":79,"lastFunction":50,"lastStatement":296,"seen":{"s:20:17:20:Infinity":0,"s:21:17:21:Infinity":1,"s:22:18:22:Infinity":2,"s:23:28:23:Infinity":3,"s:29:57:657:Infinity":4,"f:29:57:29:58":0,"s:57:2:57:Infinity":5,"s:59:8:59:Infinity":6,"s:60:8:60:Infinity":7,"s:61:32:61:Infinity":8,"s:62:24:62:Infinity":9,"s:63:30:63:Infinity":10,"s:64:38:64:Infinity":11,"s:65:42:65:Infinity":12,"s:66:46:66:Infinity":13,"s:67:38:67:Infinity":14,"s:68:42:68:Infinity":15,"s:69:8:69:Infinity":16,"s:70:8:70:Infinity":17,"s:72:42:72:Infinity":18,"s:73:46:73:Infinity":19,"s:76:2:92:Infinity":20,"f:76:12:76:18":1,"s:77:22:77:Infinity":21,"b:78:4:78:Infinity:undefined:undefined:undefined:undefined":0,"s:78:4:78:Infinity":22,"s:78:20:78:Infinity":23,"s:79:15:84:Infinity":24,"f:79:34:79:35":2,"s:80:32:80:Infinity":25,"b:81:6:83:Infinity:undefined:undefined:undefined:undefined":1,"s:81:6:83:Infinity":26,"b:81:10:81:23:81:23:81:35":2,"s:82:8:82:Infinity":27,"s:85:4:85:Infinity":28,"s:87:4:90:Infinity":29,"s:91:4:91:Infinity":30,"f:91:11:91:17":3,"s:91:17:91:Infinity":31,"s:95:2:106:Infinity":32,"f:95:12:95:18":4,"b:96:4:105:Infinity:undefined:undefined:undefined:undefined":3,"s:96:4:105:Infinity":33,"b:96:8:96:28:96:28:96:50":4,"s:97:6:97:Infinity":34,"s:98:20:103:Infinity":35,"f:98:31:98:37":5,"s:99:8:99:Infinity":36,"s:100:8:102:Infinity":37,"f:100:19:100:25":6,"s:101:10:101:Infinity":38,"s:104:6:104:Infinity":39,"f:104:13:104:19":7,"s:104:19:104:Infinity":40,"s:109:2:138:Infinity":41,"f:109:12:109:18":8,"s:110:26:135:Infinity":42,"f:110:26:110:27":9,"b:111:6:114:Infinity:undefined:undefined:undefined:undefined":5,"s:111:6:114:Infinity":43,"b:111:11:111:24:111:24:111:38:111:38:111:55:111:55:111:68":6,"s:112:8:112:Infinity":44,"s:113:8:113:Infinity":45,"b:115:6:118:Infinity:undefined:undefined:undefined:undefined":7,"s:115:6:118:Infinity":46,"b:115:11:115:24:115:24:115:39:115:39:115:57:115:57:115:74:115:74:115:88":8,"s:116:8:116:Infinity":47,"s:117:8:117:Infinity":48,"b:119:6:126:Infinity:undefined:undefined:undefined:undefined":9,"s:119:6:126:Infinity":49,"b:119:10:119:32:119:32:119:55":10,"b:120:8:125:Infinity:undefined:undefined:undefined:undefined":11,"s:120:8:125:Infinity":50,"b:120:12:120:43:120:43:120:85":12,"s:121:10:121:Infinity":51,"s:122:10:124:Infinity":52,"s:123:12:123:Infinity":53,"b:127:6:134:Infinity:undefined:undefined:undefined:undefined":13,"s:127:6:134:Infinity":54,"s:128:8:128:Infinity":55,"s:129:8:129:Infinity":56,"s:130:8:130:Infinity":57,"s:131:8:131:Infinity":58,"s:132:8:132:Infinity":59,"s:133:8:133:Infinity":60,"s:136:4:136:Infinity":61,"s:137:4:137:Infinity":62,"f:137:11:137:17":10,"s:137:17:137:Infinity":63,"s:141:2:177:Infinity":64,"f:141:12:141:18":11,"s:142:22:142:Infinity":65,"b:143:4:143:Infinity:undefined:undefined:undefined:undefined":14,"s:143:4:143:Infinity":66,"s:143:20:143:Infinity":67,"s:145:24:173:Infinity":68,"f:145:24:145:25":12,"b:146:6:146:Infinity:undefined:undefined:undefined:undefined":15,"s:146:6:146:Infinity":69,"b:146:10:146:24:146:24:146:36":16,"s:146:36:146:Infinity":70,"s:147:6:147:Infinity":71,"s:149:20:149:Infinity":72,"b:150:6:150:Infinity:undefined:undefined:undefined:undefined":17,"s:150:6:150:Infinity":73,"s:150:18:150:Infinity":74,"s:152:23:152:Infinity":75,"s:153:22:153:Infinity":76,"b:154:6:154:Infinity:undefined:undefined:undefined:undefined":18,"s:154:6:154:Infinity":77,"s:154:20:154:Infinity":78,"s:156:24:156:Infinity":79,"b:156:39:156:43:156:43:156:Infinity":19,"s:157:23:159:Infinity":80,"b:158:10:158:Infinity:159:10:159:Infinity":20,"s:162:27:165:Infinity":81,"s:166:21:169:Infinity":82,"s:171:6:171:Infinity":83,"s:172:6:172:Infinity":84,"s:175:4:175:Infinity":85,"s:176:4:176:Infinity":86,"f:176:11:176:17":13,"s:176:17:176:Infinity":87,"s:180:8:189:Infinity":88,"f:180:41:180:64":14,"s:181:18:181:Infinity":89,"b:182:4:182:Infinity:undefined:undefined:undefined:undefined":21,"s:182:4:182:Infinity":90,"s:182:16:182:Infinity":91,"s:183:16:183:Infinity":92,"b:184:4:184:Infinity:undefined:undefined:undefined:undefined":22,"s:184:4:184:Infinity":93,"s:184:14:184:Infinity":94,"s:185:4:188:Infinity":95,"s:192:8:260:Infinity":96,"f:193:4:193:5":15,"b:194:6:194:Infinity:undefined:undefined:undefined:undefined":23,"s:194:6:194:Infinity":97,"s:194:28:194:Infinity":98,"s:195:18:195:Infinity":99,"b:196:6:196:Infinity:undefined:undefined:undefined:undefined":24,"s:196:6:196:Infinity":100,"s:196:16:196:Infinity":101,"s:198:29:199:Infinity":102,"b:198:29:198:Infinity:199:8:199:Infinity":25,"b:201:6:231:Infinity:undefined:undefined:undefined:undefined":26,"s:201:6:231:Infinity":103,"b:202:8:229:Infinity:209:15:229:Infinity":27,"s:202:8:229:Infinity":104,"b:203:10:205:Infinity:undefined:undefined:undefined:undefined":28,"s:203:10:205:Infinity":105,"s:204:12:204:Infinity":106,"s:207:10:207:Infinity":107,"s:208:10:208:Infinity":108,"s:211:40:211:Infinity":109,"s:213:10:220:Infinity":110,"b:213:17:213:25:213:25:213:55":29,"s:214:27:214:Infinity":111,"b:215:12:218:Infinity:undefined:undefined:undefined:undefined":30,"s:215:12:218:Infinity":112,"b:215:16:215:26:215:26:215:63":31,"f:215:38:215:39":16,"s:215:45:215:60":113,"s:216:14:216:Infinity":114,"s:217:14:217:Infinity":115,"s:219:12:219:Infinity":116,"b:221:10:228:Infinity:undefined:undefined:undefined:undefined":32,"s:221:10:228:Infinity":117,"s:222:32:222:Infinity":118,"b:223:12:227:Infinity:225:19:227:Infinity":33,"s:223:12:227:Infinity":119,"s:224:14:224:Infinity":120,"s:226:14:226:Infinity":121,"s:230:8:230:Infinity":122,"b:233:6:235:Infinity:undefined:undefined:undefined:undefined":34,"s:233:6:235:Infinity":123,"s:234:8:234:Infinity":124,"b:237:6:246:Infinity:undefined:undefined:undefined:undefined":35,"s:237:6:246:Infinity":125,"b:238:8:245:Infinity:242:15:245:Infinity":36,"s:238:8:245:Infinity":126,"s:239:10:239:Infinity":127,"s:240:10:240:Infinity":128,"s:241:10:241:Infinity":129,"s:243:10:243:Infinity":130,"s:244:10:244:Infinity":131,"b:248:6:257:Infinity:undefined:undefined:undefined:undefined":37,"s:248:6:257:Infinity":132,"s:249:29:253:Infinity":133,"f:249:41:249:42":17,"s:250:22:250:Infinity":134,"b:250:22:250:47:250:47:250:Infinity":38,"s:251:22:251:Infinity":135,"b:251:22:251:47:251:47:251:Infinity":39,"s:252:10:252:Infinity":136,"b:252:17:252:24:252:24:252:Infinity":40,"b:254:8:256:Infinity:undefined:undefined:undefined:undefined":41,"s:254:8:256:Infinity":137,"s:255:10:255:Infinity":138,"s:262:8:274:Infinity":139,"f:262:38:262:44":18,"s:263:16:263:Infinity":140,"b:264:4:264:Infinity:undefined:undefined:undefined:undefined":42,"s:264:4:264:Infinity":141,"s:264:14:264:Infinity":142,"b:267:4:270:Infinity:undefined:undefined:undefined:undefined":43,"s:267:4:270:Infinity":143,"s:268:6:268:Infinity":144,"s:269:6:269:Infinity":145,"b:272:4:272:Infinity:undefined:undefined:undefined:undefined":44,"s:272:4:272:Infinity":146,"s:272:23:272:Infinity":147,"s:273:4:273:Infinity":148,"s:276:8:343:Infinity":149,"f:276:36:276:37":19,"b:278:4:313:Infinity:undefined:undefined:undefined:undefined":45,"s:278:4:313:Infinity":150,"b:278:8:278:26:278:26:278:44":46,"s:279:17:279:Infinity":151,"s:280:17:280:Infinity":152,"s:281:17:281:Infinity":153,"s:282:17:282:Infinity":154,"s:284:16:284:Infinity":155,"s:285:16:285:Infinity":156,"b:287:6:308:Infinity:undefined:undefined:undefined:undefined":47,"s:287:6:308:Infinity":157,"b:287:10:287:19:287:19:287:26":48,"s:289:25:295:Infinity":158,"f:289:39:289:40":20,"s:290:21:290:Infinity":159,"s:291:21:291:Infinity":160,"s:292:21:292:Infinity":161,"s:293:21:293:Infinity":162,"s:294:10:294:Infinity":163,"b:294:17:294:33:294:33:294:44:294:44:294:60:294:60:294:Infinity":49,"s:297:23:297:Infinity":164,"f:297:36:297:37":21,"s:297:43:297:47":165,"s:298:28:298:Infinity":166,"b:299:8:307:Infinity:305:15:307:Infinity":50,"s:299:8:307:Infinity":167,"s:301:10:304:Infinity":168,"f:301:30:301:31":22,"s:302:29:302:Infinity":169,"s:303:12:303:Infinity":170,"s:306:10:306:Infinity":171,"s:310:6:310:Infinity":172,"s:311:6:311:Infinity":173,"s:312:6:312:Infinity":174,"b:315:4:315:Infinity:undefined:undefined:undefined:undefined":51,"s:315:4:315:Infinity":175,"s:315:26:315:Infinity":176,"b:316:4:316:Infinity:undefined:undefined:undefined:undefined":52,"s:316:4:316:Infinity":177,"b:316:8:316:25:316:25:316:42":53,"s:316:42:316:Infinity":178,"s:318:21:318:Infinity":179,"s:319:22:319:Infinity":180,"b:321:4:339:Infinity:undefined:undefined:undefined:undefined":54,"s:321:4:339:Infinity":181,"b:321:8:321:24:321:24:321:39":55,"s:322:57:327:Infinity":182,"s:329:24:329:Infinity":183,"b:330:6:338:Infinity:undefined:undefined:undefined:undefined":56,"s:330:6:338:Infinity":184,"s:331:22:336:Infinity":185,"s:337:8:337:Infinity":186,"s:341:4:341:Infinity":187,"s:342:4:342:Infinity":188,"s:345:8:363:Infinity":189,"f:346:4:346:5":23,"b:347:6:356:Infinity:undefined:undefined:undefined:undefined":57,"s:347:6:356:Infinity":190,"b:347:10:347:31:347:31:347:44":58,"s:348:8:348:Infinity":191,"s:349:21:349:Infinity":192,"b:350:8:353:Infinity:undefined:undefined:undefined:undefined":59,"s:350:8:353:Infinity":193,"s:351:24:351:Infinity":194,"s:352:10:352:Infinity":195,"s:354:8:354:Infinity":196,"s:355:8:355:Infinity":197,"b:357:6:360:Infinity:undefined:undefined:undefined:undefined":60,"s:357:6:360:Infinity":198,"s:358:8:358:Infinity":199,"s:359:8:359:Infinity":200,"s:365:8:392:Infinity":201,"f:365:42:365:43":24,"b:366:4:369:Infinity:undefined:undefined:undefined:undefined":61,"s:366:4:369:Infinity":202,"s:367:6:367:Infinity":203,"f:367:17:367:23":25,"s:367:23:367:54":204,"s:368:6:368:Infinity":205,"s:371:26:371:Infinity":206,"b:372:4:383:Infinity:undefined:undefined:undefined:undefined":62,"s:372:4:383:Infinity":207,"b:372:8:372:25:372:25:372:67":63,"s:373:6:381:Infinity":208,"f:373:17:373:23":26,"s:374:21:374:Infinity":209,"b:375:8:378:Infinity:undefined:undefined:undefined:undefined":64,"s:375:8:378:Infinity":210,"s:376:24:376:Infinity":211,"s:377:10:377:Infinity":212,"s:379:8:379:Infinity":213,"s:380:8:380:Infinity":214,"s:382:6:382:Infinity":215,"s:385:17:385:Infinity":216,"b:386:4:389:Infinity:undefined:undefined:undefined:undefined":65,"s:386:4:389:Infinity":217,"s:387:20:387:Infinity":218,"s:388:6:388:Infinity":219,"s:390:4:390:Infinity":220,"s:391:4:391:Infinity":221,"s:394:8:406:Infinity":222,"f:395:4:395:5":27,"b:396:6:403:Infinity:undefined:undefined:undefined:undefined":66,"s:396:6:403:Infinity":223,"s:397:28:397:Infinity":224,"b:397:46:397:54:397:54:397:Infinity":67,"b:397:28:397:33:397:33:397:46":68,"b:398:8:402:Infinity:400:15:402:Infinity":69,"s:398:8:402:Infinity":225,"b:398:12:398:28:398:28:398:65":70,"s:399:10:399:Infinity":226,"s:401:10:401:Infinity":227,"s:408:8:413:Infinity":228,"f:409:4:409:5":28,"s:410:6:410:Infinity":229,"s:415:8:421:Infinity":230,"f:416:4:416:5":29,"s:417:6:417:Infinity":231,"s:418:6:418:Infinity":232,"s:424:8:432:Infinity":233,"f:425:4:425:5":30,"s:426:6:426:Infinity":234,"s:427:6:429:Infinity":235,"s:428:8:428:Infinity":236,"s:434:8:442:Infinity":237,"f:435:4:435:5":31,"s:436:6:436:Infinity":238,"s:437:6:439:Infinity":239,"s:438:8:438:Infinity":240,"s:444:8:452:Infinity":241,"f:445:4:445:5":32,"s:446:6:446:Infinity":242,"s:447:6:449:Infinity":243,"s:448:8:448:Infinity":244,"s:454:8:462:Infinity":245,"f:455:4:455:5":33,"s:456:6:456:Infinity":246,"s:457:6:459:Infinity":247,"s:458:8:458:Infinity":248,"s:464:24:491:Infinity":249,"f:464:24:464:30":34,"b:465:4:465:Infinity:undefined:undefined:undefined:undefined":71,"s:465:4:465:Infinity":250,"b:465:8:465:25:465:25:465:42":72,"s:465:42:465:Infinity":251,"s:466:14:466:Infinity":252,"s:467:14:467:Infinity":253,"s:468:14:468:Infinity":254,"s:469:14:469:Infinity":255,"s:470:25:476:Infinity":256,"b:478:6:479:Infinity:480:6:481:Infinity:482:6:483:Infinity:484:6:485:Infinity:486:6:487:Infinity:488:6:489:Infinity":73,"s:477:4:490:Infinity":257,"s:479:8:479:Infinity":258,"s:481:8:481:Infinity":259,"s:483:8:483:Infinity":260,"s:485:8:485:Infinity":261,"s:487:8:487:Infinity":262,"s:489:8:489:Infinity":263,"s:494:30:513:Infinity":264,"f:494:30:494:36":35,"b:495:4:495:Infinity:undefined:undefined:undefined:undefined":74,"s:495:4:495:Infinity":265,"b:495:8:495:27:495:27:495:46":75,"s:495:46:495:Infinity":266,"s:496:14:496:Infinity":267,"s:497:14:497:Infinity":268,"s:498:14:498:Infinity":269,"s:499:14:499:Infinity":270,"s:500:4:511:Infinity":271,"s:515:20:522:Infinity":272,"f:515:20:515:26":36,"b:517:6:517:Infinity:518:6:518:Infinity:519:6:519:Infinity:520:6:520:Infinity":76,"s:516:4:521:Infinity":273,"s:517:28:517:Infinity":274,"s:518:28:518:Infinity":275,"s:519:26:519:Infinity":276,"s:520:15:520:Infinity":277,"s:525:24:528:Infinity":278,"s:530:22:530:Infinity":279,"s:532:2:655:Infinity":280,"f:562:24:562:25":37,"s:563:14:571:Infinity":281,"f:568:26:568:27":38,"s:568:33:568:Infinity":282,"f:569:26:569:27":39,"s:569:39:569:Infinity":283,"f:570:27:570:28":40,"s:570:36:570:Infinity":284,"b:579:9:579:Infinity:580:10:603:Infinity":77,"f:584:22:584:23":41,"s:584:29:584:Infinity":285,"f:587:25:587:26":42,"s:587:32:587:Infinity":286,"f:588:23:588:24":43,"s:588:30:588:Infinity":287,"f:589:21:589:22":44,"s:589:28:589:Infinity":288,"b:598:18:598:Infinity:599:18:599:Infinity":78,"f:629:23:629:29":45,"s:629:29:629:Infinity":289,"f:629:38:629:39":46,"s:629:45:629:78":290,"f:637:23:637:29":47,"s:637:29:637:Infinity":291,"f:637:38:637:39":48,"s:637:45:637:78":292,"f:644:23:644:29":49,"s:644:31:644:44":293,"s:644:44:644:73":294,"s:659:52:712:Infinity":295}}}
,"C:\\Projeto\\bound\\src\\components\\CanvasToolbar.tsx": {"path":"C:\\Projeto\\bound\\src\\components\\CanvasToolbar.tsx","statementMap":{"0":{"start":{"line":36,"column":41},"end":{"line":44,"column":null}},"1":{"start":{"line":46,"column":59},"end":{"line":230,"column":null}},"2":{"start":{"line":63,"column":10},"end":{"line":68,"column":null}},"3":{"start":{"line":65,"column":8},"end":{"line":65,"column":null}},"4":{"start":{"line":70,"column":10},"end":{"line":75,"column":null}},"5":{"start":{"line":72,"column":8},"end":{"line":72,"column":null}},"6":{"start":{"line":77,"column":10},"end":{"line":82,"column":null}},"7":{"start":{"line":79,"column":8},"end":{"line":79,"column":null}},"8":{"start":{"line":84,"column":4},"end":{"line":227,"column":null}},"9":{"start":{"line":90,"column":14},"end":{"line":103,"column":null}},"10":{"start":{"line":93,"column":31},"end":{"line":93,"column":null}},"11":{"start":{"line":232,"column":0},"end":{"line":232,"column":null}},"12":{"start":{"line":234,"column":59},"end":{"line":249,"column":null}},"13":{"start":{"line":251,"column":52},"end":{"line":325,"column":null}}},"fnMap":{"0":{"name":"(anonymous_0)","decl":{"start":{"line":47,"column":2},"end":{"line":47,"column":3}},"loc":{"start":{"line":62,"column":8},"end":{"line":229,"column":null}},"line":62},"1":{"name":"(anonymous_1)","decl":{"start":{"line":64,"column":6},"end":{"line":64,"column":7}},"loc":{"start":{"line":64,"column":50},"end":{"line":66,"column":null}},"line":64},"2":{"name":"(anonymous_2)","decl":{"start":{"line":71,"column":6},"end":{"line":71,"column":7}},"loc":{"start":{"line":71,"column":50},"end":{"line":73,"column":null}},"line":71},"3":{"name":"(anonymous_3)","decl":{"start":{"line":78,"column":6},"end":{"line":78,"column":7}},"loc":{"start":{"line":78,"column":50},"end":{"line":80,"column":null}},"line":78},"4":{"name":"(anonymous_4)","decl":{"start":{"line":89,"column":30},"end":{"line":89,"column":31}},"loc":{"start":{"line":90,"column":14},"end":{"line":103,"column":null}},"line":90},"5":{"name":"(anonymous_5)","decl":{"start":{"line":93,"column":25},"end":{"line":93,"column":31}},"loc":{"start":{"line":93,"column":31},"end":{"line":93,"column":null}},"line":93}},"branchMap":{"0":{"loc":{"start":{"line":96,"column":22},"end":{"line":96,"column":null}},"type":"cond-expr","locations":[{"start":{"line":96,"column":50},"end":{"line":96,"column":76}},{"start":{"line":96,"column":76},"end":{"line":96,"column":null}}],"line":96},"1":{"loc":{"start":{"line":116,"column":20},"end":{"line":116,"column":null}},"type":"cond-expr","locations":[{"start":{"line":116,"column":30},"end":{"line":116,"column":35}},{"start":{"line":116,"column":35},"end":{"line":116,"column":null}}],"line":116},"2":{"loc":{"start":{"line":129,"column":20},"end":{"line":129,"column":null}},"type":"cond-expr","locations":[{"start":{"line":129,"column":30},"end":{"line":129,"column":35}},{"start":{"line":129,"column":35},"end":{"line":129,"column":null}}],"line":129},"3":{"loc":{"start":{"line":202,"column":13},"end":{"line":223,"column":null}},"type":"binary-expr","locations":[{"start":{"line":202,"column":13},"end":{"line":202,"column":null}},{"start":{"line":203,"column":14},"end":{"line":223,"column":null}}],"line":202},"4":{"loc":{"start":{"line":212,"column":30},"end":{"line":212,"column":null}},"type":"cond-expr","locations":[{"start":{"line":212,"column":63},"end":{"line":212,"column":72}},{"start":{"line":212,"column":72},"end":{"line":212,"column":null}}],"line":212}},"s":{"0":2,"1":2,"2":28,"3":0,"4":28,"5":0,"6":28,"7":0,"8":28,"9":196,"10":6,"11":2,"12":2,"13":2},"f":{"0":28,"1":0,"2":0,"3":0,"4":196,"5":6},"b":{"0":[28,168],"1":[2,26],"2":[0,28],"3":[28,14],"4":[14,0]},"meta":{"lastBranch":5,"lastFunction":6,"lastStatement":14,"seen":{"s:36:41:44:Infinity":0,"s:46:59:230:Infinity":1,"f:47:2:47:3":0,"s:63:10:68:Infinity":2,"f:64:6:64:7":1,"s:65:8:65:Infinity":3,"s:70:10:75:Infinity":4,"f:71:6:71:7":2,"s:72:8:72:Infinity":5,"s:77:10:82:Infinity":6,"f:78:6:78:7":3,"s:79:8:79:Infinity":7,"s:84:4:227:Infinity":8,"f:89:30:89:31":4,"s:90:14:103:Infinity":9,"f:93:25:93:31":5,"s:93:31:93:Infinity":10,"b:96:50:96:76:96:76:96:Infinity":0,"b:116:30:116:35:116:35:116:Infinity":1,"b:129:30:129:35:129:35:129:Infinity":2,"b:202:13:202:Infinity:203:14:223:Infinity":3,"b:212:63:212:72:212:72:212:Infinity":4,"s:232:0:232:Infinity":11,"s:234:59:249:Infinity":12,"s:251:52:325:Infinity":13}}}
[...]
{"line":188,"column":6},"end":{"line":194,"column":null}},"66":{"start":{"line":189,"column":21},"end":{"line":189,"column":null}},"67":{"start":{"line":190,"column":19},"end":{"line":190,"column":null}},"68":{"start":{"line":191,"column":8},"end":{"line":193,"column":null}},"69":{"start":{"line":192,"column":10},"end":{"line":192,"column":null}},"70":{"start":{"line":195,"column":6},"end":{"line":195,"column":null}},"71":{"start":{"line":197,"column":4},"end":{"line":205,"column":null}},"72":{"start":{"line":198,"column":23},"end":{"line":198,"column":null}},"73":{"start":{"line":199,"column":19},"end":{"line":199,"column":null}},"74":{"start":{"line":200,"column":6},"end":{"line":203,"column":null}},"75":{"start":{"line":201,"column":8},"end":{"line":201,"column":null}},"76":{"start":{"line":202,"column":8},"end":{"line":202,"column":null}},"77":{"start":{"line":204,"column":6},"end":{"line":204,"column":null}},"78":{"start":{"line":212,"column":50},"end":{"line":212,"column":null}},"79":{"start":{"line":213,"column":4},"end":{"line":215,"column":null}},"80":{"start":{"line":214,"column":6},"end":{"line":214,"column":null}},"81":{"start":{"line":214,"column":26},"end":{"line":214,"column":null}},"82":{"start":{"line":216,"column":4},"end":{"line":220,"column":null}},"83":{"start":{"line":217,"column":19},"end":{"line":217,"column":null}},"84":{"start":{"line":218,"column":6},"end":{"line":218,"column":null}},"85":{"start":{"line":218,"column":25},"end":{"line":218,"column":null}},"86":{"start":{"line":219,"column":6},"end":{"line":219,"column":null}},"87":{"start":{"line":230,"column":4},"end":{"line":233,"column":null}},"88":{"start":{"line":240,"column":18},"end":{"line":240,"column":null}},"89":{"start":{"line":241,"column":4},"end":{"line":249,"column":null}}},"fnMap":{"0":{"name":"distanceToSegment","decl":{"start":{"line":24,"column":9},"end":{"line":24,"column":27}},"loc":{"start":{"line":24,"column":73},"end":{"line":41,"column":null}},"line":24},"1":{"name":"(anonymous_1)","decl":{"start":{"line":54,"column":9},"end":{"line":54,"column":20}},"loc":{"start":{"line":54,"column":143},"end":{"line":79,"column":null}},"line":54},"2":{"name":"(anonymous_2)","decl":{"start":{"line":84,"column":9},"end":{"line":84,"column":24}},"loc":{"start":{"line":84,"column":121},"end":{"line":110,"column":null}},"line":84},"3":{"name":"(anonymous_3)","decl":{"start":{"line":117,"column":9},"end":{"line":117,"column":22}},"loc":{"start":{"line":117,"column":112},"end":{"line":159,"column":null}},"line":117},"4":{"name":"(anonymous_4)","decl":{"start":{"line":139,"column":43},"end":{"line":139,"column":44}},"loc":{"start":{"line":139,"column":50},"end":{"line":143,"column":7}},"line":139},"5":{"name":"(anonymous_5)","decl":{"start":{"line":147,"column":8},"end":{"line":147,"column":9}},"loc":{"start":{"line":147,"column":17},"end":{"line":147,"column":null}},"line":147},"6":{"name":"(anonymous_6)","decl":{"start":{"line":164,"column":9},"end":{"line":164,"column":52}},"loc":{"start":{"line":164,"column":52},"end":{"line":169,"column":null}},"line":164},"7":{"name":"(anonymous_7)","decl":{"start":{"line":174,"column":9},"end":{"line":174,"column":21}},"loc":{"start":{"line":174,"column":91},"end":{"line":206,"column":null}},"line":174},"8":{"name":"(anonymous_8)","decl":{"start":{"line":185,"column":26},"end":{"line":185,"column":43}},"loc":{"start":{"line":185,"column":43},"end":{"line":196,"column":null}},"line":185},"9":{"name":"(anonymous_9)","decl":{"start":{"line":197,"column":24},"end":{"line":197,"column":25}},"loc":{"start":{"line":197,"column":37},"end":{"line":205,"column":5}},"line":197},"10":{"name":"(anonymous_10)","decl":{"start":{"line":211,"column":9},"end":{"line":211,"column":25}},"loc":{"start":{"line":211,"column":93},"end":{"line":221,"column":null}},"line":211},"11":{"name":"(anonymous_11)","decl":{"start":{"line":216,"column":21},"end":{"line":216,"column":22}},"loc":{"start":{"line":216,"column":31},"end":{"line":220,"column":5}},"line":216},"12":{"name":"(anonymous_12)","decl":{"start":{"line":226,"column":9},"end":{"line":226,"column":null}},"loc":{"start":{"line":229,"column":19},"end":{"line":234,"column":null}},"line":229},"13":{"name":"(anonymous_13)","decl":{"start":{"line":239,"column":9},"end":{"line":239,"column":25}},"loc":{"start":{"line":239,"column":92},"end":{"line":250,"column":null}},"line":239}},"branchMap":{"0":{"loc":{"start":{"line":28,"column":2},"end":{"line":33,"column":null}},"type":"if","locations":[{"start":{"line":28,"column":2},"end":{"line":33,"column":null}},{"start":{},"end":{}}],"line":28},"1":{"loc":{"start":{"line":55,"column":18},"end":{"line":57,"column":null}},"type":"cond-expr","locations":[{"start":{"line":56,"column":8},"end":{"line":56,"column":null}},{"start":{"line":57,"column":8},"end":{"line":57,"column":null}}],"line":55},"2":{"loc":{"start":{"line":59,"column":23},"end":{"line":61,"column":null}},"type":"cond-expr","locations":[{"start":{"line":60,"column":8},"end":{"line":60,"column":null}},{"start":{"line":61,"column":8},"end":{"line":61,"column":null}}],"line":59},"3":{"loc":{"start":{"line":63,"column":21},"end":{"line":63,"column":null}},"type":"binary-expr","locations":[{"start":{"line":63,"column":21},"end":{"line":63,"column":45}},{"start":{"line":63,"column":45},"end":{"line":63,"column":null}}],"line":63},"4":{"loc":{"start":{"line":63,"column":70},"end":{"line":63,"column":95}},"type":"binary-expr","locations":[{"start":{"line":63,"column":70},"end":{"line":63,"column":91}},{"start":{"line":63,"column":91},"end":{"line":63,"column":95}}],"line":63},"5":{"loc":{"start":{"line":74,"column":15},"end":{"line":74,"column":null}},"type":"binary-expr","locations":[{"start":{"line":74,"column":15},"end":{"line":74,"column":36}},{"start":{"line":74,"column":36},"end":{"line":74,"column":45}},{"start":{"line":74,"column":45},"end":{"line":74,"column":null}}],"line":74},"6":{"loc":{"start":{"line":85,"column":18},"end":{"line":87,"column":null}},"type":"cond-expr","locations":[{"start":{"line":86,"column":8},"end":{"line":86,"column":null}},{"start":{"line":87,"column":8},"end":{"line":87,"column":null}}],"line":85},"7":{"loc":{"start":{"line":89,"column":23},"end":{"line":91,"column":null}},"type":"cond-expr","locations":[{"start":{"line":90,"column":8},"end":{"line":90,"column":null}},{"start":{"line":91,"column":8},"end":{"line":91,"column":null}}],"line":89},"8":{"loc":{"start":{"line":93,"column":21},"end":{"line":93,"column":null}},"type":"binary-expr","locations":[{"start":{"line":93,"column":21},"end":{"line":93,"column":42}},{"start":{"line":93,"column":42},"end":{"line":93,"column":null}}],"line":93},"9":{"loc":{"start":{"line":93,"column":67},"end":{"line":93,"column":90}},"type":"binary-expr","locations":[{"start":{"line":93,"column":67},"end":{"line":93,"column":88}},{"start":{"line":93,"column":88},"end":{"line":93,"column":90}}],"line":93},"10":{"loc":{"start":{"line":104,"column":15},"end":{"line":104,"column":null}},"type":"binary-expr","locations":[{"start":{"line":104,"column":15},"end":{"line":104,"column":33}},{"start":{"line":104,"column":33},"end":{"line":104,"column":null}}],"line":104},"11":{"loc":{"start":{"line":118,"column":4},"end":{"line":120,"column":null}},"type":"if","locations":[{"start":{"line":118,"column":4},"end":{"line":120,"column":null}},{"start":{},"end":{}}],"line":118},"12":{"loc":{"start":{"line":128,"column":21},"end":{"line":128,"column":null}},"type":"binary-expr","locations":[{"start":{"line":128,"column":21},"end":{"line":128,"column":37}},{"start":{"line":128,"column":37},"end":{"line":128,"column":null}}],"line":128},"13":{"loc":{"start":{"line":146,"column":28},"end":{"line":148,"column":null}},"type":"binary-expr","locations":[{"start":{"line":146,"column":28},"end":{"line":146,"column":45}},{"start":{"line":146,"column":45},"end":{"line":148,"column":null}}],"line":146},"14":{"loc":{"start":{"line":150,"column":6},"end":{"line":150,"column":null}},"type":"if","locations":[{"start":{"line":150,"column":6},"end":{"line":150,"column":null}},{"start":{},"end":{}}],"line":150},"15":{"loc":{"start":{"line":152,"column":6},"end":{"line":155,"column":null}},"type":"if","locations":[{"start":{"line":152,"column":6},"end":{"line":155,"column":null}},{"start":{},"end":{}}],"line":152},"16":{"loc":{"start":{"line":179,"column":6},"end":{"line":182,"column":null}},"type":"if","locations":[{"start":{"line":179,"column":6},"end":{"line":182,"column":null}},{"start":{},"end":{}}],"line":179},"17":{"loc":{"start":{"line":186,"column":6},"end":{"line":186,"column":null}},"type":"if","locations":[{"start":{"line":186,"column":6},"end":{"line":186,"column":null}},{"start":{},"end":{}}],"line":186},"18":{"loc":{"start":{"line":186,"column":10},"end":{"line":186,"column":40}},"type":"binary-expr","locations":[{"start":{"line":186,"column":10},"end":{"line":186,"column":20}},{"start":{"line":186,"column":20},"end":{"line":186,"column":40}}],"line":186},"19":{"loc":{"start":{"line":191,"column":8},"end":{"line":193,"column":null}},"type":"if","locations":[{"start":{"line":191,"column":8},"end":{"line":193,"column":null}},{"start":{},"end":{}}],"line":191},"20":{"loc":{"start":{"line":191,"column":12},"end":{"line":191,"column":24}},"type":"binary-expr","locations":[{"start":{"line":191,"column":12},"end":{"line":191,"column":20}},{"start":{"line":191,"column":20},"end":{"line":191,"column":24}}],"line":191},"21":{"loc":{"start":{"line":200,"column":6},"end":{"line":203,"column":null}},"type":"if","locations":[{"start":{"line":200,"column":6},"end":{"line":203,"column":null}},{"start":{},"end":{}}],"line":200},"22":{"loc":{"start":{"line":214,"column":6},"end":{"line":214,"column":null}},"type":"if","locations":[{"start":{"line":214,"column":6},"end":{"line":214,"column":null}},{"start":{},"end":{}}],"line":214},"23":{"loc":{"start":{"line":217,"column":52},"end":{"line":217,"column":85}},"type":"binary-expr","locations":[{"start":{"line":217,"column":52},"end":{"line":217,"column":82}},{"start":{"line":217,"column":82},"end":{"line":217,"column":85}}],"line":217},"24":{"loc":{"start":{"line":218,"column":6},"end":{"line":218,"column":null}},"type":"if","locations":[{"start":{"line":218,"column":6},"end":{"line":218,"column":null}},{"start":{},"end":{}}],"line":218},"25":{"loc":{"start":{"line":240,"column":18},"end":{"line":240,"column":null}},"type":"cond-expr","locations":[{"start":{"line":240,"column":26},"end":{"line":240,"column":48}},{"start":{"line":240,"column":48},"end":{"line":240,"column":null}}],"line":240}},"s":{"0":16,"1":16,"2":9,"3":9,"4":9,"5":9,"6":0,"7":0,"8":0,"9":9,"10":9,"11":9,"12":9,"13":9,"14":9,"15":9,"16":142,"17":142,"18":142,"19":142,"20":0,"21":0,"22":0,"23":0,"24":134,"25":64,"26":70,"27":70,"28":70,"29":93,"30":93,"31":70,"32":70,"33":70,"34":134,"35":134,"36":134,"37":134,"38":134,"39":137,"40":137,"41":137,"42":190,"43":190,"44":190,"45":137,"46":9,"47":137,"48":70,"49":67,"50":67,"51":6,"52":6,"53":67,"54":11,"55":67,"56":67,"57":67,"58":132,"59":6,"60":6,"61":67,"62":132,"63":92,"64":40,"65":40,"66":70,"67":70,"68":70,"69":9,"70":40,"71":67,"72":132,"73":132,"74":132,"75":132,"76":132,"77":132,"78":0,"79":0,"80":0,"81":0,"82":0,"83":0,"84":0,"85":0,"86":0,"87":2,"88":3,"89":3},"f":{"0":9,"1":16,"2":16,"3":16,"4":190,"5":9,"6":16,"7":16,"8":132,"9":132,"10":16,"11":0,"12":16,"13":16},"b":{"0":[0,9],"1":[2,140],"2":[2,140],"3":[142,134],"4":[134,8],"5":[142,142,139],"6":[0,0],"7":[0,0],"8":[0,0],"9":[0,0],"10":[0,0],"11":[64,70],"12":[70,0],"13":[137,70],"14":[70,67],"15":[6,61],"16":[6,126],"17":[92,40],"18":[132,127],"19":[9,61],"20":[70,34],"21":[132,0],"22":[0,0],"23":[0,0],"24":[0,0],"25":[1,2]},"meta":{"lastBranch":26,"lastFunction":14,"lastStatement":90,"seen":{"s:10:22:10:Infinity":0,"s:13:27:13:Infinity":1,"f:24:9:24:27":0,"s:25:13:25:Infinity":2,"s:26:13:26:Infinity":3,"s:27:16:27:Infinity":4,"b:28:2:33:Infinity:undefined:undefined:undefined:undefined":0,"s:28:2:33:Infinity":5,"s:30:15:30:Infinity":6,"s:31:15:31:Infinity":7,"s:32:4:32:Infinity":8,"s:34:6:34:Infinity":9,"s:35:2:35:Infinity":10,"s:36:16:36:Infinity":11,"s:37:16:37:Infinity":12,"s:38:13:38:Infinity":13,"s:39:13:39:Infinity":14,"s:40:2:40:Infinity":15,"f:54:9:54:20":1,"s:55:18:57:Infinity":16,"b:56:8:56:Infinity:57:8:57:Infinity":1,"s:59:23:61:Infinity":17,"b:60:8:60:Infinity:61:8:61:Infinity":2,"s:63:21:63:Infinity":18,"b:63:21:63:45:63:45:63:Infinity":3,"b:63:70:63:91:63:91:63:95":4,"s:65:4:78:Infinity":19,"b:74:15:74:36:74:36:74:45:74:45:74:Infinity":5,"f:84:9:84:24":2,"s:85:18:87:Infinity":20,"b:86:8:86:Infinity:87:8:87:Infinity":6,"s:89:23:91:Infinity":21,"b:90:8:90:Infinity:91:8:91:Infinity":7,"s:93:21:93:Infinity":22,"b:93:21:93:42:93:42:93:Infinity":8,"b:93:67:93:88:93:88:93:90":9,"s:95:4:109:Infinity":23,"b:104:15:104:33:104:33:104:Infinity":10,"f:117:9:117:22":3,"b:118:4:120:Infinity:undefined:undefined:undefined:undefined":11,"s:118:4:120:Infinity":24,"s:119:6:119:Infinity":25,"s:123:13:123:16":26,"s:123:21:123:Infinity":27,"s:124:4:124:Infinity":28,"s:124:32:124:43":29,"s:124:43:124:54":30,"s:125:4:125:Infinity":31,"s:126:4:126:Infinity":32,"s:128:21:128:Infinity":33,"b:128:21:128:37:128:37:128:Infinity":12,"s:131:22:131:Infinity":34,"s:132:17:132:Infinity":35,"s:133:16:133:Infinity":36,"s:134:4:156:Infinity":37,"s:134:23:134:26":38,"s:135:16:135:Infinity":39,"s:136:16:136:Infinity":40,"s:139:28:143:Infinity":41,"f:139:43:139:44":4,"s:140:19:140:Infinity":42,"s:141:19:141:Infinity":43,"s:142:8:142:Infinity":44,"s:146:28:148:Infinity":45,"b:146:28:146:45:146:45:148:Infinity":13,"f:147:8:147:9":5,"s:147:17:147:Infinity":46,"b:150:6:150:Infinity:undefined:undefined:undefined:undefined":14,"s:150:6:150:Infinity":47,"s:150:25:150:Infinity":48,"s:151:6:151:Infinity":49,"b:152:6:155:Infinity:undefined:undefined:undefined:undefined":15,"s:152:6:155:Infinity":50,"s:153:8:153:Infinity":51,"s:154:8:154:Infinity":52,"s:158:4:158:Infinity":53,"f:164:9:164:52":6,"s:165:4:168:Infinity":54,"f:174:9:174:21":7,"s:175:50:175:Infinity":55,"s:176:24:176:Infinity":56,"s:178:4:183:Infinity":57,"b:179:6:182:Infinity:undefined:undefined:undefined:undefined":16,"s:179:6:182:Infinity":58,"s:180:8:180:Infinity":59,"s:181:8:181:Infinity":60,"s:185:26:196:Infinity":61,"f:185:26:185:43":8,"b:186:6:186:Infinity:undefined:undefined:undefined:undefined":17,"s:186:6:186:Infinity":62,"b:186:10:186:20:186:20:186:40":18,"s:186:40:186:Infinity":63,"s:187:30:187:Infinity":64,"s:188:6:194:Infinity":65,"s:189:21:189:Infinity":66,"s:190:19:190:Infinity":67,"b:191:8:193:Infinity:undefined:undefined:undefined:undefined":19,"s:191:8:193:Infinity":68,"b:191:12:191:20:191:20:191:24":20,"s:192:10:192:Infinity":69,"s:195:6:195:Infinity":70,"s:197:4:205:Infinity":71,"f:197:24:197:25":9,"s:198:23:198:Infinity":72,"s:199:19:199:Infinity":73,"b:200:6:203:Infinity:undefined:undefined:undefined:undefined":21,"s:200:6:203:Infinity":74,"s:201:8:201:Infinity":75,"s:202:8:202:Infinity":76,"s:204:6:204:Infinity":77,"f:211:9:211:25":10,"s:212:50:212:Infinity":78,"s:213:4:215:Infinity":79,"b:214:6:214:Infinity:undefined:undefined:undefined:undefined":22,"s:214:6:214:Infinity":80,"s:214:26:214:Infinity":81,"s:216:4:220:Infinity":82,"f:216:21:216:22":11,"s:217:19:217:Infinity":83,"b:217:52:217:82:217:82:217:85":23,"b:218:6:218:Infinity:undefined:undefined:undefined:undefined":24,"s:218:6:218:Infinity":84,"s:218:25:218:Infinity":85,"s:219:6:219:Infinity":86,"f:226:9:226:Infinity":12,"s:230:4:233:Infinity":87,"f:239:9:239:25":13,"s:240:18:240:Infinity":88,"b:240:26:240:48:240:48:240:Infinity":25,"s:241:4:249:Infinity":89}}}
,"C:\\Projeto\\bound\\src\\utils\\validation\\boundValidator.ts": {"path":"C:\\Projeto\\bound\\src\\utils\\validation\\boundValidator.ts","statementMap":{"0":{"start":{"line":8,"column":2},"end":{"line":8,"column":null}},"1":{"start":{"line":8,"column":47},"end":{"line":8,"column":null}},"2":{"start":{"line":9,"column":12},"end":{"line":9,"column":null}},"3":{"start":{"line":10,"column":2},"end":{"line":15,"column":null}},"4":{"start":{"line":20,"column":27},"end":{"line":20,"column":null}},"5":{"start":{"line":21,"column":2},"end":{"line":21,"column":null}},"6":{"start":{"line":21,"column":26},"end":{"line":21,"column":null}},"7":{"start":{"line":22,"column":2},"end":{"line":22,"column":null}},"8":{"start":{"line":22,"column":35},"end":{"line":22,"column":null}},"9":{"start":{"line":23,"column":2},"end":{"line":23,"column":null}},"10":{"start":{"line":23,"column":43},"end":{"line":23,"column":null}},"11":{"start":{"line":24,"column":2},"end":{"line":24,"column":null}},"12":{"start":{"line":24,"column":30},"end":{"line":24,"column":null}},"13":{"start":{"line":25,"column":2},"end":{"line":25,"column":null}}},"fnMap":{"0":{"name":"isBoundFile","decl":{"start":{"line":7,"column":16},"end":{"line":7,"column":28}},"loc":{"start":{"line":7,"column":60},"end":{"line":17,"column":null}},"line":7},"1":{"name":"validateBoundFile","decl":{"start":{"line":19,"column":16},"end":{"line":19,"column":34}},"loc":{"start":{"line":19,"column":61},"end":{"line":26,"column":null}},"line":19}},"branchMap":{"0":{"loc":{"start":{"line":8,"column":2},"end":{"line":8,"column":null}},"type":"if","locations":[{"start":{"line":8,"column":2},"end":{"line":8,"column":null}},{"start":{},"end":{}}],"line":8},"1":{"loc":{"start":{"line":8,"column":6},"end":{"line":8,"column":47}},"type":"binary-expr","locations":[{"start":{"line":8,"column":6},"end":{"line":8,"column":33}},{"start":{"line":8,"column":33},"end":{"line":8,"column":47}}],"line":8},"2":{"loc":{"start":{"line":11,"column":4},"end":{"line":15,"column":null}},"type":"binary-expr","locations":[{"start":{"line":11,"column":4},"end":{"line":11,"column":null}},{"start":{"line":12,"column":4},"end":{"line":12,"column":null}},{"start":{"line":13,"column":4},"end":{"line":13,"column":null}},{"start":{"line":14,"column":4},"end":{"line":14,"column":null}},{"start":{"line":15,"column":5},"end":{"line":15,"column":38}},{"start":{"line":15,"column":38},"end":{"line":15,"column":null}}],"line":11},"3":{"loc":{"start":{"line":21,"column":2},"end":{"line":21,"column":null}},"type":"if","locations":[{"start":{"line":21,"column":2},"end":{"line":21,"column":null}},{"start":{},"end":{}}],"line":21},"4":{"loc":{"start":{"line":22,"column":2},"end":{"line":22,"column":null}},"type":"if","locations":[{"start":{"line":22,"column":2},"end":{"line":22,"column":null}},{"start":{},"end":{}}],"line":22},"5":{"loc":{"start":{"line":23,"column":2},"end":{"line":23,"column":null}},"type":"if","locations":[{"start":{"line":23,"column":2},"end":{"line":23,"column":null}},{"start":{},"end":{}}],"line":23},"6":{"loc":{"start":{"line":24,"column":2},"end":{"line":24,"column":null}},"type":"if","locations":[{"start":{"line":24,"column":2},"end":{"line":24,"column":null}},{"start":{},"end":{}}],"line":24}},"s":{"0":10,"1":3,"2":7,"3":7,"4":7,"5":7,"6":2,"7":7,"8":1,"9":7,"10":1,"11":7,"12":1,"13":7},"f":{"0":10,"1":7},"b":{"0":[3,7],"1":[10,8],"2":[7,6,6,6,6,5],"3":[2,5],"4":[1,6],"5":[1,6],"6":[1,6]},"meta":{"lastBranch":7,"lastFunction":2,"lastStatement":14,"seen":{"f:7:16:7:28":0,"b:8:2:8:Infinity:undefined:undefined:undefined:undefined":0,"s:8:2:8:Infinity":0,"b:8:6:8:33:8:33:8:47":1,"s:8:47:8:Infinity":1,"s:9:12:9:Infinity":2,"s:10:2:15:Infinity":3,"b:11:4:11:Infinity:12:4:12:Infinity:13:4:13:Infinity:14:4:14:Infinity:15:5:15:38:15:38:15:Infinity":2,"f:19:16:19:34":1,"s:20:27:20:Infinity":4,"b:21:2:21:Infinity:undefined:undefined:undefined:undefined":3,"s:21:2:21:Infinity":5,"s:21:26:21:Infinity":6,"b:22:2:22:Infinity:undefined:undefined:undefined:undefined":4,"s:22:2:22:Infinity":7,"s:22:35:22:Infinity":8,"b:23:2:23:Infinity:undefined:undefined:undefined:undefined":5,"s:23:2:23:Infinity":9,"s:23:43:23:Infinity":10,"b:24:2:24:Infinity:undefined:undefined:undefined:undefined":6,"s:24:2:24:Infinity":11,"s:24:30:24:Infinity":12,"s:25:2:25:Infinity":13}}}
}
