{"C:\\Projeto\\bound\\src\\constants\\canvas.ts": {"path":"C:\\Projeto\\bound\\src\\constants\\canvas.ts","statementMap":{"0":{"start":{"line":8,"column":49},"end":{"line":17,"column":null}},"1":{"start":{"line":19,"column":30},"end":{"line":26,"column":null}},"2":{"start":{"line":28,"column":33},"end":{"line":37,"column":null}},"3":{"start":{"line":39,"column":36},"end":{"line":44,"column":null}},"4":{"start":{"line":46,"column":39},"end":{"line":46,"column":null}},"5":{"start":{"line":47,"column":36},"end":{"line":47,"column":null}},"6":{"start":{"line":48,"column":37},"end":{"line":48,"column":null}},"7":{"start":{"line":49,"column":31},"end":{"line":49,"column":null}},"8":{"start":{"line":50,"column":38},"end":{"line":50,"column":null}},"9":{"start":{"line":51,"column":27},"end":{"line":51,"column":null}},"10":{"start":{"line":52,"column":30},"end":{"line":52,"column":null}},"11":{"start":{"line":53,"column":32},"end":{"line":53,"column":null}}},"fnMap":{},"branchMap":{},"s":{"0":4,"1":4,"2":4,"3":4,"4":4,"5":4,"6":4,"7":4,"8":4,"9":4,"10":4,"11":4},"f":{},"b":{},"meta":{"lastBranch":0,"lastFunction":0,"lastStatement":12,"seen":{"s:8:49:17:Infinity":0,"s:19:30:26:Infinity":1,"s:28:33:37:Infinity":2,"s:39:36:44:Infinity":3,"s:46:39:46:Infinity":4,"s:47:36:47:Infinity":5,"s:48:37:48:Infinity":6,"s:49:31:49:Infinity":7,"s:50:38:50:Infinity":8,"s:51:27:51:Infinity":9,"s:52:30:52:Infinity":10,"s:53:32:53:Infinity":11}}}
,"C:\\Projeto\\bound\\src\\constants\\graph.ts": {"path":"C:\\Projeto\\bound\\src\\constants\\graph.ts","statementMap":{"0":{"start":{"line":10,"column":51},"end":{"line":17,"column":null}},"1":{"start":{"line":22,"column":28},"end":{"line":32,"column":null}},"2":{"start":{"line":37,"column":31},"end":{"line":106,"column":null}},"3":{"start":{"line":112,"column":58},"end":{"line":155,"column":null}},"4":{"start":{"line":117,"column":25},"end":{"line":117,"column":null}},"5":{"start":{"line":118,"column":27},"end":{"line":118,"column":null}},"6":{"start":{"line":160,"column":35},"end":{"line":160,"column":null}},"7":{"start":{"line":161,"column":36},"end":{"line":161,"column":null}},"8":{"start":{"line":166,"column":72},"end":{"line":172,"column":null}}},"fnMap":{"0":{"name":"(anonymous_0)","decl":{"start":{"line":117,"column":19},"end":{"line":117,"column":25}},"loc":{"start":{"line":117,"column":25},"end":{"line":117,"column":null}},"line":117},"1":{"name":"(anonymous_1)","decl":{"start":{"line":118,"column":21},"end":{"line":118,"column":27}},"loc":{"start":{"line":118,"column":27},"end":{"line":118,"column":null}},"line":118}},"branchMap":{},"s":{"0":9,"1":9,"2":9,"3":9,"4":0,"5":0,"6":9,"7":9,"8":9},"f":{"0":0,"1":0},"b":{},"meta":{"lastBranch":0,"lastFunction":2,"lastStatement":9,"seen":{"s:10:51:17:Infinity":0,"s:22:28:32:Infinity":1,"s:37:31:106:Infinity":2,"s:112:58:155:Infinity":3,"f:117:19:117:25":0,"s:117:25:117:Infinity":4,"f:118:21:118:27":1,"s:118:27:118:Infinity":5,"s:160:35:160:Infinity":6,"s:161:36:161:Infinity":7,"s:166:72:172:Infinity":8}}}
,"C:\\Projeto\\bound\\src\\constants\\schema.ts": {"path":"C:\\Projeto\\bound\\src\\constants\\schema.ts","statementMap":{"0":{"start":{"line":7,"column":30},"end":{"line":7,"column":null}},"1":{"start":{"line":8,"column":27},"end":{"line":8,"column":null}},"2":{"start":{"line":11,"column":2},"end":{"line":21,"column":null}}},"fnMap":{"0":{"name":"getDefaultState","decl":{"start":{"line":10,"column":16},"end":{"line":10,"column":44}},"loc":{"start":{"line":10,"column":44},"end":{"line":22,"column":null}},"line":10}},"branchMap":{},"s":{"0":13,"1":13,"2":276},"f":{"0":276},"b":{},"meta":{"lastBranch":0,"lastFunction":1,"lastStatement":3,"seen":{"s:7:30:7:Infinity":0,"s:8:27:8:Infinity":1,"f:10:16:10:44":0,"s:11:2:21:Infinity":2}}}
,"C:\\Projeto\\bound\\src\\hooks\\useCanvasEditor.ts": {"path":"C:\\Projeto\\bound\\src\\hooks\\useCanvasEditor.ts","statementMap":{"0":{"start":{"line":61,"column":119},"end":{"line":62,"column":null}},"1":{"start":{"line":65,"column":36},"end":{"line":65,"column":null}},"2":{"start":{"line":66,"column":44},"end":{"line":66,"column":null}},"3":{"start":{"line":69,"column":32},"end":{"line":69,"column":null}},"4":{"start":{"line":70,"column":38},"end":{"line":70,"column":null}},"5":{"start":{"line":73,"column":36},"end":{"line":73,"column":null}},"6":{"start":{"line":76,"column":28},"end":{"line":78,"column":null}},"7":{"start":{"line":77,"column":4},"end":{"line":77,"column":null}},"8":{"start":{"line":81,"column":8},"end":{"line":81,"column":null}},"9":{"start":{"line":84,"column":2},"end":{"line":90,"column":null}},"10":{"start":{"line":85,"column":4},"end":{"line":88,"column":null}},"11":{"start":{"line":86,"column":6},"end":{"line":86,"column":null}},"12":{"start":{"line":87,"column":6},"end":{"line":87,"column":null}},"13":{"start":{"line":93,"column":17},"end":{"line":93,"column":null}},"14":{"start":{"line":94,"column":18},"end":{"line":94,"column":null}},"15":{"start":{"line":95,"column":18},"end":{"line":95,"column":null}},"16":{"start":{"line":98,"column":8},"end":{"line":101,"column":null}},"17":{"start":{"line":99,"column":4},"end":{"line":99,"column":null}},"18":{"start":{"line":99,"column":30},"end":{"line":99,"column":48}},"19":{"start":{"line":100,"column":4},"end":{"line":100,"column":null}},"20":{"start":{"line":103,"column":8},"end":{"line":105,"column":null}},"21":{"start":{"line":104,"column":4},"end":{"line":104,"column":null}},"22":{"start":{"line":104,"column":30},"end":{"line":104,"column":53}},"23":{"start":{"line":107,"column":8},"end":{"line":109,"column":null}},"24":{"start":{"line":108,"column":4},"end":{"line":108,"column":null}},"25":{"start":{"line":108,"column":30},"end":{"line":108,"column":55}},"26":{"start":{"line":111,"column":8},"end":{"line":113,"column":null}},"27":{"start":{"line":112,"column":4},"end":{"line":112,"column":null}},"28":{"start":{"line":112,"column":30},"end":{"line":112,"column":55}},"29":{"start":{"line":115,"column":8},"end":{"line":117,"column":null}},"30":{"start":{"line":116,"column":4},"end":{"line":116,"column":null}},"31":{"start":{"line":116,"column":30},"end":{"line":116,"column":51}},"32":{"start":{"line":119,"column":8},"end":{"line":121,"column":null}},"33":{"start":{"line":120,"column":4},"end":{"line":120,"column":null}},"34":{"start":{"line":120,"column":30},"end":{"line":120,"column":54}},"35":{"start":{"line":123,"column":8},"end":{"line":125,"column":null}},"36":{"start":{"line":124,"column":4},"end":{"line":124,"column":null}},"37":{"start":{"line":124,"column":30},"end":{"line":124,"column":52}},"38":{"start":{"line":128,"column":8},"end":{"line":136,"column":null}},"39":{"start":{"line":130,"column":24},"end":{"line":130,"column":null}},"40":{"start":{"line":131,"column":6},"end":{"line":131,"column":null}},"41":{"start":{"line":132,"column":6},"end":{"line":132,"column":null}},"42":{"start":{"line":132,"column":24},"end":{"line":132,"column":64}},"43":{"start":{"line":133,"column":6},"end":{"line":133,"column":null}},"44":{"start":{"line":138,"column":8},"end":{"line":149,"column":null}},"45":{"start":{"line":140,"column":24},"end":{"line":140,"column":null}},"46":{"start":{"line":140,"column":50},"end":{"line":140,"column":66}},"47":{"start":{"line":141,"column":6},"end":{"line":141,"column":null}},"48":{"start":{"line":142,"column":6},"end":{"line":142,"column":null}},"49":{"start":{"line":142,"column":24},"end":{"line":142,"column":64}},"50":{"start":{"line":143,"column":6},"end":{"line":145,"column":null}},"51":{"start":{"line":144,"column":8},"end":{"line":144,"column":null}},"52":{"start":{"line":146,"column":6},"end":{"line":146,"column":null}},"53":{"start":{"line":151,"column":8},"end":{"line":161,"column":null}},"54":{"start":{"line":153,"column":24},"end":{"line":155,"column":null}},"55":{"start":{"line":154,"column":8},"end":{"line":154,"column":null}},"56":{"start":{"line":156,"column":6},"end":{"line":156,"column":null}},"57":{"start":{"line":157,"column":6},"end":{"line":157,"column":null}},"58":{"start":{"line":157,"column":24},"end":{"line":157,"column":64}},"59":{"start":{"line":158,"column":6},"end":{"line":158,"column":null}},"60":{"start":{"line":163,"column":8},"end":{"line":172,"column":null}},"61":{"start":{"line":165,"column":24},"end":{"line":167,"column":null}},"62":{"start":{"line":166,"column":8},"end":{"line":166,"column":null}},"63":{"start":{"line":168,"column":6},"end":{"line":168,"column":null}},"64":{"start":{"line":174,"column":8},"end":{"line":184,"column":null}},"65":{"start":{"line":176,"column":24},"end":{"line":178,"column":null}},"66":{"start":{"line":177,"column":8},"end":{"line":177,"column":null}},"67":{"start":{"line":179,"column":6},"end":{"line":179,"column":null}},"68":{"start":{"line":180,"column":6},"end":{"line":180,"column":null}},"69":{"start":{"line":180,"column":24},"end":{"line":180,"column":64}},"70":{"start":{"line":181,"column":6},"end":{"line":181,"column":null}},"71":{"start":{"line":186,"column":8},"end":{"line":191,"column":null}},"72":{"start":{"line":187,"column":4},"end":{"line":187,"column":null}},"73":{"start":{"line":188,"column":4},"end":{"line":188,"column":null}},"74":{"start":{"line":188,"column":22},"end":{"line":188,"column":55}},"75":{"start":{"line":189,"column":4},"end":{"line":189,"column":null}},"76":{"start":{"line":190,"column":4},"end":{"line":190,"column":null}},"77":{"start":{"line":194,"column":8},"end":{"line":198,"column":null}},"78":{"start":{"line":195,"column":4},"end":{"line":195,"column":null}},"79":{"start":{"line":195,"column":46},"end":{"line":195,"column":null}},"80":{"start":{"line":196,"column":4},"end":{"line":196,"column":null}},"81":{"start":{"line":197,"column":4},"end":{"line":197,"column":null}},"82":{"start":{"line":200,"column":8},"end":{"line":204,"column":null}},"83":{"start":{"line":201,"column":4},"end":{"line":201,"column":null}},"84":{"start":{"line":202,"column":4},"end":{"line":202,"column":null}},"85":{"start":{"line":202,"column":37},"end":{"line":202,"column":null}},"86":{"start":{"line":206,"column":8},"end":{"line":233,"column":null}},"87":{"start":{"line":208,"column":6},"end":{"line":208,"column":null}},"88":{"start":{"line":208,"column":39},"end":{"line":208,"column":null}},"89":{"start":{"line":210,"column":19},"end":{"line":210,"column":null}},"90":{"start":{"line":211,"column":6},"end":{"line":215,"column":null}},"91":{"start":{"line":212,"column":8},"end":{"line":212,"column":null}},"92":{"start":{"line":213,"column":8},"end":{"line":213,"column":null}},"93":{"start":{"line":214,"column":8},"end":{"line":214,"column":null}},"94":{"start":{"line":218,"column":24},"end":{"line":218,"column":null}},"95":{"start":{"line":220,"column":20},"end":{"line":226,"column":null}},"96":{"start":{"line":228,"column":6},"end":{"line":228,"column":null}},"97":{"start":{"line":229,"column":6},"end":{"line":229,"column":null}},"98":{"start":{"line":230,"column":6},"end":{"line":230,"column":null}},"99":{"start":{"line":235,"column":8},"end":{"line":238,"column":null}},"100":{"start":{"line":236,"column":4},"end":{"line":236,"column":null}},"101":{"start":{"line":237,"column":4},"end":{"line":237,"column":null}},"102":{"start":{"line":241,"column":8},"end":{"line":246,"column":null}},"103":{"start":{"line":242,"column":23},"end":{"line":242,"column":null}},"104":{"start":{"line":243,"column":4},"end":{"line":243,"column":null}},"105":{"start":{"line":244,"column":4},"end":{"line":244,"column":null}},"106":{"start":{"line":245,"column":4},"end":{"line":245,"column":null}},"107":{"start":{"line":248,"column":8},"end":{"line":253,"column":null}},"108":{"start":{"line":249,"column":23},"end":{"line":249,"column":null}},"109":{"start":{"line":250,"column":4},"end":{"line":250,"column":null}},"110":{"start":{"line":251,"column":4},"end":{"line":251,"column":null}},"111":{"start":{"line":252,"column":4},"end":{"line":252,"column":null}},"112":{"start":{"line":256,"column":8},"end":{"line":284,"column":null}},"113":{"start":{"line":257,"column":4},"end":{"line":257,"column":null}},"114":{"start":{"line":257,"column":46},"end":{"line":257,"column":null}},"115":{"start":{"line":260,"column":31},"end":{"line":260,"column":null}},"116":{"start":{"line":261,"column":23},"end":{"line":261,"column":null}},"117":{"start":{"line":261,"column":61},"end":{"line":261,"column":65}},"118":{"start":{"line":262,"column":19},"end":{"line":262,"column":null}},"119":{"start":{"line":262,"column":50},"end":{"line":262,"column":54}},"120":{"start":{"line":265,"column":4},"end":{"line":269,"column":null}},"121":{"start":{"line":266,"column":6},"end":{"line":268,"column":null}},"122":{"start":{"line":267,"column":8},"end":{"line":267,"column":null}},"123":{"start":{"line":272,"column":4},"end":{"line":281,"column":null}},"124":{"start":{"line":273,"column":6},"end":{"line":280,"column":null}},"125":{"start":{"line":274,"column":8},"end":{"line":274,"column":null}},"126":{"start":{"line":276,"column":25},"end":{"line":276,"column":null}},"127":{"start":{"line":276,"column":56},"end":{"line":276,"column":73}},"128":{"start":{"line":277,"column":8},"end":{"line":279,"column":null}},"129":{"start":{"line":278,"column":10},"end":{"line":278,"column":null}},"130":{"start":{"line":283,"column":4},"end":{"line":283,"column":null}},"131":{"start":{"line":287,"column":2},"end":{"line":295,"column":null}},"132":{"start":{"line":288,"column":4},"end":{"line":288,"column":null}},"133":{"start":{"line":288,"column":32},"end":{"line":288,"column":null}},"134":{"start":{"line":290,"column":18},"end":{"line":292,"column":null}},"135":{"start":{"line":291,"column":6},"end":{"line":291,"column":null}},"136":{"start":{"line":294,"column":4},"end":{"line":294,"column":null}},"137":{"start":{"line":294,"column":17},"end":{"line":294,"column":null}},"138":{"start":{"line":297,"column":2},"end":{"line":326,"column":null}}},"fnMap":{"0":{"name":"useCanvasEditor","decl":{"start":{"line":58,"column":16},"end":{"line":58,"column":null}},"loc":{"start":{"line":60,"column":25},"end":{"line":327,"column":null}},"line":60},"1":{"name":"(anonymous_1)","decl":{"start":{"line":76,"column":56},"end":{"line":76,"column":null}},"loc":{"start":{"line":77,"column":4},"end":{"line":77,"column":null}},"line":77},"2":{"name":"(anonymous_2)","decl":{"start":{"line":84,"column":12},"end":{"line":84,"column":18}},"loc":{"start":{"line":84,"column":18},"end":{"line":90,"column":5}},"line":84},"3":{"name":"(anonymous_3)","decl":{"start":{"line":98,"column":30},"end":{"line":98,"column":31}},"loc":{"start":{"line":98,"column":50},"end":{"line":101,"column":5}},"line":98},"4":{"name":"(anonymous_4)","decl":{"start":{"line":99,"column":19},"end":{"line":99,"column":20}},"loc":{"start":{"line":99,"column":30},"end":{"line":99,"column":48}},"line":99},"5":{"name":"(anonymous_5)","decl":{"start":{"line":103,"column":35},"end":{"line":103,"column":36}},"loc":{"start":{"line":103,"column":58},"end":{"line":105,"column":5}},"line":103},"6":{"name":"(anonymous_6)","decl":{"start":{"line":104,"column":19},"end":{"line":104,"column":20}},"loc":{"start":{"line":104,"column":30},"end":{"line":104,"column":53}},"line":104},"7":{"name":"(anonymous_7)","decl":{"start":{"line":107,"column":37},"end":{"line":107,"column":38}},"loc":{"start":{"line":107,"column":62},"end":{"line":109,"column":5}},"line":107},"8":{"name":"(anonymous_8)","decl":{"start":{"line":108,"column":19},"end":{"line":108,"column":20}},"loc":{"start":{"line":108,"column":30},"end":{"line":108,"column":55}},"line":108},"9":{"name":"(anonymous_9)","decl":{"start":{"line":111,"column":37},"end":{"line":111,"column":38}},"loc":{"start":{"line":111,"column":62},"end":{"line":113,"column":5}},"line":111},"10":{"name":"(anonymous_10)","decl":{"start":{"line":112,"column":19},"end":{"line":112,"column":20}},"loc":{"start":{"line":112,"column":30},"end":{"line":112,"column":55}},"line":112},"11":{"name":"(anonymous_11)","decl":{"start":{"line":115,"column":33},"end":{"line":115,"column":34}},"loc":{"start":{"line":115,"column":54},"end":{"line":117,"column":5}},"line":115},"12":{"name":"(anonymous_12)","decl":{"start":{"line":116,"column":19},"end":{"line":116,"column":20}},"loc":{"start":{"line":116,"column":30},"end":{"line":116,"column":51}},"line":116},"13":{"name":"(anonymous_13)","decl":{"start":{"line":119,"column":36},"end":{"line":119,"column":37}},"loc":{"start":{"line":119,"column":60},"end":{"line":121,"column":5}},"line":119},"14":{"name":"(anonymous_14)","decl":{"start":{"line":120,"column":19},"end":{"line":120,"column":20}},"loc":{"start":{"line":120,"column":30},"end":{"line":120,"column":54}},"line":120},"15":{"name":"(anonymous_15)","decl":{"start":{"line":123,"column":34},"end":{"line":123,"column":35}},"loc":{"start":{"line":123,"column":56},"end":{"line":125,"column":5}},"line":123},"16":{"name":"(anonymous_16)","decl":{"start":{"line":124,"column":19},"end":{"line":124,"column":20}},"loc":{"start":{"line":124,"column":30},"end":{"line":124,"column":52}},"line":124},"17":{"name":"(anonymous_17)","decl":{"start":{"line":129,"column":4},"end":{"line":129,"column":5}},"loc":{"start":{"line":129,"column":22},"end":{"line":134,"column":null}},"line":129},"18":{"name":"(anonymous_18)","decl":{"start":{"line":132,"column":17},"end":{"line":132,"column":18}},"loc":{"start":{"line":132,"column":24},"end":{"line":132,"column":64}},"line":132},"19":{"name":"(anonymous_19)","decl":{"start":{"line":139,"column":4},"end":{"line":139,"column":5}},"loc":{"start":{"line":139,"column":25},"end":{"line":147,"column":null}},"line":139},"20":{"name":"(anonymous_20)","decl":{"start":{"line":140,"column":43},"end":{"line":140,"column":44}},"loc":{"start":{"line":140,"column":50},"end":{"line":140,"column":66}},"line":140},"21":{"name":"(anonymous_21)","decl":{"start":{"line":142,"column":17},"end":{"line":142,"column":18}},"loc":{"start":{"line":142,"column":24},"end":{"line":142,"column":64}},"line":142},"22":{"name":"(anonymous_22)","decl":{"start":{"line":152,"column":4},"end":{"line":152,"column":5}},"loc":{"start":{"line":152,"column":50},"end":{"line":159,"column":null}},"line":152},"23":{"name":"(anonymous_23)","decl":{"start":{"line":153,"column":40},"end":{"line":153,"column":41}},"loc":{"start":{"line":154,"column":8},"end":{"line":154,"column":null}},"line":154},"24":{"name":"(anonymous_24)","decl":{"start":{"line":157,"column":17},"end":{"line":157,"column":18}},"loc":{"start":{"line":157,"column":24},"end":{"line":157,"column":64}},"line":157},"25":{"name":"(anonymous_25)","decl":{"start":{"line":164,"column":4},"end":{"line":164,"column":5}},"loc":{"start":{"line":164,"column":45},"end":{"line":170,"column":null}},"line":164},"26":{"name":"(anonymous_26)","decl":{"start":{"line":165,"column":40},"end":{"line":165,"column":41}},"loc":{"start":{"line":166,"column":8},"end":{"line":166,"column":null}},"line":166},"27":{"name":"(anonymous_27)","decl":{"start":{"line":175,"column":4},"end":{"line":175,"column":5}},"loc":{"start":{"line":175,"column":53},"end":{"line":182,"column":null}},"line":175},"28":{"name":"(anonymous_28)","decl":{"start":{"line":176,"column":40},"end":{"line":176,"column":41}},"loc":{"start":{"line":177,"column":8},"end":{"line":177,"column":null}},"line":177},"29":{"name":"(anonymous_29)","decl":{"start":{"line":180,"column":17},"end":{"line":180,"column":18}},"loc":{"start":{"line":180,"column":24},"end":{"line":180,"column":64}},"line":180},"30":{"name":"(anonymous_30)","decl":{"start":{"line":186,"column":37},"end":{"line":186,"column":43}},"loc":{"start":{"line":186,"column":43},"end":{"line":191,"column":5}},"line":186},"31":{"name":"(anonymous_31)","decl":{"start":{"line":188,"column":15},"end":{"line":188,"column":16}},"loc":{"start":{"line":188,"column":22},"end":{"line":188,"column":55}},"line":188},"32":{"name":"(anonymous_32)","decl":{"start":{"line":194,"column":35},"end":{"line":194,"column":36}},"loc":{"start":{"line":194,"column":59},"end":{"line":198,"column":5}},"line":194},"33":{"name":"(anonymous_33)","decl":{"start":{"line":200,"column":38},"end":{"line":200,"column":39}},"loc":{"start":{"line":200,"column":62},"end":{"line":204,"column":5}},"line":200},"34":{"name":"(anonymous_34)","decl":{"start":{"line":207,"column":4},"end":{"line":207,"column":5}},"loc":{"start":{"line":207,"column":46},"end":{"line":231,"column":null}},"line":207},"35":{"name":"(anonymous_35)","decl":{"start":{"line":235,"column":36},"end":{"line":235,"column":42}},"loc":{"start":{"line":235,"column":42},"end":{"line":238,"column":5}},"line":235},"36":{"name":"(anonymous_36)","decl":{"start":{"line":241,"column":27},"end":{"line":241,"column":33}},"loc":{"start":{"line":241,"column":33},"end":{"line":246,"column":5}},"line":241},"37":{"name":"(anonymous_37)","decl":{"start":{"line":248,"column":27},"end":{"line":248,"column":33}},"loc":{"start":{"line":248,"column":33},"end":{"line":253,"column":5}},"line":248},"38":{"name":"(anonymous_38)","decl":{"start":{"line":256,"column":36},"end":{"line":256,"column":42}},"loc":{"start":{"line":256,"column":42},"end":{"line":284,"column":5}},"line":256},"39":{"name":"(anonymous_39)","decl":{"start":{"line":261,"column":54},"end":{"line":261,"column":55}},"loc":{"start":{"line":261,"column":61},"end":{"line":261,"column":65}},"line":261},"40":{"name":"(anonymous_40)","decl":{"start":{"line":262,"column":43},"end":{"line":262,"column":44}},"loc":{"start":{"line":262,"column":50},"end":{"line":262,"column":54}},"line":262},"41":{"name":"(anonymous_41)","decl":{"start":{"line":276,"column":49},"end":{"line":276,"column":50}},"loc":{"start":{"line":276,"column":56},"end":{"line":276,"column":73}},"line":276},"42":{"name":"(anonymous_42)","decl":{"start":{"line":287,"column":12},"end":{"line":287,"column":18}},"loc":{"start":{"line":287,"column":18},"end":{"line":295,"column":5}},"line":287},"43":{"name":"(anonymous_43)","decl":{"start":{"line":290,"column":29},"end":{"line":290,"column":35}},"loc":{"start":{"line":290,"column":35},"end":{"line":292,"column":7}},"line":290},"44":{"name":"(anonymous_44)","decl":{"start":{"line":294,"column":11},"end":{"line":294,"column":17}},"loc":{"start":{"line":294,"column":17},"end":{"line":294,"column":null}},"line":294}},"branchMap":{"0":{"loc":{"start":{"line":85,"column":4},"end":{"line":88,"column":null}},"type":"if","locations":[{"start":{"line":85,"column":4},"end":{"line":88,"column":null}},{"start":{},"end":{}}],"line":85},"1":{"loc":{"start":{"line":143,"column":6},"end":{"line":145,"column":null}},"type":"if","locations":[{"start":{"line":143,"column":6},"end":{"line":145,"column":null}},{"start":{},"end":{}}],"line":143},"2":{"loc":{"start":{"line":154,"column":8},"end":{"line":154,"column":null}},"type":"cond-expr","locations":[{"start":{"line":154,"column":27},"end":{"line":154,"column":50}},{"start":{"line":154,"column":50},"end":{"line":154,"column":null}}],"line":154},"3":{"loc":{"start":{"line":166,"column":8},"end":{"line":166,"column":null}},"type":"cond-expr","locations":[{"start":{"line":166,"column":27},"end":{"line":166,"column":70}},{"start":{"line":166,"column":70},"end":{"line":166,"column":null}}],"line":166},"4":{"loc":{"start":{"line":177,"column":8},"end":{"line":177,"column":null}},"type":"cond-expr","locations":[{"start":{"line":177,"column":27},"end":{"line":177,"column":64}},{"start":{"line":177,"column":64},"end":{"line":177,"column":null}}],"line":177},"5":{"loc":{"start":{"line":195,"column":4},"end":{"line":195,"column":null}},"type":"if","locations":[{"start":{"line":195,"column":4},"end":{"line":195,"column":null}},{"start":{},"end":{}}],"line":195},"6":{"loc":{"start":{"line":202,"column":4},"end":{"line":202,"column":null}},"type":"if","locations":[{"start":{"line":202,"column":4},"end":{"line":202,"column":null}},{"start":{},"end":{}}],"line":202},"7":{"loc":{"start":{"line":202,"column":8},"end":{"line":202,"column":37}},"type":"binary-expr","locations":[{"start":{"line":202,"column":8},"end":{"line":202,"column":22}},{"start":{"line":202,"column":22},"end":{"line":202,"column":37}}],"line":202},"8":{"loc":{"start":{"line":208,"column":6},"end":{"line":208,"column":null}},"type":"if","locations":[{"start":{"line":208,"column":6},"end":{"line":208,"column":null}},{"start":{},"end":{}}],"line":208},"9":{"loc":{"start":{"line":208,"column":10},"end":{"line":208,"column":39}},"type":"binary-expr","locations":[{"start":{"line":208,"column":10},"end":{"line":208,"column":24}},{"start":{"line":208,"column":24},"end":{"line":208,"column":39}}],"line":208},"10":{"loc":{"start":{"line":211,"column":6},"end":{"line":215,"column":null}},"type":"if","locations":[{"start":{"line":211,"column":6},"end":{"line":215,"column":null}},{"start":{},"end":{}}],"line":211},"11":{"loc":{"start":{"line":211,"column":10},"end":{"line":211,"column":64}},"type":"binary-expr","locations":[{"start":{"line":211,"column":10},"end":{"line":211,"column":38}},{"start":{"line":211,"column":38},"end":{"line":211,"column":64}}],"line":211},"12":{"loc":{"start":{"line":257,"column":4},"end":{"line":257,"column":null}},"type":"if","locations":[{"start":{"line":257,"column":4},"end":{"line":257,"column":null}},{"start":{},"end":{}}],"line":257},"13":{"loc":{"start":{"line":257,"column":8},"end":{"line":257,"column":46}},"type":"binary-expr","locations":[{"start":{"line":257,"column":8},"end":{"line":257,"column":22}},{"start":{"line":257,"column":22},"end":{"line":257,"column":46}}],"line":257},"14":{"loc":{"start":{"line":260,"column":31},"end":{"line":260,"column":null}},"type":"binary-expr","locations":[{"start":{"line":260,"column":31},"end":{"line":260,"column":55}},{"start":{"line":260,"column":55},"end":{"line":260,"column":null}}],"line":260},"15":{"loc":{"start":{"line":266,"column":6},"end":{"line":268,"column":null}},"type":"if","locations":[{"start":{"line":266,"column":6},"end":{"line":268,"column":null}},{"start":{},"end":{}}],"line":266},"16":{"loc":{"start":{"line":273,"column":6},"end":{"line":280,"column":null}},"type":"if","locations":[{"start":{"line":273,"column":6},"end":{"line":280,"column":null}},{"start":{"line":275,"column":13},"end":{"line":280,"column":null}}],"line":273},"17":{"loc":{"start":{"line":277,"column":8},"end":{"line":279,"column":null}},"type":"if","locations":[{"start":{"line":277,"column":8},"end":{"line":279,"column":null}},{"start":{},"end":{}}],"line":277},"18":{"loc":{"start":{"line":288,"column":4},"end":{"line":288,"column":null}},"type":"if","locations":[{"start":{"line":288,"column":4},"end":{"line":288,"column":null}},{"start":{},"end":{}}],"line":288}},"s":{"0":112,"1":112,"2":112,"3":112,"4":112,"5":112,"6":112,"7":29,"8":112,"9":112,"10":29,"11":28,"12":28,"13":112,"14":112,"15":112,"16":112,"17":5,"18":5,"19":5,"20":112,"21":1,"22":1,"23":112,"24":1,"25":1,"26":112,"27":1,"28":1,"29":112,"30":1,"31":1,"32":112,"33":1,"34":1,"35":112,"36":1,"37":1,"38":112,"39":24,"40":24,"41":24,"42":24,"43":24,"44":112,"45":2,"46":2,"47":2,"48":2,"49":2,"50":2,"51":1,"52":2,"53":112,"54":1,"55":1,"56":1,"57":1,"58":1,"59":1,"60":112,"61":1,"62":1,"63":1,"64":112,"65":1,"66":1,"67":1,"68":1,"69":1,"70":1,"71":112,"72":1,"73":1,"74":1,"75":1,"76":1,"77":112,"78":3,"79":1,"80":2,"81":2,"82":112,"83":0,"84":0,"85":0,"86":112,"87":0,"88":0,"89":0,"90":0,"91":0,"92":0,"93":0,"94":0,"95":0,"96":0,"97":0,"98":0,"99":112,"100":1,"101":1,"102":112,"103":7,"104":7,"105":7,"106":7,"107":112,"108":3,"109":3,"110":3,"111":3,"112":112,"113":1,"114":0,"115":1,"116":1,"117":0,"118":1,"119":1,"120":1,"121":0,"122":0,"123":1,"124":1,"125":1,"126":0,"127":0,"128":0,"129":0,"130":1,"131":112,"132":98,"133":58,"134":40,"135":1,"136":40,"137":40,"138":112},"f":{"0":112,"1":29,"2":29,"3":5,"4":5,"5":1,"6":1,"7":1,"8":1,"9":1,"10":1,"11":1,"12":1,"13":1,"14":1,"15":1,"16":1,"17":24,"18":24,"19":2,"20":2,"21":2,"22":1,"23":1,"24":1,"25":1,"26":1,"27":1,"28":1,"29":1,"30":1,"31":1,"32":3,"33":0,"34":0,"35":1,"36":7,"37":3,"38":1,"39":0,"40":1,"41":0,"42":98,"43":1,"44":40},"b":{"0":[28,1],"1":[1,1],"2":[1,0],"3":[1,0],"4":[1,0],"5":[1,2],"6":[0,0],"7":[0,0],"8":[0,0],"9":[0,0],"10":[0,0],"11":[0,0],"12":[0,1],"13":[1,1],"14":[1,0],"15":[0,0],"16":[1,0],"17":[0,0],"18":[58,40]},"meta":{"lastBranch":19,"lastFunction":45,"lastStatement":139,"seen":{"f:58:16:58:Infinity":0,"s:61:119:62:Infinity":0,"s:65:36:65:Infinity":1,"s:66:44:66:Infinity":2,"s:69:32:69:Infinity":3,"s:70:38:70:Infinity":4,"s:73:36:73:Infinity":5,"s:76:28:78:Infinity":6,"f:76:56:76:Infinity":1,"s:77:4:77:Infinity":7,"s:81:8:81:Infinity":8,"s:84:2:90:Infinity":9,"f:84:12:84:18":2,"b:85:4:88:Infinity:undefined:undefined:undefined:undefined":0,"s:85:4:88:Infinity":10,"s:86:6:86:Infinity":11,"s:87:6:87:Infinity":12,"s:93:17:93:Infinity":13,"s:94:18:94:Infinity":14,"s:95:18:95:Infinity":15,"s:98:8:101:Infinity":16,"f:98:30:98:31":3,"s:99:4:99:Infinity":17,"f:99:19:99:20":4,"s:99:30:99:48":18,"s:100:4:100:Infinity":19,"s:103:8:105:Infinity":20,"f:103:35:103:36":5,"s:104:4:104:Infinity":21,"f:104:19:104:20":6,"s:104:30:104:53":22,"s:107:8:109:Infinity":23,"f:107:37:107:38":7,"s:108:4:108:Infinity":24,"f:108:19:108:20":8,"s:108:30:108:55":25,"s:111:8:113:Infinity":26,"f:111:37:111:38":9,"s:112:4:112:Infinity":27,"f:112:19:112:20":10,"s:112:30:112:55":28,"s:115:8:117:Infinity":29,"f:115:33:115:34":11,"s:116:4:116:Infinity":30,"f:116:19:116:20":12,"s:116:30:116:51":31,"s:119:8:121:Infinity":32,"f:119:36:119:37":13,"s:120:4:120:Infinity":33,"f:120:19:120:20":14,"s:120:30:120:54":34,"s:123:8:125:Infinity":35,"f:123:34:123:35":15,"s:124:4:124:Infinity":36,"f:124:19:124:20":16,"s:124:30:124:52":37,"s:128:8:136:Infinity":38,"f:129:4:129:5":17,"s:130:24:130:Infinity":39,"s:131:6:131:Infinity":40,"s:132:6:132:Infinity":41,"f:132:17:132:18":18,"s:132:24:132:64":42,"s:133:6:133:Infinity":43,"s:138:8:149:Infinity":44,"f:139:4:139:5":19,"s:140:24:140:Infinity":45,"f:140:43:140:44":20,"s:140:50:140:66":46,"s:141:6:141:Infinity":47,"s:142:6:142:Infinity":48,"f:142:17:142:18":21,"s:142:24:142:64":49,"b:143:6:145:Infinity:undefined:undefined:undefined:undefined":1,"s:143:6:145:Infinity":50,"s:144:8:144:Infinity":51,"s:146:6:146:Infinity":52,"s:151:8:161:Infinity":53,"f:152:4:152:5":22,"s:153:24:155:Infinity":54,"f:153:40:153:41":23,"s:154:8:154:Infinity":55,"b:154:27:154:50:154:50:154:Infinity":2,"s:156:6:156:Infinity":56,"s:157:6:157:Infinity":57,"f:157:17:157:18":24,"s:157:24:157:64":58,"s:158:6:158:Infinity":59,"s:163:8:172:Infinity":60,"f:164:4:164:5":25,"s:165:24:167:Infinity":61,"f:165:40:165:41":26,"s:166:8:166:Infinity":62,"b:166:27:166:70:166:70:166:Infinity":3,"s:168:6:168:Infinity":63,"s:174:8:184:Infinity":64,"f:175:4:175:5":27,"s:176:24:178:Infinity":65,"f:176:40:176:41":28,"s:177:8:177:Infinity":66,"b:177:27:177:64:177:64:177:Infinity":4,"s:179:6:179:Infinity":67,"s:180:6:180:Infinity":68,"f:180:17:180:18":29,"s:180:24:180:64":69,"s:181:6:181:Infinity":70,"s:186:8:191:Infinity":71,"f:186:37:186:43":30,"s:187:4:187:Infinity":72,"s:188:4:188:Infinity":73,"f:188:15:188:16":31,"s:188:22:188:55":74,"s:189:4:189:Infinity":75,"s:190:4:190:Infinity":76,"s:194:8:198:Infinity":77,"f:194:35:194:36":32,"b:195:4:195:Infinity:undefined:undefined:undefined:undefined":5,"s:195:4:195:Infinity":78,"s:195:46:195:Infinity":79,"s:196:4:196:Infinity":80,"s:197:4:197:Infinity":81,"s:200:8:204:Infinity":82,"f:200:38:200:39":33,"s:201:4:201:Infinity":83,"b:202:4:202:Infinity:undefined:undefined:undefined:undefined":6,"s:202:4:202:Infinity":84,"b:202:8:202:22:202:22:202:37":7,"s:202:37:202:Infinity":85,"s:206:8:233:Infinity":86,"f:207:4:207:5":34,"b:208:6:208:Infinity:undefined:undefined:undefined:undefined":8,"s:208:6:208:Infinity":87,"b:208:10:208:24:208:24:208:39":9,"s:208:39:208:Infinity":88,"s:210:19:210:Infinity":89,"b:211:6:215:Infinity:undefined:undefined:undefined:undefined":10,"s:211:6:215:Infinity":90,"b:211:10:211:38:211:38:211:64":11,"s:212:8:212:Infinity":91,"s:213:8:213:Infinity":92,"s:214:8:214:Infinity":93,"s:218:24:218:Infinity":94,"s:220:20:226:Infinity":95,"s:228:6:228:Infinity":96,"s:229:6:229:Infinity":97,"s:230:6:230:Infinity":98,"s:235:8:238:Infinity":99,"f:235:36:235:42":35,"s:236:4:236:Infinity":100,"s:237:4:237:Infinity":101,"s:241:8:246:Infinity":102,"f:241:27:241:33":36,"s:242:23:242:Infinity":103,"s:243:4:243:Infinity":104,"s:244:4:244:Infinity":105,"s:245:4:245:Infinity":106,"s:248:8:253:Infinity":107,"f:248:27:248:33":37,"s:249:23:249:Infinity":108,"s:250:4:250:Infinity":109,"s:251:4:251:Infinity":110,"s:252:4:252:Infinity":111,"s:256:8:284:Infinity":112,"f:256:36:256:42":38,"b:257:4:257:Infinity:undefined:undefined:undefined:undefined":12,"s:257:4:257:Infinity":113,"b:257:8:257:22:257:22:257:46":13,"s:257:46:257:Infinity":114,"s:260:31:260:Infinity":115,"b:260:31:260:55:260:55:260:Infinity":14,"s:261:23:261:Infinity":116,"f:261:54:261:55":39,"s:261:61:261:65":117,"s:262:19:262:Infinity":118,"f:262:43:262:44":40,"s:262:50:262:54":119,"s:265:4:269:Infinity":120,"b:266:6:268:Infinity:undefined:undefined:undefined:undefined":15,"s:266:6:268:Infinity":121,"s:267:8:267:Infinity":122,"s:272:4:281:Infinity":123,"b:273:6:280:Infinity:275:13:280:Infinity":16,"s:273:6:280:Infinity":124,"s:274:8:274:Infinity":125,"s:276:25:276:Infinity":126,"f:276:49:276:50":41,"s:276:56:276:73":127,"b:277:8:279:Infinity:undefined:undefined:undefined:undefined":17,"s:277:8:279:Infinity":128,"s:278:10:278:Infinity":129,"s:283:4:283:Infinity":130,"s:287:2:295:Infinity":131,"f:287:12:287:18":42,"b:288:4:288:Infinity:undefined:undefined:undefined:undefined":18,"s:288:4:288:Infinity":132,"s:288:32:288:Infinity":133,"s:290:18:292:Infinity":134,"f:290:29:290:35":43,"s:291:6:291:Infinity":135,"s:294:4:294:Infinity":136,"f:294:11:294:17":44,"s:294:17:294:Infinity":137,"s:297:2:326:Infinity":138}}}
,"C:\\Projeto\\bound\\src\\hooks\\useContent.ts": {"path":"C:\\Projeto\\bound\\src\\hooks\\useContent.ts","statementMap":{"0":{"start":{"line":29,"column":8},"end":{"line":31,"column":null}},"1":{"start":{"line":30,"column":4},"end":{"line":30,"column":null}},"2":{"start":{"line":30,"column":49},"end":{"line":30,"column":67}},"3":{"start":{"line":44,"column":2},"end":{"line":44,"column":null}},"4":{"start":{"line":46,"column":17},"end":{"line":46,"column":null}},"5":{"start":{"line":47,"column":8},"end":{"line":47,"column":null}},"6":{"start":{"line":47,"column":31},"end":{"line":47,"column":59}},"7":{"start":{"line":48,"column":8},"end":{"line":48,"column":null}},"8":{"start":{"line":48,"column":35},"end":{"line":48,"column":62}},"9":{"start":{"line":50,"column":8},"end":{"line":57,"column":null}},"10":{"start":{"line":52,"column":6},"end":{"line":54,"column":null}},"11":{"start":{"line":53,"column":8},"end":{"line":53,"column":null}},"12":{"start":{"line":59,"column":8},"end":{"line":64,"column":null}},"13":{"start":{"line":60,"column":4},"end":{"line":62,"column":null}},"14":{"start":{"line":61,"column":6},"end":{"line":61,"column":null}},"15":{"start":{"line":63,"column":4},"end":{"line":63,"column":null}},"16":{"start":{"line":66,"column":8},"end":{"line":70,"column":null}},"17":{"start":{"line":67,"column":4},"end":{"line":69,"column":null}},"18":{"start":{"line":68,"column":6},"end":{"line":68,"column":null}},"19":{"start":{"line":72,"column":8},"end":{"line":76,"column":null}},"20":{"start":{"line":73,"column":4},"end":{"line":75,"column":null}},"21":{"start":{"line":74,"column":6},"end":{"line":74,"column":null}},"22":{"start":{"line":78,"column":8},"end":{"line":85,"column":null}},"23":{"start":{"line":80,"column":6},"end":{"line":82,"column":null}},"24":{"start":{"line":81,"column":8},"end":{"line":81,"column":null}},"25":{"start":{"line":87,"column":8},"end":{"line":94,"column":null}},"26":{"start":{"line":89,"column":6},"end":{"line":91,"column":null}},"27":{"start":{"line":90,"column":8},"end":{"line":90,"column":null}},"28":{"start":{"line":96,"column":8},"end":{"line":103,"column":null}},"29":{"start":{"line":98,"column":6},"end":{"line":100,"column":null}},"30":{"start":{"line":99,"column":8},"end":{"line":99,"column":null}},"31":{"start":{"line":105,"column":8},"end":{"line":112,"column":null}},"32":{"start":{"line":107,"column":6},"end":{"line":109,"column":null}},"33":{"start":{"line":108,"column":8},"end":{"line":108,"column":null}},"34":{"start":{"line":114,"column":8},"end":{"line":121,"column":null}},"35":{"start":{"line":116,"column":6},"end":{"line":118,"column":null}},"36":{"start":{"line":117,"column":8},"end":{"line":117,"column":null}},"37":{"start":{"line":123,"column":8},"end":{"line":130,"column":null}},"38":{"start":{"line":125,"column":6},"end":{"line":127,"column":null}},"39":{"start":{"line":126,"column":8},"end":{"line":126,"column":null}},"40":{"start":{"line":132,"column":2},"end":{"line":147,"column":null}}},"fnMap":{"0":{"name":"useContent","decl":{"start":{"line":28,"column":16},"end":{"line":28,"column":27}},"loc":{"start":{"line":28,"column":76},"end":{"line":148,"column":null}},"line":28},"1":{"name":"(anonymous_1)","decl":{"start":{"line":29,"column":30},"end":{"line":29,"column":31}},"loc":{"start":{"line":30,"column":4},"end":{"line":30,"column":null}},"line":30},"2":{"name":"(anonymous_2)","decl":{"start":{"line":30,"column":42},"end":{"line":30,"column":43}},"loc":{"start":{"line":30,"column":49},"end":{"line":30,"column":67}},"line":30},"3":{"name":"(anonymous_3)","decl":{"start":{"line":47,"column":25},"end":{"line":47,"column":31}},"loc":{"start":{"line":47,"column":31},"end":{"line":47,"column":59}},"line":47},"4":{"name":"(anonymous_4)","decl":{"start":{"line":48,"column":29},"end":{"line":48,"column":35}},"loc":{"start":{"line":48,"column":35},"end":{"line":48,"column":62}},"line":48},"5":{"name":"(anonymous_5)","decl":{"start":{"line":51,"column":4},"end":{"line":51,"column":5}},"loc":{"start":{"line":51,"column":35},"end":{"line":55,"column":null}},"line":51},"6":{"name":"(anonymous_6)","decl":{"start":{"line":59,"column":36},"end":{"line":59,"column":42}},"loc":{"start":{"line":59,"column":42},"end":{"line":64,"column":5}},"line":59},"7":{"name":"(anonymous_7)","decl":{"start":{"line":66,"column":34},"end":{"line":66,"column":40}},"loc":{"start":{"line":66,"column":40},"end":{"line":70,"column":5}},"line":66},"8":{"name":"(anonymous_8)","decl":{"start":{"line":72,"column":35},"end":{"line":72,"column":41}},"loc":{"start":{"line":72,"column":41},"end":{"line":76,"column":5}},"line":72},"9":{"name":"(anonymous_9)","decl":{"start":{"line":79,"column":4},"end":{"line":79,"column":5}},"loc":{"start":{"line":79,"column":22},"end":{"line":83,"column":null}},"line":79},"10":{"name":"(anonymous_10)","decl":{"start":{"line":88,"column":4},"end":{"line":88,"column":5}},"loc":{"start":{"line":88,"column":25},"end":{"line":92,"column":null}},"line":88},"11":{"name":"(anonymous_11)","decl":{"start":{"line":97,"column":4},"end":{"line":97,"column":5}},"loc":{"start":{"line":97,"column":50},"end":{"line":101,"column":null}},"line":97},"12":{"name":"(anonymous_12)","decl":{"start":{"line":106,"column":4},"end":{"line":106,"column":5}},"loc":{"start":{"line":106,"column":28},"end":{"line":110,"column":null}},"line":106},"13":{"name":"(anonymous_13)","decl":{"start":{"line":115,"column":4},"end":{"line":115,"column":5}},"loc":{"start":{"line":115,"column":28},"end":{"line":119,"column":null}},"line":115},"14":{"name":"(anonymous_14)","decl":{"start":{"line":124,"column":4},"end":{"line":124,"column":5}},"loc":{"start":{"line":124,"column":56},"end":{"line":128,"column":null}},"line":124}},"branchMap":{"0":{"loc":{"start":{"line":30,"column":4},"end":{"line":30,"column":null}},"type":"cond-expr","locations":[{"start":{"line":30,"column":16},"end":{"line":30,"column":71}},{"start":{"line":30,"column":71},"end":{"line":30,"column":null}}],"line":30},"1":{"loc":{"start":{"line":47,"column":31},"end":{"line":47,"column":59}},"type":"binary-expr","locations":[{"start":{"line":47,"column":31},"end":{"line":47,"column":55}},{"start":{"line":47,"column":55},"end":{"line":47,"column":59}}],"line":47},"2":{"loc":{"start":{"line":48,"column":35},"end":{"line":48,"column":62}},"type":"binary-expr","locations":[{"start":{"line":48,"column":35},"end":{"line":48,"column":58}},{"start":{"line":48,"column":58},"end":{"line":48,"column":62}}],"line":48},"3":{"loc":{"start":{"line":52,"column":6},"end":{"line":54,"column":null}},"type":"if","locations":[{"start":{"line":52,"column":6},"end":{"line":54,"column":null}},{"start":{},"end":{}}],"line":52},"4":{"loc":{"start":{"line":60,"column":4},"end":{"line":62,"column":null}},"type":"if","locations":[{"start":{"line":60,"column":4},"end":{"line":62,"column":null}},{"start":{},"end":{}}],"line":60},"5":{"loc":{"start":{"line":67,"column":4},"end":{"line":69,"column":null}},"type":"if","locations":[{"start":{"line":67,"column":4},"end":{"line":69,"column":null}},{"start":{},"end":{}}],"line":67},"6":{"loc":{"start":{"line":73,"column":4},"end":{"line":75,"column":null}},"type":"if","locations":[{"start":{"line":73,"column":4},"end":{"line":75,"column":null}},{"start":{},"end":{}}],"line":73},"7":{"loc":{"start":{"line":80,"column":6},"end":{"line":82,"column":null}},"type":"if","locations":[{"start":{"line":80,"column":6},"end":{"line":82,"column":null}},{"start":{},"end":{}}],"line":80},"8":{"loc":{"start":{"line":89,"column":6},"end":{"line":91,"column":null}},"type":"if","locations":[{"start":{"line":89,"column":6},"end":{"line":91,"column":null}},{"start":{},"end":{}}],"line":89},"9":{"loc":{"start":{"line":98,"column":6},"end":{"line":100,"column":null}},"type":"if","locations":[{"start":{"line":98,"column":6},"end":{"line":100,"column":null}},{"start":{},"end":{}}],"line":98},"10":{"loc":{"start":{"line":107,"column":6},"end":{"line":109,"column":null}},"type":"if","locations":[{"start":{"line":107,"column":6},"end":{"line":109,"column":null}},{"start":{},"end":{}}],"line":107},"11":{"loc":{"start":{"line":116,"column":6},"end":{"line":118,"column":null}},"type":"if","locations":[{"start":{"line":116,"column":6},"end":{"line":118,"column":null}},{"start":{},"end":{}}],"line":116},"12":{"loc":{"start":{"line":125,"column":6},"end":{"line":127,"column":null}},"type":"if","locations":[{"start":{"line":125,"column":6},"end":{"line":127,"column":null}},{"start":{},"end":{}}],"line":125}},"s":{"0":146,"1":453,"2":428,"3":146,"4":146,"5":146,"6":64,"7":146,"8":64,"9":146,"10":2,"11":1,"12":146,"13":2,"14":1,"15":1,"16":146,"17":2,"18":1,"19":146,"20":2,"21":1,"22":146,"23":5,"24":4,"25":146,"26":2,"27":1,"28":146,"29":2,"30":1,"31":146,"32":4,"33":3,"34":146,"35":2,"36":1,"37":146,"38":2,"39":1,"40":146},"f":{"0":146,"1":453,"2":428,"3":64,"4":64,"5":2,"6":2,"7":2,"8":2,"9":5,"10":2,"11":2,"12":4,"13":2,"14":2},"b":{"0":[432,21],"1":[64,9],"2":[64,9],"3":[1,1],"4":[1,1],"5":[1,1],"6":[1,1],"7":[4,1],"8":[1,1],"9":[1,1],"10":[3,1],"11":[1,1],"12":[1,1]},"meta":{"lastBranch":13,"lastFunction":15,"lastStatement":41,"seen":{"f:28:16:28:27":0,"s:29:8:31:Infinity":0,"f:29:30:29:31":1,"s:30:4:30:Infinity":1,"b:30:16:30:71:30:71:30:Infinity":0,"f:30:42:30:43":2,"s:30:49:30:67":2,"s:44:2:44:Infinity":3,"s:46:17:46:Infinity":4,"s:47:8:47:Infinity":5,"f:47:25:47:31":3,"s:47:31:47:59":6,"b:47:31:47:55:47:55:47:59":1,"s:48:8:48:Infinity":7,"f:48:29:48:35":4,"s:48:35:48:62":8,"b:48:35:48:58:48:58:48:62":2,"s:50:8:57:Infinity":9,"f:51:4:51:5":5,"b:52:6:54:Infinity:undefined:undefined:undefined:undefined":3,"s:52:6:54:Infinity":10,"s:53:8:53:Infinity":11,"s:59:8:64:Infinity":12,"f:59:36:59:42":6,"b:60:4:62:Infinity:undefined:undefined:undefined:undefined":4,"s:60:4:62:Infinity":13,"s:61:6:61:Infinity":14,"s:63:4:63:Infinity":15,"s:66:8:70:Infinity":16,"f:66:34:66:40":7,"b:67:4:69:Infinity:undefined:undefined:undefined:undefined":5,"s:67:4:69:Infinity":17,"s:68:6:68:Infinity":18,"s:72:8:76:Infinity":19,"f:72:35:72:41":8,"b:73:4:75:Infinity:undefined:undefined:undefined:undefined":6,"s:73:4:75:Infinity":20,"s:74:6:74:Infinity":21,"s:78:8:85:Infinity":22,"f:79:4:79:5":9,"b:80:6:82:Infinity:undefined:undefined:undefined:undefined":7,"s:80:6:82:Infinity":23,"s:81:8:81:Infinity":24,"s:87:8:94:Infinity":25,"f:88:4:88:5":10,"b:89:6:91:Infinity:undefined:undefined:undefined:undefined":8,"s:89:6:91:Infinity":26,"s:90:8:90:Infinity":27,"s:96:8:103:Infinity":28,"f:97:4:97:5":11,"b:98:6:100:Infinity:undefined:undefined:undefined:undefined":9,"s:98:6:100:Infinity":29,"s:99:8:99:Infinity":30,"s:105:8:112:Infinity":31,"f:106:4:106:5":12,"b:107:6:109:Infinity:undefined:undefined:undefined:undefined":10,"s:107:6:109:Infinity":32,"s:108:8:108:Infinity":33,"s:114:8:121:Infinity":34,"f:115:4:115:5":13,"b:116:6:118:Infinity:undefined:undefined:undefined:undefined":11,"s:116:6:118:Infinity":35,"s:117:8:117:Infinity":36,"s:123:8:130:Infinity":37,"f:124:4:124:5":14,"b:125:6:127:Infinity:undefined:undefined:undefined:undefined":12,"s:125:6:127:Infinity":38,"s:126:8:126:Infinity":39,"s:132:2:147:Infinity":40}}}
,"C:\\Projeto\\bound\\src\\hooks\\useGraphView.ts": {"path":"C:\\Projeto\\bound\\src\\hooks\\useGraphView.ts","statementMap":{"0":{"start":{"line":43,"column":26},"end":{"line":48,"column":null}},"1":{"start":{"line":44,"column":23},"end":{"line":47,"column":6}},"2":{"start":{"line":51,"column":42},"end":{"line":51,"column":null}},"3":{"start":{"line":52,"column":42},"end":{"line":52,"column":null}},"4":{"start":{"line":53,"column":40},"end":{"line":53,"column":null}},"5":{"start":{"line":56,"column":8},"end":{"line":58,"column":null}},"6":{"start":{"line":57,"column":4},"end":{"line":57,"column":null}},"7":{"start":{"line":61,"column":8},"end":{"line":67,"column":null}},"8":{"start":{"line":63,"column":23},"end":{"line":63,"column":null}},"9":{"start":{"line":64,"column":6},"end":{"line":64,"column":null}},"10":{"start":{"line":70,"column":8},"end":{"line":75,"column":null}},"11":{"start":{"line":71,"column":4},"end":{"line":74,"column":null}},"12":{"start":{"line":71,"column":33},"end":{"line":74,"column":6}},"13":{"start":{"line":78,"column":8},"end":{"line":85,"column":null}},"14":{"start":{"line":79,"column":4},"end":{"line":84,"column":null}},"15":{"start":{"line":79,"column":33},"end":{"line":84,"column":6}},"16":{"start":{"line":88,"column":8},"end":{"line":92,"column":null}},"17":{"start":{"line":89,"column":4},"end":{"line":89,"column":null}},"18":{"start":{"line":90,"column":4},"end":{"line":90,"column":null}},"19":{"start":{"line":91,"column":4},"end":{"line":91,"column":null}},"20":{"start":{"line":95,"column":8},"end":{"line":102,"column":null}},"21":{"start":{"line":96,"column":4},"end":{"line":101,"column":null}},"22":{"start":{"line":96,"column":33},"end":{"line":101,"column":6}},"23":{"start":{"line":105,"column":8},"end":{"line":107,"column":null}},"24":{"start":{"line":106,"column":4},"end":{"line":106,"column":null}},"25":{"start":{"line":109,"column":2},"end":{"line":132,"column":null}}},"fnMap":{"0":{"name":"useGraphView","decl":{"start":{"line":42,"column":16},"end":{"line":42,"column":29}},"loc":{"start":{"line":42,"column":66},"end":{"line":133,"column":null}},"line":42},"1":{"name":"(anonymous_1)","decl":{"start":{"line":44,"column":15},"end":{"line":44,"column":16}},"loc":{"start":{"line":44,"column":23},"end":{"line":47,"column":6}},"line":44},"2":{"name":"(anonymous_2)","decl":{"start":{"line":56,"column":28},"end":{"line":56,"column":34}},"loc":{"start":{"line":56,"column":34},"end":{"line":58,"column":5}},"line":56},"3":{"name":"(anonymous_3)","decl":{"start":{"line":62,"column":4},"end":{"line":62,"column":5}},"loc":{"start":{"line":62,"column":44},"end":{"line":65,"column":null}},"line":62},"4":{"name":"(anonymous_4)","decl":{"start":{"line":70,"column":35},"end":{"line":70,"column":36}},"loc":{"start":{"line":70,"column":63},"end":{"line":75,"column":5}},"line":70},"5":{"name":"(anonymous_5)","decl":{"start":{"line":71,"column":22},"end":{"line":71,"column":23}},"loc":{"start":{"line":71,"column":33},"end":{"line":74,"column":6}},"line":71},"6":{"name":"(anonymous_6)","decl":{"start":{"line":78,"column":27},"end":{"line":78,"column":28}},"loc":{"start":{"line":78,"column":56},"end":{"line":85,"column":5}},"line":78},"7":{"name":"(anonymous_7)","decl":{"start":{"line":79,"column":22},"end":{"line":79,"column":23}},"loc":{"start":{"line":79,"column":33},"end":{"line":84,"column":6}},"line":79},"8":{"name":"(anonymous_8)","decl":{"start":{"line":88,"column":32},"end":{"line":88,"column":38}},"loc":{"start":{"line":88,"column":38},"end":{"line":92,"column":5}},"line":88},"9":{"name":"(anonymous_9)","decl":{"start":{"line":95,"column":26},"end":{"line":95,"column":32}},"loc":{"start":{"line":95,"column":32},"end":{"line":102,"column":5}},"line":95},"10":{"name":"(anonymous_10)","decl":{"start":{"line":96,"column":22},"end":{"line":96,"column":23}},"loc":{"start":{"line":96,"column":33},"end":{"line":101,"column":6}},"line":96},"11":{"name":"(anonymous_11)","decl":{"start":{"line":105,"column":38},"end":{"line":105,"column":44}},"loc":{"start":{"line":105,"column":44},"end":{"line":107,"column":5}},"line":105}},"branchMap":{"0":{"loc":{"start":{"line":81,"column":17},"end":{"line":83,"column":null}},"type":"cond-expr","locations":[{"start":{"line":82,"column":10},"end":{"line":82,"column":null}},{"start":{"line":83,"column":10},"end":{"line":83,"column":null}}],"line":81},"1":{"loc":{"start":{"line":106,"column":11},"end":{"line":106,"column":null}},"type":"binary-expr","locations":[{"start":{"line":106,"column":11},"end":{"line":106,"column":52}},{"start":{"line":106,"column":52},"end":{"line":106,"column":null}}],"line":106}},"s":{"0":35,"1":107,"2":35,"3":35,"4":35,"5":35,"6":21,"7":35,"8":1,"9":1,"10":35,"11":3,"12":3,"13":35,"14":45,"15":45,"16":35,"17":1,"18":1,"19":1,"20":35,"21":1,"22":1,"23":35,"24":23,"25":35},"f":{"0":35,"1":107,"2":21,"3":1,"4":3,"5":3,"6":45,"7":45,"8":1,"9":1,"10":1,"11":23},"b":{"0":[24,21],"1":[23,0]},"meta":{"lastBranch":2,"lastFunction":12,"lastStatement":26,"seen":{"f:42:16:42:29":0,"s:43:26:48:Infinity":0,"f:44:15:44:16":1,"s:44:23:47:6":1,"s:51:42:51:Infinity":2,"s:52:42:52:Infinity":3,"s:53:40:53:Infinity":4,"s:56:8:58:Infinity":5,"f:56:28:56:34":2,"s:57:4:57:Infinity":6,"s:61:8:67:Infinity":7,"f:62:4:62:5":3,"s:63:23:63:Infinity":8,"s:64:6:64:Infinity":9,"s:70:8:75:Infinity":10,"f:70:35:70:36":4,"s:71:4:74:Infinity":11,"f:71:22:71:23":5,"s:71:33:74:6":12,"s:78:8:85:Infinity":13,"f:78:27:78:28":6,"s:79:4:84:Infinity":14,"f:79:22:79:23":7,"s:79:33:84:6":15,"b:82:10:82:Infinity:83:10:83:Infinity":0,"s:88:8:92:Infinity":16,"f:88:32:88:38":8,"s:89:4:89:Infinity":17,"s:90:4:90:Infinity":18,"s:91:4:91:Infinity":19,"s:95:8:102:Infinity":20,"f:95:26:95:32":9,"s:96:4:101:Infinity":21,"f:96:22:96:23":10,"s:96:33:101:6":22,"s:105:8:107:Infinity":23,"f:105:38:105:44":11,"s:106:4:106:Infinity":24,"b:106:11:106:52:106:52:106:Infinity":1,"s:109:2:132:Infinity":25}}}
,"C:\\Projeto\\bound\\src\\managers\\AreaManager.ts": {"path":"C:\\Projeto\\bound\\src\\managers\\AreaManager.ts","statementMap":{"0":{"start":{"line":14,"column":4},"end":{"line":16,"column":null}},"1":{"start":{"line":15,"column":6},"end":{"line":15,"column":null}},"2":{"start":{"line":18,"column":4},"end":{"line":20,"column":null}},"3":{"start":{"line":19,"column":6},"end":{"line":19,"column":null}},"4":{"start":{"line":22,"column":16},"end":{"line":22,"column":null}},"5":{"start":{"line":23,"column":23},"end":{"line":29,"column":null}},"6":{"start":{"line":31,"column":4},"end":{"line":31,"column":null}},"7":{"start":{"line":38,"column":17},"end":{"line":38,"column":null}},"8":{"start":{"line":39,"column":4},"end":{"line":41,"column":null}},"9":{"start":{"line":40,"column":6},"end":{"line":40,"column":null}},"10":{"start":{"line":44,"column":4},"end":{"line":48,"column":null}},"11":{"start":{"line":45,"column":6},"end":{"line":47,"column":null}},"12":{"start":{"line":46,"column":8},"end":{"line":46,"column":null}},"13":{"start":{"line":50,"column":4},"end":{"line":56,"column":null}},"14":{"start":{"line":66,"column":17},"end":{"line":66,"column":null}},"15":{"start":{"line":67,"column":4},"end":{"line":69,"column":null}},"16":{"start":{"line":68,"column":6},"end":{"line":68,"column":null}},"17":{"start":{"line":70,"column":4},"end":{"line":70,"column":null}},"18":{"start":{"line":77,"column":4},"end":{"line":77,"column":null}},"19":{"start":{"line":84,"column":17},"end":{"line":84,"column":null}},"20":{"start":{"line":85,"column":4},"end":{"line":87,"column":null}},"21":{"start":{"line":86,"column":6},"end":{"line":86,"column":null}},"22":{"start":{"line":89,"column":20},"end":{"line":89,"column":null}},"23":{"start":{"line":89,"column":47},"end":{"line":89,"column":65}},"24":{"start":{"line":90,"column":4},"end":{"line":92,"column":null}},"25":{"start":{"line":91,"column":6},"end":{"line":91,"column":null}},"26":{"start":{"line":94,"column":4},"end":{"line":96,"column":null}},"27":{"start":{"line":95,"column":6},"end":{"line":95,"column":null}},"28":{"start":{"line":98,"column":4},"end":{"line":102,"column":null}},"29":{"start":{"line":109,"column":17},"end":{"line":109,"column":null}},"30":{"start":{"line":110,"column":4},"end":{"line":112,"column":null}},"31":{"start":{"line":111,"column":6},"end":{"line":111,"column":null}},"32":{"start":{"line":114,"column":4},"end":{"line":116,"column":null}},"33":{"start":{"line":115,"column":6},"end":{"line":115,"column":null}},"34":{"start":{"line":118,"column":4},"end":{"line":122,"column":null}},"35":{"start":{"line":120,"column":49},"end":{"line":120,"column":65}},"36":{"start":{"line":129,"column":4},"end":{"line":129,"column":null}},"37":{"start":{"line":129,"column":35},"end":{"line":129,"column":50}},"38":{"start":{"line":136,"column":4},"end":{"line":136,"column":null}},"39":{"start":{"line":136,"column":35},"end":{"line":136,"column":50}},"40":{"start":{"line":147,"column":24},"end":{"line":147,"column":null}},"41":{"start":{"line":148,"column":4},"end":{"line":150,"column":null}},"42":{"start":{"line":149,"column":13},"end":{"line":149,"column":null}},"43":{"start":{"line":157,"column":29},"end":{"line":157,"column":null}},"44":{"start":{"line":159,"column":4},"end":{"line":161,"column":null}},"45":{"start":{"line":160,"column":6},"end":{"line":160,"column":null}},"46":{"start":{"line":163,"column":4},"end":{"line":165,"column":null}},"47":{"start":{"line":164,"column":6},"end":{"line":164,"column":null}},"48":{"start":{"line":167,"column":4},"end":{"line":169,"column":null}},"49":{"start":{"line":168,"column":6},"end":{"line":168,"column":null}},"50":{"start":{"line":171,"column":4},"end":{"line":171,"column":null}},"51":{"start":{"line":178,"column":4},"end":{"line":178,"column":null}},"52":{"start":{"line":178,"column":40},"end":{"line":178,"column":59}},"53":{"start":{"line":178,"column":72},"end":{"line":178,"column":76}}},"fnMap":{"0":{"name":"(anonymous_0)","decl":{"start":{"line":13,"column":9},"end":{"line":13,"column":20}},"loc":{"start":{"line":13,"column":57},"end":{"line":32,"column":null}},"line":13},"1":{"name":"(anonymous_1)","decl":{"start":{"line":37,"column":9},"end":{"line":37,"column":20}},"loc":{"start":{"line":37,"column":83},"end":{"line":57,"column":null}},"line":37},"2":{"name":"(anonymous_2)","decl":{"start":{"line":62,"column":9},"end":{"line":62,"column":null}},"loc":{"start":{"line":65,"column":43},"end":{"line":71,"column":null}},"line":65},"3":{"name":"(anonymous_3)","decl":{"start":{"line":76,"column":9},"end":{"line":76,"column":20}},"loc":{"start":{"line":76,"column":76},"end":{"line":78,"column":null}},"line":76},"4":{"name":"(anonymous_4)","decl":{"start":{"line":83,"column":9},"end":{"line":83,"column":26}},"loc":{"start":{"line":83,"column":84},"end":{"line":103,"column":null}},"line":83},"5":{"name":"(anonymous_5)","decl":{"start":{"line":89,"column":40},"end":{"line":89,"column":41}},"loc":{"start":{"line":89,"column":47},"end":{"line":89,"column":65}},"line":89},"6":{"name":"(anonymous_6)","decl":{"start":{"line":108,"column":9},"end":{"line":108,"column":31}},"loc":{"start":{"line":108,"column":89},"end":{"line":123,"column":null}},"line":108},"7":{"name":"(anonymous_7)","decl":{"start":{"line":120,"column":41},"end":{"line":120,"column":42}},"loc":{"start":{"line":120,"column":49},"end":{"line":120,"column":65}},"line":120},"8":{"name":"(anonymous_8)","decl":{"start":{"line":128,"column":9},"end":{"line":128,"column":21}},"loc":{"start":{"line":128,"column":72},"end":{"line":130,"column":null}},"line":128},"9":{"name":"(anonymous_9)","decl":{"start":{"line":129,"column":28},"end":{"line":129,"column":29}},"loc":{"start":{"line":129,"column":35},"end":{"line":129,"column":50}},"line":129},"10":{"name":"(anonymous_10)","decl":{"start":{"line":135,"column":9},"end":{"line":135,"column":23}},"loc":{"start":{"line":135,"column":72},"end":{"line":137,"column":null}},"line":135},"11":{"name":"(anonymous_11)","decl":{"start":{"line":136,"column":28},"end":{"line":136,"column":29}},"loc":{"start":{"line":136,"column":35},"end":{"line":136,"column":50}},"line":136},"12":{"name":"(anonymous_12)","decl":{"start":{"line":142,"column":9},"end":{"line":142,"column":null}},"loc":{"start":{"line":146,"column":13},"end":{"line":151,"column":null}},"line":146},"13":{"name":"(anonymous_13)","decl":{"start":{"line":149,"column":6},"end":{"line":149,"column":7}},"loc":{"start":{"line":149,"column":13},"end":{"line":149,"column":null}},"line":149},"14":{"name":"(anonymous_14)","decl":{"start":{"line":156,"column":9},"end":{"line":156,"column":22}},"loc":{"start":{"line":156,"column":44},"end":{"line":172,"column":null}},"line":156},"15":{"name":"(anonymous_15)","decl":{"start":{"line":177,"column":9},"end":{"line":177,"column":39}},"loc":{"start":{"line":177,"column":82},"end":{"line":179,"column":null}},"line":177},"16":{"name":"(anonymous_16)","decl":{"start":{"line":178,"column":33},"end":{"line":178,"column":34}},"loc":{"start":{"line":178,"column":40},"end":{"line":178,"column":59}},"line":178},"17":{"name":"(anonymous_17)","decl":{"start":{"line":178,"column":65},"end":{"line":178,"column":66}},"loc":{"start":{"line":178,"column":72},"end":{"line":178,"column":76}},"line":178}},"branchMap":{"0":{"loc":{"start":{"line":14,"column":4},"end":{"line":16,"column":null}},"type":"if","locations":[{"start":{"line":14,"column":4},"end":{"line":16,"column":null}},{"start":{},"end":{}}],"line":14},"1":{"loc":{"start":{"line":14,"column":8},"end":{"line":14,"column":37}},"type":"binary-expr","locations":[{"start":{"line":14,"column":8},"end":{"line":14,"column":17}},{"start":{"line":14,"column":17},"end":{"line":14,"column":37}}],"line":14},"2":{"loc":{"start":{"line":18,"column":4},"end":{"line":20,"column":null}},"type":"if","locations":[{"start":{"line":18,"column":4},"end":{"line":20,"column":null}},{"start":{},"end":{}}],"line":18},"3":{"loc":{"start":{"line":39,"column":4},"end":{"line":41,"column":null}},"type":"if","locations":[{"start":{"line":39,"column":4},"end":{"line":41,"column":null}},{"start":{},"end":{}}],"line":39},"4":{"loc":{"start":{"line":44,"column":4},"end":{"line":48,"column":null}},"type":"if","locations":[{"start":{"line":44,"column":4},"end":{"line":48,"column":null}},{"start":{},"end":{}}],"line":44},"5":{"loc":{"start":{"line":44,"column":8},"end":{"line":44,"column":52}},"type":"binary-expr","locations":[{"start":{"line":44,"column":8},"end":{"line":44,"column":24}},{"start":{"line":44,"column":24},"end":{"line":44,"column":52}}],"line":44},"6":{"loc":{"start":{"line":45,"column":6},"end":{"line":47,"column":null}},"type":"if","locations":[{"start":{"line":45,"column":6},"end":{"line":47,"column":null}},{"start":{},"end":{}}],"line":45},"7":{"loc":{"start":{"line":67,"column":4},"end":{"line":69,"column":null}},"type":"if","locations":[{"start":{"line":67,"column":4},"end":{"line":69,"column":null}},{"start":{},"end":{}}],"line":67},"8":{"loc":{"start":{"line":85,"column":4},"end":{"line":87,"column":null}},"type":"if","locations":[{"start":{"line":85,"column":4},"end":{"line":87,"column":null}},{"start":{},"end":{}}],"line":85},"9":{"loc":{"start":{"line":90,"column":4},"end":{"line":92,"column":null}},"type":"if","locations":[{"start":{"line":90,"column":4},"end":{"line":92,"column":null}},{"start":{},"end":{}}],"line":90},"10":{"loc":{"start":{"line":94,"column":4},"end":{"line":96,"column":null}},"type":"if","locations":[{"start":{"line":94,"column":4},"end":{"line":96,"column":null}},{"start":{},"end":{}}],"line":94},"11":{"loc":{"start":{"line":110,"column":4},"end":{"line":112,"column":null}},"type":"if","locations":[{"start":{"line":110,"column":4},"end":{"line":112,"column":null}},{"start":{},"end":{}}],"line":110},"12":{"loc":{"start":{"line":114,"column":4},"end":{"line":116,"column":null}},"type":"if","locations":[{"start":{"line":114,"column":4},"end":{"line":116,"column":null}},{"start":{},"end":{}}],"line":114},"13":{"loc":{"start":{"line":149,"column":13},"end":{"line":149,"column":null}},"type":"binary-expr","locations":[{"start":{"line":149,"column":13},"end":{"line":149,"column":53}},{"start":{"line":149,"column":53},"end":{"line":149,"column":null}}],"line":149},"14":{"loc":{"start":{"line":159,"column":4},"end":{"line":161,"column":null}},"type":"if","locations":[{"start":{"line":159,"column":4},"end":{"line":161,"column":null}},{"start":{},"end":{}}],"line":159},"15":{"loc":{"start":{"line":159,"column":8},"end":{"line":159,"column":43}},"type":"binary-expr","locations":[{"start":{"line":159,"column":8},"end":{"line":159,"column":20}},{"start":{"line":159,"column":20},"end":{"line":159,"column":43}}],"line":159},"16":{"loc":{"start":{"line":163,"column":4},"end":{"line":165,"column":null}},"type":"if","locations":[{"start":{"line":163,"column":4},"end":{"line":165,"column":null}},{"start":{},"end":{}}],"line":163},"17":{"loc":{"start":{"line":163,"column":8},"end":{"line":163,"column":47}},"type":"binary-expr","locations":[{"start":{"line":163,"column":8},"end":{"line":163,"column":22}},{"start":{"line":163,"column":22},"end":{"line":163,"column":47}}],"line":163},"18":{"loc":{"start":{"line":167,"column":4},"end":{"line":169,"column":null}},"type":"if","locations":[{"start":{"line":167,"column":4},"end":{"line":169,"column":null}},{"start":{},"end":{}}],"line":167}},"s":{"0":253,"1":4,"2":249,"3":1,"4":248,"5":248,"6":248,"7":7,"8":7,"9":1,"10":6,"11":4,"12":1,"13":5,"14":9,"15":9,"16":2,"17":7,"18":1,"19":5,"20":5,"21":0,"22":5,"23":4,"24":5,"25":1,"26":4,"27":1,"28":3,"29":2,"30":2,"31":0,"32":2,"33":1,"34":1,"35":1,"36":25,"37":22,"38":1,"39":1,"40":257,"41":257,"42":20,"43":2,"44":2,"45":0,"46":2,"47":1,"48":2,"49":0,"50":2,"51":7,"52":11,"53":10},"f":{"0":11,"1":11,"2":11,"3":11,"4":11,"5":4,"6":11,"7":1,"8":11,"9":22,"10":11,"11":1,"12":11,"13":20,"14":11,"15":11,"16":11,"17":10},"b":{"0":[4,249],"1":[253,249],"2":[1,248],"3":[1,6],"4":[4,2],"5":[6,5],"6":[1,3],"7":[2,7],"8":[0,5],"9":[1,4],"10":[1,3],"11":[0,2],"12":[1,1],"13":[20,5],"14":[0,2],"15":[2,2],"16":[1,1],"17":[2,1],"18":[0,2]},"meta":{"lastBranch":19,"lastFunction":18,"lastStatement":54,"seen":{"f:13:9:13:20":0,"b:14:4:16:Infinity:undefined:undefined:undefined:undefined":0,"s:14:4:16:Infinity":0,"b:14:8:14:17:14:17:14:37":1,"s:15:6:15:Infinity":1,"b:18:4:20:Infinity:undefined:undefined:undefined:undefined":2,"s:18:4:20:Infinity":2,"s:19:6:19:Infinity":3,"s:22:16:22:Infinity":4,"s:23:23:29:Infinity":5,"s:31:4:31:Infinity":6,"f:37:9:37:20":1,"s:38:17:38:Infinity":7,"b:39:4:41:Infinity:undefined:undefined:undefined:undefined":3,"s:39:4:41:Infinity":8,"s:40:6:40:Infinity":9,"b:44:4:48:Infinity:undefined:undefined:undefined:undefined":4,"s:44:4:48:Infinity":10,"b:44:8:44:24:44:24:44:52":5,"b:45:6:47:Infinity:undefined:undefined:undefined:undefined":6,"s:45:6:47:Infinity":11,"s:46:8:46:Infinity":12,"s:50:4:56:Infinity":13,"f:62:9:62:Infinity":2,"s:66:17:66:Infinity":14,"b:67:4:69:Infinity:undefined:undefined:undefined:undefined":7,"s:67:4:69:Infinity":15,"s:68:6:68:Infinity":16,"s:70:4:70:Infinity":17,"f:76:9:76:20":3,"s:77:4:77:Infinity":18,"f:83:9:83:26":4,"s:84:17:84:Infinity":19,"b:85:4:87:Infinity:undefined:undefined:undefined:undefined":8,"s:85:4:87:Infinity":20,"s:86:6:86:Infinity":21,"s:89:20:89:Infinity":22,"f:89:40:89:41":5,"s:89:47:89:65":23,"b:90:4:92:Infinity:undefined:undefined:undefined:undefined":9,"s:90:4:92:Infinity":24,"s:91:6:91:Infinity":25,"b:94:4:96:Infinity:undefined:undefined:undefined:undefined":10,"s:94:4:96:Infinity":26,"s:95:6:95:Infinity":27,"s:98:4:102:Infinity":28,"f:108:9:108:31":6,"s:109:17:109:Infinity":29,"b:110:4:112:Infinity:undefined:undefined:undefined:undefined":11,"s:110:4:112:Infinity":30,"s:111:6:111:Infinity":31,"b:114:4:116:Infinity:undefined:undefined:undefined:undefined":12,"s:114:4:116:Infinity":32,"s:115:6:115:Infinity":33,"s:118:4:122:Infinity":34,"f:120:41:120:42":7,"s:120:49:120:65":35,"f:128:9:128:21":8,"s:129:4:129:Infinity":36,"f:129:28:129:29":9,"s:129:35:129:50":37,"f:135:9:135:23":10,"s:136:4:136:Infinity":38,"f:136:28:136:29":11,"s:136:35:136:50":39,"f:142:9:142:Infinity":12,"s:147:24:147:Infinity":40,"s:148:4:150:Infinity":41,"f:149:6:149:7":13,"s:149:13:149:Infinity":42,"b:149:13:149:53:149:53:149:Infinity":13,"f:156:9:156:22":14,"s:157:29:157:Infinity":43,"b:159:4:161:Infinity:undefined:undefined:undefined:undefined":14,"s:159:4:161:Infinity":44,"b:159:8:159:20:159:20:159:43":15,"s:160:6:160:Infinity":45,"b:163:4:165:Infinity:undefined:undefined:undefined:undefined":16,"s:163:4:165:Infinity":46,"b:163:8:163:22:163:22:163:47":17,"s:164:6:164:Infinity":47,"b:167:4:169:Infinity:undefined:undefined:undefined:undefined":18,"s:167:4:169:Infinity":48,"s:168:6:168:Infinity":49,"s:171:4:171:Infinity":50,"f:177:9:177:39":15,"s:178:4:178:Infinity":51,"f:178:33:178:34":16,"s:178:40:178:59":52,"f:178:65:178:66":17,"s:178:72:178:76":53}}}
,"C:\\Projeto\\bound\\src\\managers\\CanvasUndoRedoManager.ts": {"path":"C:\\Projeto\\bound\\src\\managers\\CanvasUndoRedoManager.ts","statementMap":{"0":{"start":{"line":17,"column":4},"end":{"line":21,"column":null}},"1":{"start":{"line":37,"column":4},"end":{"line":39,"column":null}},"2":{"start":{"line":38,"column":6},"end":{"line":38,"column":null}},"3":{"start":{"line":41,"column":20},"end":{"line":41,"column":null}},"4":{"start":{"line":44,"column":4},"end":{"line":46,"column":null}},"5":{"start":{"line":45,"column":6},"end":{"line":45,"column":null}},"6":{"start":{"line":48,"column":4},"end":{"line":52,"column":null}},"7":{"start":{"line":59,"column":4},"end":{"line":61,"column":null}},"8":{"start":{"line":60,"column":6},"end":{"line":60,"column":null}},"9":{"start":{"line":63,"column":20},"end":{"line":63,"column":null}},"10":{"start":{"line":64,"column":23},"end":{"line":64,"column":null}},"11":{"start":{"line":65,"column":22},"end":{"line":65,"column":null}},"12":{"start":{"line":67,"column":4},"end":{"line":71,"column":null}},"13":{"start":{"line":70,"column":40},"end":{"line":70,"column":51}},"14":{"start":{"line":78,"column":4},"end":{"line":80,"column":null}},"15":{"start":{"line":79,"column":6},"end":{"line":79,"column":null}},"16":{"start":{"line":82,"column":22},"end":{"line":82,"column":null}},"17":{"start":{"line":83,"column":23},"end":{"line":83,"column":null}},"18":{"start":{"line":84,"column":20},"end":{"line":84,"column":null}},"19":{"start":{"line":86,"column":4},"end":{"line":90,"column":null}},"20":{"start":{"line":87,"column":36},"end":{"line":87,"column":47}},"21":{"start":{"line":97,"column":4},"end":{"line":97,"column":null}},"22":{"start":{"line":104,"column":4},"end":{"line":104,"column":null}},"23":{"start":{"line":111,"column":4},"end":{"line":111,"column":null}},"24":{"start":{"line":118,"column":4},"end":{"line":118,"column":null}},"25":{"start":{"line":125,"column":4},"end":{"line":125,"column":null}},"26":{"start":{"line":132,"column":4},"end":{"line":136,"column":null}},"27":{"start":{"line":146,"column":4},"end":{"line":146,"column":null}},"28":{"start":{"line":146,"column":31},"end":{"line":146,"column":null}},"29":{"start":{"line":149,"column":4},"end":{"line":149,"column":null}}},"fnMap":{"0":{"name":"(anonymous_0)","decl":{"start":{"line":16,"column":9},"end":{"line":16,"column":23}},"loc":{"start":{"line":16,"column":80},"end":{"line":22,"column":null}},"line":16},"1":{"name":"(anonymous_1)","decl":{"start":{"line":31,"column":9},"end":{"line":31,"column":null}},"loc":{"start":{"line":35,"column":19},"end":{"line":53,"column":null}},"line":35},"2":{"name":"(anonymous_2)","decl":{"start":{"line":58,"column":9},"end":{"line":58,"column":14}},"loc":{"start":{"line":58,"column":53},"end":{"line":72,"column":null}},"line":58},"3":{"name":"(anonymous_3)","decl":{"start":{"line":70,"column":28},"end":{"line":70,"column":29}},"loc":{"start":{"line":70,"column":40},"end":{"line":70,"column":51}},"line":70},"4":{"name":"(anonymous_4)","decl":{"start":{"line":77,"column":9},"end":{"line":77,"column":14}},"loc":{"start":{"line":77,"column":53},"end":{"line":91,"column":null}},"line":77},"5":{"name":"(anonymous_5)","decl":{"start":{"line":87,"column":24},"end":{"line":87,"column":25}},"loc":{"start":{"line":87,"column":36},"end":{"line":87,"column":47}},"line":87},"6":{"name":"(anonymous_6)","decl":{"start":{"line":96,"column":9},"end":{"line":96,"column":17}},"loc":{"start":{"line":96,"column":50},"end":{"line":98,"column":null}},"line":96},"7":{"name":"(anonymous_7)","decl":{"start":{"line":103,"column":9},"end":{"line":103,"column":17}},"loc":{"start":{"line":103,"column":50},"end":{"line":105,"column":null}},"line":103},"8":{"name":"(anonymous_8)","decl":{"start":{"line":110,"column":9},"end":{"line":110,"column":19}},"loc":{"start":{"line":110,"column":51},"end":{"line":112,"column":null}},"line":110},"9":{"name":"(anonymous_9)","decl":{"start":{"line":117,"column":9},"end":{"line":117,"column":19}},"loc":{"start":{"line":117,"column":51},"end":{"line":119,"column":null}},"line":117},"10":{"name":"(anonymous_10)","decl":{"start":{"line":124,"column":9},"end":{"line":124,"column":15}},"loc":{"start":{"line":124,"column":65},"end":{"line":126,"column":null}},"line":124},"11":{"name":"(anonymous_11)","decl":{"start":{"line":131,"column":9},"end":{"line":131,"column":22}},"loc":{"start":{"line":131,"column":61},"end":{"line":137,"column":null}},"line":131},"12":{"name":"(anonymous_12)","decl":{"start":{"line":142,"column":17},"end":{"line":142,"column":null}},"loc":{"start":{"line":145,"column":13},"end":{"line":150,"column":null}},"line":145}},"branchMap":{"0":{"loc":{"start":{"line":16,"column":23},"end":{"line":16,"column":80}},"type":"default-arg","locations":[{"start":{"line":16,"column":61},"end":{"line":16,"column":80}}],"line":16},"1":{"loc":{"start":{"line":34,"column":4},"end":{"line":34,"column":null}},"type":"default-arg","locations":[{"start":{"line":34,"column":22},"end":{"line":34,"column":null}}],"line":34},"2":{"loc":{"start":{"line":37,"column":4},"end":{"line":39,"column":null}},"type":"if","locations":[{"start":{"line":37,"column":4},"end":{"line":39,"column":null}},{"start":{},"end":{}}],"line":37},"3":{"loc":{"start":{"line":59,"column":4},"end":{"line":61,"column":null}},"type":"if","locations":[{"start":{"line":59,"column":4},"end":{"line":61,"column":null}},{"start":{},"end":{}}],"line":59},"4":{"loc":{"start":{"line":78,"column":4},"end":{"line":80,"column":null}},"type":"if","locations":[{"start":{"line":78,"column":4},"end":{"line":80,"column":null}},{"start":{},"end":{}}],"line":78},"5":{"loc":{"start":{"line":124,"column":15},"end":{"line":124,"column":65}},"type":"default-arg","locations":[{"start":{"line":124,"column":46},"end":{"line":124,"column":65}}],"line":124},"6":{"loc":{"start":{"line":146,"column":4},"end":{"line":146,"column":null}},"type":"if","locations":[{"start":{"line":146,"column":4},"end":{"line":146,"column":null}},{"start":{},"end":{}}],"line":146}},"s":{"0":82,"1":122,"2":1,"3":121,"4":121,"5":10,"6":121,"7":28,"8":1,"9":27,"10":27,"11":27,"12":27,"13":38,"14":12,"15":1,"16":11,"17":11,"18":11,"19":11,"20":18,"21":114,"22":116,"23":2,"24":2,"25":1,"26":1,"27":122,"28":47,"29":75},"f":{"0":3,"1":3,"2":3,"3":38,"4":3,"5":18,"6":3,"7":3,"8":3,"9":3,"10":3,"11":3,"12":3},"b":{"0":[82],"1":[122],"2":[1,121],"3":[1,27],"4":[1,11],"5":[1],"6":[47,75]},"meta":{"lastBranch":7,"lastFunction":13,"lastStatement":30,"seen":{"f:16:9:16:23":0,"b:16:61:16:80":0,"s:17:4:21:Infinity":0,"f:31:9:31:Infinity":1,"b:34:22:34:Infinity":1,"b:37:4:39:Infinity:undefined:undefined:undefined:undefined":2,"s:37:4:39:Infinity":1,"s:38:6:38:Infinity":2,"s:41:20:41:Infinity":3,"s:44:4:46:Infinity":4,"s:45:6:45:Infinity":5,"s:48:4:52:Infinity":6,"f:58:9:58:14":2,"b:59:4:61:Infinity:undefined:undefined:undefined:undefined":3,"s:59:4:61:Infinity":7,"s:60:6:60:Infinity":8,"s:63:20:63:Infinity":9,"s:64:23:64:Infinity":10,"s:65:22:65:Infinity":11,"s:67:4:71:Infinity":12,"f:70:28:70:29":3,"s:70:40:70:51":13,"f:77:9:77:14":4,"b:78:4:80:Infinity:undefined:undefined:undefined:undefined":4,"s:78:4:80:Infinity":14,"s:79:6:79:Infinity":15,"s:82:22:82:Infinity":16,"s:83:23:83:Infinity":17,"s:84:20:84:Infinity":18,"s:86:4:90:Infinity":19,"f:87:24:87:25":5,"s:87:36:87:47":20,"f:96:9:96:17":6,"s:97:4:97:Infinity":21,"f:103:9:103:17":7,"s:104:4:104:Infinity":22,"f:110:9:110:19":8,"s:111:4:111:Infinity":23,"f:117:9:117:19":9,"s:118:4:118:Infinity":24,"f:124:9:124:15":10,"b:124:46:124:65":5,"s:125:4:125:Infinity":25,"f:131:9:131:22":11,"s:132:4:136:Infinity":26,"f:142:17:142:Infinity":12,"b:146:4:146:Infinity:undefined:undefined:undefined:undefined":6,"s:146:4:146:Infinity":27,"s:146:31:146:Infinity":28,"s:149:4:149:Infinity":29}}}
,"C:\\Projeto\\bound\\src\\managers\\ContentManager.ts": {"path":"C:\\Projeto\\bound\\src\\managers\\ContentManager.ts","statementMap":{"0":{"start":{"line":17,"column":17},"end":{"line":17,"column":null}},"1":{"start":{"line":17,"column":41},"end":{"line":17,"column":56}},"2":{"start":{"line":18,"column":4},"end":{"line":20,"column":null}},"3":{"start":{"line":19,"column":6},"end":{"line":19,"column":null}},"4":{"start":{"line":22,"column":16},"end":{"line":22,"column":null}},"5":{"start":{"line":23,"column":29},"end":{"line":32,"column":null}},"6":{"start":{"line":34,"column":4},"end":{"line":34,"column":null}},"7":{"start":{"line":45,"column":20},"end":{"line":45,"column":null}},"8":{"start":{"line":46,"column":4},"end":{"line":48,"column":null}},"9":{"start":{"line":47,"column":6},"end":{"line":47,"column":null}},"10":{"start":{"line":50,"column":4},"end":{"line":57,"column":null}},"11":{"start":{"line":67,"column":20},"end":{"line":67,"column":null}},"12":{"start":{"line":68,"column":4},"end":{"line":70,"column":null}},"13":{"start":{"line":69,"column":6},"end":{"line":69,"column":null}},"14":{"start":{"line":71,"column":4},"end":{"line":71,"column":null}},"15":{"start":{"line":78,"column":20},"end":{"line":78,"column":null}},"16":{"start":{"line":79,"column":4},"end":{"line":81,"column":null}},"17":{"start":{"line":80,"column":6},"end":{"line":80,"column":null}},"18":{"start":{"line":83,"column":4},"end":{"line":88,"column":null}},"19":{"start":{"line":95,"column":20},"end":{"line":95,"column":null}},"20":{"start":{"line":96,"column":4},"end":{"line":98,"column":null}},"21":{"start":{"line":97,"column":6},"end":{"line":97,"column":null}},"22":{"start":{"line":100,"column":4},"end":{"line":102,"column":null}},"23":{"start":{"line":101,"column":6},"end":{"line":101,"column":null}},"24":{"start":{"line":104,"column":4},"end":{"line":108,"column":null}},"25":{"start":{"line":115,"column":20},"end":{"line":115,"column":null}},"26":{"start":{"line":116,"column":4},"end":{"line":118,"column":null}},"27":{"start":{"line":117,"column":6},"end":{"line":117,"column":null}},"28":{"start":{"line":120,"column":26},"end":{"line":120,"column":null}},"29":{"start":{"line":120,"column":58},"end":{"line":120,"column":75}},"30":{"start":{"line":121,"column":4},"end":{"line":123,"column":null}},"31":{"start":{"line":122,"column":6},"end":{"line":122,"column":null}},"32":{"start":{"line":125,"column":4},"end":{"line":132,"column":null}},"33":{"start":{"line":143,"column":20},"end":{"line":143,"column":null}},"34":{"start":{"line":144,"column":4},"end":{"line":146,"column":null}},"35":{"start":{"line":145,"column":6},"end":{"line":145,"column":null}},"36":{"start":{"line":148,"column":24},"end":{"line":148,"column":null}},"37":{"start":{"line":148,"column":56},"end":{"line":148,"column":72}},"38":{"start":{"line":149,"column":4},"end":{"line":151,"column":null}},"39":{"start":{"line":150,"column":6},"end":{"line":150,"column":null}},"40":{"start":{"line":153,"column":4},"end":{"line":160,"column":null}},"41":{"start":{"line":157,"column":50},"end":{"line":157,"column":66}},"42":{"start":{"line":172,"column":20},"end":{"line":172,"column":null}},"43":{"start":{"line":173,"column":4},"end":{"line":175,"column":null}},"44":{"start":{"line":174,"column":6},"end":{"line":174,"column":null}},"45":{"start":{"line":177,"column":23},"end":{"line":177,"column":null}},"46":{"start":{"line":177,"column":60},"end":{"line":177,"column":76}},"47":{"start":{"line":178,"column":4},"end":{"line":180,"column":null}},"48":{"start":{"line":179,"column":6},"end":{"line":179,"column":null}},"49":{"start":{"line":182,"column":26},"end":{"line":184,"column":null}},"50":{"start":{"line":183,"column":6},"end":{"line":183,"column":null}},"51":{"start":{"line":186,"column":4},"end":{"line":193,"column":null}},"52":{"start":{"line":204,"column":20},"end":{"line":204,"column":null}},"53":{"start":{"line":205,"column":4},"end":{"line":207,"column":null}},"54":{"start":{"line":206,"column":6},"end":{"line":206,"column":null}},"55":{"start":{"line":209,"column":29},"end":{"line":209,"column":null}},"56":{"start":{"line":209,"column":60},"end":{"line":209,"column":80}},"57":{"start":{"line":210,"column":4},"end":{"line":212,"column":null}},"58":{"start":{"line":211,"column":6},"end":{"line":211,"column":null}},"59":{"start":{"line":214,"column":4},"end":{"line":218,"column":null}},"60":{"start":{"line":229,"column":20},"end":{"line":229,"column":null}},"61":{"start":{"line":230,"column":4},"end":{"line":232,"column":null}},"62":{"start":{"line":231,"column":6},"end":{"line":231,"column":null}},"63":{"start":{"line":234,"column":27},"end":{"line":234,"column":null}},"64":{"start":{"line":234,"column":58},"end":{"line":234,"column":77}},"65":{"start":{"line":235,"column":4},"end":{"line":237,"column":null}},"66":{"start":{"line":236,"column":6},"end":{"line":236,"column":null}},"67":{"start":{"line":239,"column":4},"end":{"line":243,"column":null}},"68":{"start":{"line":241,"column":51},"end":{"line":241,"column":70}},"69":{"start":{"line":255,"column":20},"end":{"line":255,"column":null}},"70":{"start":{"line":256,"column":4},"end":{"line":258,"column":null}},"71":{"start":{"line":257,"column":6},"end":{"line":257,"column":null}},"72":{"start":{"line":260,"column":26},"end":{"line":260,"column":null}},"73":{"start":{"line":260,"column":62},"end":{"line":260,"column":81}},"74":{"start":{"line":261,"column":4},"end":{"line":263,"column":null}},"75":{"start":{"line":262,"column":6},"end":{"line":262,"column":null}},"76":{"start":{"line":265,"column":30},"end":{"line":267,"column":null}},"77":{"start":{"line":266,"column":6},"end":{"line":266,"column":null}},"78":{"start":{"line":269,"column":4},"end":{"line":273,"column":null}},"79":{"start":{"line":280,"column":4},"end":{"line":280,"column":null}},"80":{"start":{"line":280,"column":38},"end":{"line":280,"column":56}},"81":{"start":{"line":287,"column":4},"end":{"line":287,"column":null}},"82":{"start":{"line":287,"column":40},"end":{"line":287,"column":59}},"83":{"start":{"line":294,"column":29},"end":{"line":294,"column":null}},"84":{"start":{"line":296,"column":4},"end":{"line":298,"column":null}},"85":{"start":{"line":297,"column":6},"end":{"line":297,"column":null}},"86":{"start":{"line":3
[...]
,"29":{"loc":{"start":{"line":65,"column":4},"end":{"line":65,"column":null}},"type":"if","locations":[{"start":{"line":65,"column":4},"end":{"line":65,"column":null}},{"start":{},"end":{}}],"line":65},"30":{"loc":{"start":{"line":66,"column":4},"end":{"line":66,"column":null}},"type":"if","locations":[{"start":{"line":66,"column":4},"end":{"line":66,"column":null}},{"start":{},"end":{}}],"line":66},"31":{"loc":{"start":{"line":90,"column":6},"end":{"line":92,"column":null}},"type":"if","locations":[{"start":{"line":90,"column":6},"end":{"line":92,"column":null}},{"start":{},"end":{}}],"line":90},"32":{"loc":{"start":{"line":116,"column":6},"end":{"line":120,"column":null}},"type":"if","locations":[{"start":{"line":116,"column":6},"end":{"line":120,"column":null}},{"start":{"line":118,"column":13},"end":{"line":120,"column":null}}],"line":116},"33":{"loc":{"start":{"line":143,"column":14},"end":{"line":143,"column":null}},"type":"binary-expr","locations":[{"start":{"line":143,"column":14},"end":{"line":143,"column":34}},{"start":{"line":143,"column":34},"end":{"line":143,"column":null}}],"line":143},"34":{"loc":{"start":{"line":144,"column":16},"end":{"line":144,"column":null}},"type":"binary-expr","locations":[{"start":{"line":144,"column":16},"end":{"line":144,"column":38}},{"start":{"line":144,"column":38},"end":{"line":144,"column":null}}],"line":144},"35":{"loc":{"start":{"line":145,"column":21},"end":{"line":145,"column":null}},"type":"binary-expr","locations":[{"start":{"line":145,"column":21},"end":{"line":145,"column":48}},{"start":{"line":145,"column":48},"end":{"line":145,"column":null}}],"line":145},"36":{"loc":{"start":{"line":146,"column":17},"end":{"line":146,"column":null}},"type":"binary-expr","locations":[{"start":{"line":146,"column":17},"end":{"line":146,"column":40}},{"start":{"line":146,"column":40},"end":{"line":146,"column":null}}],"line":146},"37":{"loc":{"start":{"line":150,"column":14},"end":{"line":150,"column":null}},"type":"cond-expr","locations":[{"start":{"line":150,"column":29},"end":{"line":150,"column":49}},{"start":{"line":150,"column":49},"end":{"line":150,"column":null}}],"line":150},"38":{"loc":{"start":{"line":171,"column":6},"end":{"line":176,"column":null}},"type":"if","locations":[{"start":{"line":171,"column":6},"end":{"line":176,"column":null}},{"start":{},"end":{}}],"line":171},"39":{"loc":{"start":{"line":173,"column":8},"end":{"line":175,"column":null}},"type":"if","locations":[{"start":{"line":173,"column":8},"end":{"line":175,"column":null}},{"start":{},"end":{}}],"line":173}},"s":{"0":7,"1":1,"2":6,"3":6,"4":6,"5":0,"6":6,"7":6,"8":6,"9":0,"10":6,"11":6,"12":0,"13":6,"14":0,"15":6,"16":0,"17":6,"18":0,"19":6,"20":1,"21":15,"22":4,"23":11,"24":11,"25":3,"26":8,"27":1,"28":7,"29":1,"30":6,"31":0,"32":6,"33":0,"34":6,"35":0,"36":6,"37":0,"38":6,"39":0,"40":0,"41":0,"42":0,"43":0,"44":6,"45":2,"46":5,"47":5,"48":5,"49":1,"50":3,"51":1,"52":4,"53":1,"54":1,"55":1,"56":3,"57":2,"58":1,"59":1,"60":1,"61":1,"62":3,"63":2,"64":3,"65":2,"66":3,"67":2,"68":3,"69":2,"70":3,"71":2,"72":3,"73":3,"74":2,"75":1,"76":1,"77":1,"78":3},"f":{"0":7,"1":6,"2":6,"3":15,"4":0,"5":1,"6":1,"7":1,"8":1,"9":1,"10":1,"11":1,"12":2,"13":2,"14":2,"15":2,"16":2},"b":{"0":[1,6],"1":[7,6],"2":[6,6],"3":[0,6],"4":[6,6],"5":[6,6],"6":[0,6],"7":[6,6],"8":[0,6],"9":[6,5],"10":[0,6],"11":[6,5],"12":[0,6],"13":[6,5],"14":[0,6],"15":[6,5],"16":[4,11],"17":[15,13],"18":[3,8],"19":[11,9],"20":[1,7],"21":[8,8],"22":[1,6],"23":[0,6],"24":[0,6],"25":[0,6],"26":[0,6],"27":[6,0],"28":[0,6],"29":[0,0],"30":[0,0],"31":[1,4],"32":[2,1],"33":[1,1],"34":[1,1],"35":[1,1],"36":[1,1],"37":[0,1],"38":[1,1],"39":[1,0]},"meta":{"lastBranch":40,"lastFunction":17,"lastStatement":79,"seen":{"f:12:9:12:20":0,"b:13:2:13:Infinity:undefined:undefined:undefined:undefined":0,"s:13:2:13:Infinity":0,"b:13:6:13:33:13:33:13:47":1,"s:13:47:13:Infinity":1,"s:14:14:14:Infinity":2,"s:15:2:15:Infinity":3,"b:15:9:15:38:15:38:15:Infinity":2,"f:21:9:21:21":1,"b:22:2:22:Infinity:undefined:undefined:undefined:undefined":3,"s:22:2:22:Infinity":4,"b:22:6:22:33:22:33:22:47":4,"s:22:47:22:Infinity":5,"s:23:14:23:Infinity":6,"s:24:2:24:Infinity":7,"b:24:9:24:42:24:42:24:Infinity":5,"f:30:9:30:22":2,"b:31:2:31:Infinity:undefined:undefined:undefined:undefined":6,"s:31:2:31:Infinity":8,"b:31:6:31:33:31:33:31:47":7,"s:31:47:31:Infinity":9,"s:32:16:32:Infinity":10,"b:34:2:34:Infinity:undefined:undefined:undefined:undefined":8,"s:34:2:34:Infinity":11,"b:34:6:34:34:34:34:34:66":9,"s:34:66:34:Infinity":12,"b:35:2:35:Infinity:undefined:undefined:undefined:undefined":10,"s:35:2:35:Infinity":13,"b:35:6:35:36:35:36:35:70":11,"s:35:70:35:Infinity":14,"b:36:2:36:Infinity:undefined:undefined:undefined:undefined":12,"s:36:2:36:Infinity":15,"b:36:6:36:41:36:41:36:80":13,"s:36:80:36:Infinity":16,"b:37:2:37:Infinity:undefined:undefined:undefined:undefined":14,"s:37:2:37:Infinity":17,"b:37:6:37:37:37:37:37:72":15,"s:37:72:37:Infinity":18,"s:38:2:38:Infinity":19,"s:44:26:44:Infinity":20,"f:49:16:49:24":3,"b:50:2:50:Infinity:undefined:undefined:undefined:undefined":16,"s:50:2:50:Infinity":21,"b:50:6:50:33:50:33:50:47":17,"s:50:47:50:Infinity":22,"s:52:16:52:Infinity":23,"b:55:2:55:Infinity:undefined:undefined:undefined:undefined":18,"s:55:2:55:Infinity":24,"b:55:6:55:38:55:38:55:61":19,"s:55:61:55:Infinity":25,"b:56:2:56:Infinity:undefined:undefined:undefined:undefined":20,"s:56:2:56:Infinity":26,"b:56:6:56:40:56:40:56:89":21,"s:56:89:56:Infinity":27,"b:57:2:57:Infinity:undefined:undefined:undefined:undefined":22,"s:57:2:57:Infinity":28,"s:57:35:57:Infinity":29,"b:58:2:58:Infinity:undefined:undefined:undefined:undefined":23,"s:58:2:58:Infinity":30,"s:58:37:58:Infinity":31,"b:59:2:59:Infinity:undefined:undefined:undefined:undefined":24,"s:59:2:59:Infinity":32,"s:59:34:59:Infinity":33,"b:60:2:60:Infinity:undefined:undefined:undefined:undefined":25,"s:60:2:60:Infinity":34,"s:60:43:60:Infinity":35,"b:63:2:63:Infinity:undefined:undefined:undefined:undefined":26,"s:63:2:63:Infinity":36,"b:63:6:63:34:63:34:63:66":27,"s:63:66:63:Infinity":37,"b:64:2:67:Infinity:undefined:undefined:undefined:undefined":28,"s:64:2:67:Infinity":38,"b:65:4:65:Infinity:undefined:undefined:undefined:undefined":29,"s:65:4:65:Infinity":39,"s:65:38:65:Infinity":40,"b:66:4:66:Infinity:undefined:undefined:undefined:undefined":30,"s:66:4:66:Infinity":41,"f:66:28:66:29":4,"s:66:35:66:56":42,"s:66:59:66:Infinity":43,"s:69:2:69:Infinity":44,"f:79:9:79:16":5,"s:80:4:80:Infinity":45,"f:87:9:87:16":6,"s:88:4:96:Infinity":46,"s:89:21:89:Infinity":47,"b:90:6:92:Infinity:undefined:undefined:undefined:undefined":31,"s:90:6:92:Infinity":48,"s:91:8:91:Infinity":49,"s:93:6:93:Infinity":50,"s:95:6:95:Infinity":51,"f:102:9:102:18":7,"s:103:4:103:Infinity":52,"f:109:9:109:Infinity":8,"s:112:27:112:Infinity":53,"s:113:31:113:Infinity":54,"s:115:4:121:Infinity":55,"b:116:6:120:Infinity:118:13:120:Infinity":32,"s:116:6:120:Infinity":56,"s:117:8:117:Infinity":57,"s:119:8:119:Infinity":58,"s:123:4:123:Infinity":59,"f:129:9:129:21":9,"s:130:4:130:Infinity":60,"f:136:9:136:18":10,"s:137:4:152:Infinity":61,"b:143:14:143:34:143:34:143:Infinity":33,"b:144:16:144:38:144:38:144:Infinity":34,"b:145:21:145:48:145:48:145:Infinity":35,"b:146:17:146:40:146:40:146:Infinity":36,"b:150:29:150:49:150:49:150:Infinity":37,"f:158:9:158:Infinity":11,"s:162:22:162:Infinity":62,"f:162:41:162:42":12,"s:162:48:162:52":63,"s:163:21:163:Infinity":64,"f:163:39:163:40":13,"s:163:46:163:50":65,"s:164:22:164:Infinity":66,"f:164:41:164:42":14,"s:164:48:164:57":67,"s:166:18:166:Infinity":68,"f:166:31:166:32":15,"s:166:38:166:58":69,"s:167:20:167:Infinity":70,"f:167:34:167:35":16,"s:167:41:167:60":71,"s:168:30:168:Infinity":72,"s:170:4:177:Infinity":73,"b:171:6:176:Infinity:undefined:undefined:undefined:undefined":38,"s:171:6:176:Infinity":74,"s:172:25:172:Infinity":75,"b:173:8:175:Infinity:undefined:undefined:undefined:undefined":39,"s:173:8:175:Infinity":76,"s:174:10:174:Infinity":77,"s:179:4:179:Infinity":78}}}
,"C:\\Projeto\\bound\\src\\utils\\graph\\edgeFactory.ts": {"path":"C:\\Projeto\\bound\\src\\utils\\graph\\edgeFactory.ts","statementMap":{"0":{"start":{"line":16,"column":4},"end":{"line":24,"column":null}},"1":{"start":{"line":31,"column":4},"end":{"line":31,"column":null}},"2":{"start":{"line":31,"column":31},"end":{"line":31,"column":59}},"3":{"start":{"line":41,"column":4},"end":{"line":44,"column":null}},"4":{"start":{"line":43,"column":8},"end":{"line":43,"column":null}},"5":{"start":{"line":51,"column":4},"end":{"line":53,"column":null}},"6":{"start":{"line":52,"column":16},"end":{"line":52,"column":null}},"7":{"start":{"line":60,"column":4},"end":{"line":60,"column":null}},"8":{"start":{"line":60,"column":34},"end":{"line":60,"column":61}},"9":{"start":{"line":67,"column":4},"end":{"line":67,"column":null}},"10":{"start":{"line":67,"column":34},"end":{"line":67,"column":61}}},"fnMap":{"0":{"name":"(anonymous_0)","decl":{"start":{"line":15,"column":9},"end":{"line":15,"column":20}},"loc":{"start":{"line":15,"column":47},"end":{"line":25,"column":null}},"line":15},"1":{"name":"(anonymous_1)","decl":{"start":{"line":30,"column":9},"end":{"line":30,"column":21}},"loc":{"start":{"line":30,"column":53},"end":{"line":32,"column":null}},"line":30},"2":{"name":"(anonymous_2)","decl":{"start":{"line":31,"column":21},"end":{"line":31,"column":22}},"loc":{"start":{"line":31,"column":31},"end":{"line":31,"column":59}},"line":31},"3":{"name":"(anonymous_3)","decl":{"start":{"line":37,"column":9},"end":{"line":37,"column":null}},"loc":{"start":{"line":40,"column":21},"end":{"line":45,"column":null}},"line":40},"4":{"name":"(anonymous_4)","decl":{"start":{"line":42,"column":6},"end":{"line":42,"column":7}},"loc":{"start":{"line":43,"column":8},"end":{"line":43,"column":null}},"line":43},"5":{"name":"(anonymous_5)","decl":{"start":{"line":50,"column":9},"end":{"line":50,"column":27}},"loc":{"start":{"line":50,"column":84},"end":{"line":54,"column":null}},"line":50},"6":{"name":"(anonymous_6)","decl":{"start":{"line":52,"column":6},"end":{"line":52,"column":7}},"loc":{"start":{"line":52,"column":16},"end":{"line":52,"column":null}},"line":52},"7":{"name":"(anonymous_7)","decl":{"start":{"line":59,"column":9},"end":{"line":59,"column":26}},"loc":{"start":{"line":59,"column":83},"end":{"line":61,"column":null}},"line":59},"8":{"name":"(anonymous_8)","decl":{"start":{"line":60,"column":24},"end":{"line":60,"column":25}},"loc":{"start":{"line":60,"column":34},"end":{"line":60,"column":61}},"line":60},"9":{"name":"(anonymous_9)","decl":{"start":{"line":66,"column":9},"end":{"line":66,"column":26}},"loc":{"start":{"line":66,"column":83},"end":{"line":68,"column":null}},"line":66},"10":{"name":"(anonymous_10)","decl":{"start":{"line":67,"column":24},"end":{"line":67,"column":25}},"loc":{"start":{"line":67,"column":34},"end":{"line":67,"column":61}},"line":67}},"branchMap":{"0":{"loc":{"start":{"line":43,"column":8},"end":{"line":43,"column":null}},"type":"binary-expr","locations":[{"start":{"line":43,"column":8},"end":{"line":43,"column":41}},{"start":{"line":43,"column":41},"end":{"line":43,"column":null}}],"line":43},"1":{"loc":{"start":{"line":52,"column":16},"end":{"line":52,"column":null}},"type":"binary-expr","locations":[{"start":{"line":52,"column":16},"end":{"line":52,"column":47}},{"start":{"line":52,"column":47},"end":{"line":52,"column":null}}],"line":52}},"s":{"0":47,"1":76,"2":45,"3":5,"4":7,"5":2,"6":4,"7":2,"8":4,"9":2,"10":4},"f":{"0":9,"1":9,"2":45,"3":9,"4":7,"5":9,"6":4,"7":9,"8":4,"9":9,"10":4},"b":{"0":[7,5],"1":[4,3]},"meta":{"lastBranch":2,"lastFunction":11,"lastStatement":11,"seen":{"f:15:9:15:20":0,"s:16:4:24:Infinity":0,"f:30:9:30:21":1,"s:31:4:31:Infinity":1,"f:31:21:31:22":2,"s:31:31:31:59":2,"f:37:9:37:Infinity":3,"s:41:4:44:Infinity":3,"f:42:6:42:7":4,"s:43:8:43:Infinity":4,"b:43:8:43:41:43:41:43:Infinity":0,"f:50:9:50:27":5,"s:51:4:53:Infinity":5,"f:52:6:52:7":6,"s:52:16:52:Infinity":6,"b:52:16:52:47:52:47:52:Infinity":1,"f:59:9:59:26":7,"s:60:4:60:Infinity":7,"f:60:24:60:25":8,"s:60:34:60:61":8,"f:66:9:66:26":9,"s:67:4:67:Infinity":9,"f:67:24:67:25":10,"s:67:34:67:61":10}}}
,"C:\\Projeto\\bound\\src\\utils\\graph\\nodeFactory.ts": {"path":"C:\\Projeto\\bound\\src\\utils\\graph\\nodeFactory.ts","statementMap":{"0":{"start":{"line":19,"column":18},"end":{"line":21,"column":null}},"1":{"start":{"line":23,"column":4},"end":{"line":34,"column":null}},"2":{"start":{"line":41,"column":4},"end":{"line":44,"column":null}},"3":{"start":{"line":51,"column":4},"end":{"line":51,"column":null}},"4":{"start":{"line":51,"column":37},"end":{"line":51,"column":75}},"5":{"start":{"line":61,"column":4},"end":{"line":64,"column":null}},"6":{"start":{"line":71,"column":18},"end":{"line":71,"column":null}},"7":{"start":{"line":72,"column":4},"end":{"line":80,"column":null}}},"fnMap":{"0":{"name":"(anonymous_0)","decl":{"start":{"line":18,"column":9},"end":{"line":18,"column":20}},"loc":{"start":{"line":18,"column":69},"end":{"line":35,"column":null}},"line":18},"1":{"name":"(anonymous_1)","decl":{"start":{"line":40,"column":9},"end":{"line":40,"column":52}},"loc":{"start":{"line":40,"column":52},"end":{"line":45,"column":null}},"line":40},"2":{"name":"(anonymous_2)","decl":{"start":{"line":50,"column":9},"end":{"line":50,"column":21}},"loc":{"start":{"line":50,"column":75},"end":{"line":52,"column":null}},"line":50},"3":{"name":"(anonymous_3)","decl":{"start":{"line":51,"column":24},"end":{"line":51,"column":25}},"loc":{"start":{"line":51,"column":37},"end":{"line":51,"column":75}},"line":51},"4":{"name":"(anonymous_4)","decl":{"start":{"line":57,"column":9},"end":{"line":57,"column":null}},"loc":{"start":{"line":60,"column":19},"end":{"line":65,"column":null}},"line":60},"5":{"name":"(anonymous_5)","decl":{"start":{"line":70,"column":9},"end":{"line":70,"column":25}},"loc":{"start":{"line":70,"column":92},"end":{"line":81,"column":null}},"line":70}},"branchMap":{"0":{"loc":{"start":{"line":19,"column":18},"end":{"line":21,"column":null}},"type":"cond-expr","locations":[{"start":{"line":20,"column":8},"end":{"line":20,"column":null}},{"start":{"line":21,"column":8},"end":{"line":21,"column":null}}],"line":19},"1":{"loc":{"start":{"line":31,"column":15},"end":{"line":31,"column":null}},"type":"binary-expr","locations":[{"start":{"line":31,"column":15},"end":{"line":31,"column":24}},{"start":{"line":31,"column":24},"end":{"line":31,"column":null}}],"line":31},"2":{"loc":{"start":{"line":33,"column":16},"end":{"line":33,"column":null}},"type":"binary-expr","locations":[{"start":{"line":33,"column":16},"end":{"line":33,"column":40}},{"start":{"line":33,"column":40},"end":{"line":33,"column":null}}],"line":33},"3":{"loc":{"start":{"line":71,"column":18},"end":{"line":71,"column":null}},"type":"cond-expr","locations":[{"start":{"line":71,"column":26},"end":{"line":71,"column":48}},{"start":{"line":71,"column":48},"end":{"line":71,"column":null}}],"line":71}},"s":{"0":138,"1":138,"2":141,"3":67,"4":128,"5":2,"6":3,"7":3},"f":{"0":9,"1":9,"2":9,"3":128,"4":9,"5":9},"b":{"0":[2,136],"1":[138,135],"2":[138,130],"3":[1,2]},"meta":{"lastBranch":4,"lastFunction":6,"lastStatement":8,"seen":{"f:18:9:18:20":0,"s:19:18:21:Infinity":0,"b:20:8:20:Infinity:21:8:21:Infinity":0,"s:23:4:34:Infinity":1,"b:31:15:31:24:31:24:31:Infinity":1,"b:33:16:33:40:33:40:33:Infinity":2,"f:40:9:40:52":1,"s:41:4:44:Infinity":2,"f:50:9:50:21":2,"s:51:4:51:Infinity":3,"f:51:24:51:25":3,"s:51:37:51:75":4,"f:57:9:57:Infinity":4,"s:61:4:64:Infinity":5,"f:70:9:70:25":5,"s:71:18:71:Infinity":6,"b:71:26:71:48:71:48:71:Infinity":3,"s:72:4:80:Infinity":7}}}
,"C:\\Projeto\\bound\\src\\utils\\validation\\boundValidator.ts": {"path":"C:\\Projeto\\bound\\src\\utils\\validation\\boundValidator.ts","statementMap":{"0":{"start":{"line":8,"column":2},"end":{"line":8,"column":null}},"1":{"start":{"line":8,"column":47},"end":{"line":8,"column":null}},"2":{"start":{"line":9,"column":12},"end":{"line":9,"column":null}},"3":{"start":{"line":10,"column":2},"end":{"line":15,"column":null}},"4":{"start":{"line":20,"column":27},"end":{"line":20,"column":null}},"5":{"start":{"line":21,"column":2},"end":{"line":21,"column":null}},"6":{"start":{"line":21,"column":26},"end":{"line":21,"column":null}},"7":{"start":{"line":22,"column":2},"end":{"line":22,"column":null}},"8":{"start":{"line":22,"column":35},"end":{"line":22,"column":null}},"9":{"start":{"line":23,"column":2},"end":{"line":23,"column":null}},"10":{"start":{"line":23,"column":43},"end":{"line":23,"column":null}},"11":{"start":{"line":24,"column":2},"end":{"line":24,"column":null}},"12":{"start":{"line":24,"column":30},"end":{"line":24,"column":null}},"13":{"start":{"line":25,"column":2},"end":{"line":25,"column":null}}},"fnMap":{"0":{"name":"isBoundFile","decl":{"start":{"line":7,"column":16},"end":{"line":7,"column":28}},"loc":{"start":{"line":7,"column":60},"end":{"line":17,"column":null}},"line":7},"1":{"name":"validateBoundFile","decl":{"start":{"line":19,"column":16},"end":{"line":19,"column":34}},"loc":{"start":{"line":19,"column":61},"end":{"line":26,"column":null}},"line":19}},"branchMap":{"0":{"loc":{"start":{"line":8,"column":2},"end":{"line":8,"column":null}},"type":"if","locations":[{"start":{"line":8,"column":2},"end":{"line":8,"column":null}},{"start":{},"end":{}}],"line":8},"1":{"loc":{"start":{"line":8,"column":6},"end":{"line":8,"column":47}},"type":"binary-expr","locations":[{"start":{"line":8,"column":6},"end":{"line":8,"column":33}},{"start":{"line":8,"column":33},"end":{"line":8,"column":47}}],"line":8},"2":{"loc":{"start":{"line":11,"column":4},"end":{"line":15,"column":null}},"type":"binary-expr","locations":[{"start":{"line":11,"column":4},"end":{"line":11,"column":null}},{"start":{"line":12,"column":4},"end":{"line":12,"column":null}},{"start":{"line":13,"column":4},"end":{"line":13,"column":null}},{"start":{"line":14,"column":4},"end":{"line":14,"column":null}},{"start":{"line":15,"column":5},"end":{"line":15,"column":38}},{"start":{"line":15,"column":38},"end":{"line":15,"column":null}}],"line":11},"3":{"loc":{"start":{"line":21,"column":2},"end":{"line":21,"column":null}},"type":"if","locations":[{"start":{"line":21,"column":2},"end":{"line":21,"column":null}},{"start":{},"end":{}}],"line":21},"4":{"loc":{"start":{"line":22,"column":2},"end":{"line":22,"column":null}},"type":"if","locations":[{"start":{"line":22,"column":2},"end":{"line":22,"column":null}},{"start":{},"end":{}}],"line":22},"5":{"loc":{"start":{"line":23,"column":2},"end":{"line":23,"column":null}},"type":"if","locations":[{"start":{"line":23,"column":2},"end":{"line":23,"column":null}},{"start":{},"end":{}}],"line":23},"6":{"loc":{"start":{"line":24,"column":2},"end":{"line":24,"column":null}},"type":"if","locations":[{"start":{"line":24,"column":2},"end":{"line":24,"column":null}},{"start":{},"end":{}}],"line":24}},"s":{"0":10,"1":3,"2":7,"3":7,"4":7,"5":7,"6":2,"7":7,"8":1,"9":7,"10":1,"11":7,"12":1,"13":7},"f":{"0":10,"1":7},"b":{"0":[3,7],"1":[10,8],"2":[7,6,6,6,6,5],"3":[2,5],"4":[1,6],"5":[1,6],"6":[1,6]},"meta":{"lastBranch":7,"lastFunction":2,"lastStatement":14,"seen":{"f:7:16:7:28":0,"b:8:2:8:Infinity:undefined:undefined:undefined:undefined":0,"s:8:2:8:Infinity":0,"b:8:6:8:33:8:33:8:47":1,"s:8:47:8:Infinity":1,"s:9:12:9:Infinity":2,"s:10:2:15:Infinity":3,"b:11:4:11:Infinity:12:4:12:Infinity:13:4:13:Infinity:14:4:14:Infinity:15:5:15:38:15:38:15:Infinity":2,"f:19:16:19:34":1,"s:20:27:20:Infinity":4,"b:21:2:21:Infinity:undefined:undefined:undefined:undefined":3,"s:21:2:21:Infinity":5,"s:21:26:21:Infinity":6,"b:22:2:22:Infinity:undefined:undefined:undefined:undefined":4,"s:22:2:22:Infinity":7,"s:22:35:22:Infinity":8,"b:23:2:23:Infinity:undefined:undefined:undefined:undefined":5,"s:23:2:23:Infinity":9,"s:23:43:23:Infinity":10,"b:24:2:24:Infinity:undefined:undefined:undefined:undefined":6,"s:24:2:24:Infinity":11,"s:24:30:24:Infinity":12,"s:25:2:25:Infinity":13}}}
}
